Log file open, 09/02/18 16:07:25
LogWindows: Failed to load 'aqProf.dll' (GetLastError=126)
LogWindows: File 'aqProf.dll' does not exist
LogWindows: Failed to load 'VSPerf140.dll' (GetLastError=126)
LogWindows: File 'VSPerf140.dll' does not exist
LogWindows: Failed to load 'VtuneApi.dll' (GetLastError=126)
LogWindows: File 'VtuneApi.dll' does not exist
LogWindows: Failed to load 'VtuneApi32e.dll' (GetLastError=126)
LogWindows: File 'VtuneApi32e.dll' does not exist
LogInit: Display: Running engine for game: speed_limit
LogPlatformFile: Not using cached read wrapper
LogTaskGraph: Started task graph with 5 named threads and 23 total threads with 3 sets of task threads.
LogStats: Stats thread started at 0.306269
LogD3D11RHI: Loaded GFSDK_Aftermath_Lib.x64.dll
LogICUInternationalization: Display: ICU TimeZone Detection - Raw Offset: +1:00, Platform Override: ''
LogPluginManager: Mounting plugin Paper2D
LogPluginManager: Mounting plugin AISupport
LogPluginManager: Mounting plugin LightPropagationVolume
LogPluginManager: Mounting plugin CLionSourceCodeAccess
LogPluginManager: Mounting plugin CodeLiteSourceCodeAccess
LogPluginManager: Mounting plugin GitSourceControl
LogPluginManager: Mounting plugin KDevelopSourceCodeAccess
LogPluginManager: Mounting plugin NullSourceCodeAccess
LogPluginManager: Mounting plugin PerforceSourceControl
LogPluginManager: Mounting plugin SubversionSourceControl
LogPluginManager: Mounting plugin UObjectPlugin
LogPluginManager: Mounting plugin VisualStudioCodeSourceCodeAccess
LogPluginManager: Mounting plugin VisualStudioSourceCodeAccess
LogPluginManager: Mounting plugin XCodeSourceCodeAccess
LogPluginManager: Mounting plugin AssetManagerEditor
LogPluginManager: Mounting plugin CryptoKeys
LogPluginManager: Mounting plugin DataValidation
LogPluginManager: Mounting plugin FacialAnimation
LogPluginManager: Mounting plugin GameplayTagsEditor
LogPluginManager: Mounting plugin MacGraphicsSwitching
LogPluginManager: Mounting plugin MeshEditor
LogPluginManager: Mounting plugin MobileLauncherProfileWizard
LogPluginManager: Mounting plugin PluginBrowser
LogPluginManager: Mounting plugin SpeedTreeImporter
LogPluginManager: Mounting plugin DatasmithContent
LogPluginManager: Mounting plugin AlembicImporter
LogPluginManager: Mounting plugin AppleImageUtils
LogPluginManager: Mounting plugin AppleVision
LogPluginManager: Mounting plugin BackChannel
LogPluginManager: Mounting plugin CharacterAI
LogPluginManager: Mounting plugin GeometryCache
LogPluginManager: Mounting plugin HTML5Networking
LogPluginManager: Mounting plugin ProxyLODPlugin
LogPluginManager: Mounting plugin RawInput
LogPluginManager: Mounting plugin MagicLeap
LogPluginManager: Mounting plugin MagicLeapEmulator
LogPluginManager: Mounting plugin MagicLeapMedia
LogPluginManager: Mounting plugin AndroidMedia
LogPluginManager: Mounting plugin AvfMedia
LogPluginManager: Mounting plugin ImgMedia
LogPluginManager: Mounting plugin LinearTimecode
LogPluginManager: Mounting plugin MediaCompositing
LogPluginManager: Mounting plugin MediaPlayerEditor
LogPluginManager: Mounting plugin WmfMedia
LogPluginManager: Mounting plugin TcpMessaging
LogPluginManager: Mounting plugin UdpMessaging
LogPluginManager: Mounting plugin ActorSequence
LogPluginManager: Mounting plugin LevelSequenceEditor
LogPluginManager: Mounting plugin MatineeToLevelSequence
LogPluginManager: Mounting plugin NetcodeUnitTest
LogPluginManager: Mounting plugin NUTUnrealEngine4
LogPluginManager: Mounting plugin OnlineSubsystemGooglePlay
LogPluginManager: Mounting plugin OnlineSubsystemIOS
LogPluginManager: Mounting plugin OnlineSubsystem
LogPluginManager: Mounting plugin OnlineSubsystemNull
LogPluginManager: Mounting plugin OnlineSubsystemUtils
LogPluginManager: Mounting plugin LauncherChunkInstaller
LogPluginManager: Mounting plugin AndroidDeviceProfileSelector
LogPluginManager: Mounting plugin AndroidMoviePlayer
LogPluginManager: Mounting plugin AndroidPermission
LogPluginManager: Mounting plugin AppleMoviePlayer
LogPluginManager: Mounting plugin ArchVisCharacter
LogPluginManager: Mounting plugin AudioCapture
LogPluginManager: Mounting plugin CableComponent
LogPluginManager: Mounting plugin CustomMeshComponent
LogPluginManager: Mounting plugin EditableMesh
LogPluginManager: Mounting plugin ExampleDeviceProfileSelector
LogPluginManager: Mounting plugin GoogleCloudMessaging
LogPluginManager: Mounting plugin ImmediatePhysics
LogPluginManager: Mounting plugin IOSDeviceProfileSelector
LogPluginManager: Mounting plugin LinuxDeviceProfileSelector
LogPluginManager: Mounting plugin LocationServicesBPLibrary
LogPluginManager: Mounting plugin MobilePatchingUtils
LogPluginManager: Mounting plugin OculusVR
LogPluginManager: Plugin shader directory ../../../Engine/Plugins/Runtime/Oculus/OculusVR/Shaders found
LogPluginManager: Mapping shader source directory ../../../Engine/Plugins/Runtime/Oculus/OculusVR/Shaders to virtual directory /Plugin/OculusVR
LogPluginManager: Mounting plugin PhysXVehicles
LogPluginManager: Mounting plugin ProceduralMeshComponent
LogPluginManager: Mounting plugin RuntimePhysXCooking
LogPluginManager: Mounting plugin SteamVR
LogPluginManager: Mounting plugin WindowsMoviePlayer
LogStreaming: Display: Took  0.111s to configure plugins.
LogInit: Using libcurl 7.55.1-DEV
LogInit:  - built for x86_64-pc-win32
LogInit:  - supports SSL with OpenSSL/1.0.2h
LogInit:  - supports HTTP deflate (compression) using libz 1.2.8
LogInit:  - other features:
LogInit:      CURL_VERSION_SSL
LogInit:      CURL_VERSION_LIBZ
LogInit:      CURL_VERSION_IPV6
LogInit:      CURL_VERSION_ASYNCHDNS
LogInit:      CURL_VERSION_LARGEFILE
LogInit:      CURL_VERSION_IDN
LogInit:  CurlRequestOptions (configurable via config and command line):
LogInit:  - bVerifyPeer = false  - Libcurl will NOT verify peer certificate
LogInit:  - bUseHttpProxy = false  - Libcurl will NOT use HTTP proxy
LogInit:  - bDontReuseConnections = false  - Libcurl will reuse connections
LogInit:  - CertBundlePath = nullptr  - Libcurl will use whatever was configured at build time.
LogInit:  - MaxHostConnections = 16  - Libcurl will limit the number of connections to a host
LogInit:  - LocalHostAddr = Default
LogInit:  - BufferSize = 65536
LogInit: WinSock: version 1.1 (2.2), MaxSocks=32767, MaxUdp=65467
LogInit: Build: ++UE4+Release-4.20-CL-4302132
LogInit: Engine Version: 4.20.2-4302132+++UE4+Release-4.20
LogInit: Compatible Engine Version: 4.20.0-4212847+++UE4+Release-4.20
LogInit: Net CL: 4212847
LogInit: OS: Windows 10 (), CPU: Intel(R) Core(TM) i7-6700HQ CPU @ 2.60GHz, GPU: Intel(R) HD Graphics 530
LogInit: Compiled (64-bit): Aug 21 2018 02:06:06
LogInit: Compiled with Visual C++: 19.13.26129.00
LogInit: Build Configuration: Development
LogInit: Branch Name: ++UE4+Release-4.20
LogInit: Command Line:  
LogInit: Base Directory: D:/UE4/UE_4.20/Engine/Binaries/Win64/
LogInit: Installed Engine Build: 1
LogDevObjectVersion: Number of dev versions registered: 20
LogDevObjectVersion:   Dev-Blueprints (B0D832E4-1F89-4F0D-ACCF-7EB736FD4AA2): 10
LogDevObjectVersion:   Dev-Build (E1C64328-A22C-4D53-A36C-8E866417BD8C): 0
LogDevObjectVersion:   Dev-Core (375EC13C-06E4-48FB-B500-84F0262A717E): 2
LogDevObjectVersion:   Dev-Editor (E4B068ED-F494-42E9-A231-DA0B2E46BB41): 24
LogDevObjectVersion:   Dev-Framework (CFFC743F-43B0-4480-9391-14DF171D2073): 34
LogDevObjectVersion:   Dev-Mobile (B02B49B5-BB20-44E9-A304-32B752E40360): 2
LogDevObjectVersion:   Dev-Networking (A4E4105C-59A1-49B5-A7C5-40C4547EDFEE): 0
LogDevObjectVersion:   Dev-Online (39C831C9-5AE6-47DC-9A44-9C173E1C8E7C): 0
LogDevObjectVersion:   Dev-Physics (78F01B33-EBEA-4F98-B9B4-84EACCB95AA2): 0
LogDevObjectVersion:   Dev-Platform (6631380F-2D4D-43E0-8009-CF276956A95A): 0
LogDevObjectVersion:   Dev-Rendering (12F88B9F-8875-4AFC-A67C-D90C383ABD29): 26
LogDevObjectVersion:   Dev-Sequencer (7B5AE74C-D270-4C10-A958-57980B212A5A): 9
LogDevObjectVersion:   Dev-VR (D7296918-1DD6-4BDD-9DE2-64A83CC13884): 2
LogDevObjectVersion:   Dev-LoadTimes (C2A15278-BFE7-4AFE-6C17-90FF531DF755): 1
LogDevObjectVersion:   Private-Geometry (6EACA3D4-40EC-4CC1-B786-8BED09428FC5): 3
LogDevObjectVersion:   Dev-AnimPhys (29E575DD-E0A3-4627-9D10-D276232CDCEA): 17
LogDevObjectVersion:   Dev-ReflectionCapture (6B266CEC-1EC7-4B8F-A30B-E4D90942FC07): 1
LogDevObjectVersion:   Dev-Automation (0DF73D61-A23F-47EA-B727-89E90C41499A): 1
LogDevObjectVersion:   FortniteMain (601D1886-AC64-4F84-AA16-D3DE0DEAC7D6): 12
LogDevObjectVersion:   Dev-Enterprise (9DFFBCD6-494F-0158-E221-12823C92A888): 1
LogStreaming: Display: Took  0.002s to delete old logs.
LogInit: Presizing for max 8388607 objects, including 0 objects not considered by GC, pre-allocating 0 bytes for permanent pool.
LogInit: Object subsystem initialized
[2018.09.02-14.07.25:780][  0]LogInit: Selected Device Profile: [Windows]
[2018.09.02-14.07.25:780][  0]LogInit: Applying CVar settings loaded from the selected device profile: [Windows]
[2018.09.02-14.07.25:794][  0]LogHAL: Display: Platform has ~ 16 GB [17054654464 / 17179869184 / 16], which maps to Larger [LargestMinGB=32, LargerMinGB=12, DefaultMinGB=8, SmallerMinGB=6, SmallestMinGB=0)
[2018.09.02-14.07.25:794][  0]LogInit: Setting Device Profile CVar: [[r.Vulkan.UseRealUBs:1]]
[2018.09.02-14.07.25:794][  0]LogInit: Going up to parent DeviceProfile []
[2018.09.02-14.07.25:794][  0]LogInit: Computer: PIETSONS-ULTRA-
[2018.09.02-14.07.25:794][  0]LogInit: User: Pieter
[2018.09.02-14.07.25:794][  0]LogInit: CPU Page size=4096, Cores=4
[2018.09.02-14.07.25:794][  0]LogInit: High frequency timer resolution =2.531250 MHz
[2018.09.02-14.07.25:794][  0]LogMemory: Memory total: Physical=15.9GB (16GB approx)
[2018.09.02-14.07.25:794][  0]LogMemory: Platform Memory Stats for Windows
[2018.09.02-14.07.25:794][  0]LogMemory: Process Physical Memory: 100.79 MB used, 100.79 MB peak
[2018.09.02-14.07.25:794][  0]LogMemory: Process Virtual Memory: 89.39 MB used, 89.39 MB peak
[2018.09.02-14.07.25:794][  0]LogMemory: Physical Memory: 9753.68 MB used,  6510.91 MB free, 16264.59 MB total
[2018.09.02-14.07.25:794][  0]LogMemory: Virtual Memory: 4638.60 MB used,  6510.91 MB free, 134217728.00 MB total
[2018.09.02-14.07.25:818][  0]LogInit: Using OS detected language (en-US).
[2018.09.02-14.07.25:818][  0]LogInit: Using OS detected locale (en-US).
[2018.09.02-14.07.25:819][  0]LogTextLocalizationManager: No specific localization for 'en-US' exists, so the 'en' localization will be used.
[2018.09.02-14.07.26:329][  0]LogStreaming: Display: Took  0.511s to InitEngineTextLocalization.
[2018.09.02-14.07.26:329][  0]LogInit: Setting process to per monitor DPI aware
[2018.09.02-14.07.26:392][  0]LogSlate: New Slate User Created.  User Index 0, Is Virtual User: 0
[2018.09.02-14.07.26:392][  0]LogSlate: Slate User Registered.  User Index 0, Is Virtual User: 0
[2018.09.02-14.07.26:678][  0]LogHMD: Failed to initialize OpenVR with code 110
[2018.09.02-14.07.26:678][  0]LogD3D11RHI: D3D11 adapters:
[2018.09.02-14.07.26:740][  0]LogD3D11RHI:    0. 'NVIDIA Quadro M2000M' (Feature Level 11_0)
[2018.09.02-14.07.26:740][  0]LogD3D11RHI:       4062/0/8132 MB DedicatedVideo/DedicatedSystem/SharedSystem, Outputs:1, VendorId:0x10de
[2018.09.02-14.07.26:751][  0]LogD3D11RHI:    1. 'Intel(R) HD Graphics 530' (Feature Level 11_0)
[2018.09.02-14.07.26:751][  0]LogD3D11RHI:       128/0/8132 MB DedicatedVideo/DedicatedSystem/SharedSystem, Outputs:1, VendorId:0x8086
[2018.09.02-14.07.26:754][  0]LogD3D11RHI:    2. 'Microsoft Basic Render Driver' (Feature Level 11_0)
[2018.09.02-14.07.26:754][  0]LogD3D11RHI:       0/0/8132 MB DedicatedVideo/DedicatedSystem/SharedSystem, Outputs:0, VendorId:0x1414
[2018.09.02-14.07.26:754][  0]LogD3D11RHI: Chosen D3D11 Adapter: 0
[2018.09.02-14.07.26:763][  0]LogD3D11RHI: Creating new Direct3DDevice
[2018.09.02-14.07.26:763][  0]LogD3D11RHI:     GPU DeviceId: 0x13b0 (for the marketing name, search the web for "GPU Device Id")
[2018.09.02-14.07.26:763][  0]LogWindows: EnumDisplayDevices:
[2018.09.02-14.07.26:763][  0]LogWindows:    0. 'Intel(R) HD Graphics 530' (P:0 D:1)
[2018.09.02-14.07.26:764][  0]LogWindows:    1. 'Intel(R) HD Graphics 530' (P:0 D:0)
[2018.09.02-14.07.26:764][  0]LogWindows:    2. 'Intel(R) HD Graphics 530' (P:0 D:0)
[2018.09.02-14.07.26:764][  0]LogWindows:    3. 'NVIDIA Quadro M2000M' (P:1 D:1)
[2018.09.02-14.07.26:765][  0]LogWindows:    4. 'NVIDIA Quadro M2000M' (P:0 D:0)
[2018.09.02-14.07.26:765][  0]LogWindows:    5. 'NVIDIA Quadro M2000M' (P:0 D:0)
[2018.09.02-14.07.26:765][  0]LogWindows:    6. 'NVIDIA Quadro M2000M' (P:0 D:0)
[2018.09.02-14.07.26:765][  0]LogWindows: DebugString: PrimaryIsNotTheChoosenAdapter PrimaryIsNotTheChoosenAdapter PrimaryIsNotTheChoosenAdapter FoundDriverCount:4 
[2018.09.02-14.07.26:765][  0]LogD3D11RHI:     Adapter Name: NVIDIA Quadro M2000M
[2018.09.02-14.07.26:765][  0]LogD3D11RHI:   Driver Version: 385.73 (internal:22.21.13.8573, unified:385.73)
[2018.09.02-14.07.26:765][  0]LogD3D11RHI:      Driver Date: 9-25-2017
[2018.09.02-14.07.26:765][  0]LogRHI: Texture pool is 2843 MB (70% of 4062 MB)
[2018.09.02-14.07.26:802][  0]LogD3D11RHI: Async texture creation enabled
[2018.09.02-14.07.26:815][  0]LogD3D11RHI: GPU Timing Frequency: 1000.000000 (Debug: 2 1)
[2018.09.02-14.07.26:870][  0]LogShaderCompilers: Guid format shader working directory is -18 characters bigger than the processId version (../../../../../_SUMMER18/Speed Limit/Git/speed-limit/speed_limit/Intermediate/Shaders/WorkingDirectory/13524/).
[2018.09.02-14.07.26:870][  0]LogShaderCompilers: Cleaned the shader compiler working directory 'C:/Users/Pieter/AppData/Local/Temp/UnrealShaderWorkingDir/A1149BB4428B6465FA7CADB3A5E3DEF5/'.
[2018.09.02-14.07.27:237][  0]LogTemp: Display: Loaded TP AllDesktopTargetPlatform
[2018.09.02-14.07.27:254][  0]LogTemp: Display: Loaded TP MacClientTargetPlatform
[2018.09.02-14.07.27:271][  0]LogTemp: Display: Loaded TP MacNoEditorTargetPlatform
[2018.09.02-14.07.27:287][  0]LogTemp: Display: Loaded TP MacServerTargetPlatform
[2018.09.02-14.07.27:304][  0]LogTemp: Display: Loaded TP MacTargetPlatform
[2018.09.02-14.07.27:322][  0]LogTemp: Display: Loaded TP WindowsClientTargetPlatform
[2018.09.02-14.07.27:340][  0]LogTemp: Display: Loaded TP WindowsNoEditorTargetPlatform
[2018.09.02-14.07.27:358][  0]LogTemp: Display: Loaded TP WindowsServerTargetPlatform
[2018.09.02-14.07.27:366][  0]LogTemp: Display: Loaded TP WindowsTargetPlatform
[2018.09.02-14.07.27:487][  0]LogTemp: Display: Loaded TP AndroidTargetPlatform
[2018.09.02-14.07.27:487][  0]LogTemp: Display: Loaded TP AndroidTargetPlatform
[2018.09.02-14.07.27:487][  0]LogTemp: Display: Loaded TP AndroidTargetPlatform
[2018.09.02-14.07.27:487][  0]LogTemp: Display: Loaded TP AndroidTargetPlatform
[2018.09.02-14.07.27:487][  0]LogTemp: Display: Loaded TP AndroidTargetPlatform
[2018.09.02-14.07.27:487][  0]LogTemp: Display: Loaded TP AndroidTargetPlatform
[2018.09.02-14.07.27:487][  0]LogTemp: Display: Loaded TP AndroidTargetPlatform
[2018.09.02-14.07.27:487][  0]LogTemp: Display: Loaded TP AndroidTargetPlatform
[2018.09.02-14.07.27:487][  0]LogTemp: Display: Loaded TP AndroidTargetPlatform
[2018.09.02-14.07.27:487][  0]LogTemp: Display: Loaded TP AndroidTargetPlatform
[2018.09.02-14.07.27:487][  0]LogTemp: Display: Loaded TP AndroidTargetPlatform
[2018.09.02-14.07.27:487][  0]LogTemp: Display: Loaded TP AndroidTargetPlatform
[2018.09.02-14.07.27:487][  0]LogTemp: Display: Loaded TP AndroidTargetPlatform
[2018.09.02-14.07.27:487][  0]LogTemp: Display: Loaded TP AndroidTargetPlatform
[2018.09.02-14.07.27:487][  0]LogTemp: Display: Loaded TP AndroidTargetPlatform
[2018.09.02-14.07.27:487][  0]LogTemp: Display: Loaded TP AndroidTargetPlatform
[2018.09.02-14.07.27:487][  0]LogTemp: Display: Loaded TP AndroidTargetPlatform
[2018.09.02-14.07.27:487][  0]LogTemp: Display: Loaded TP AndroidTargetPlatform
[2018.09.02-14.07.27:489][  0]LogTemp: Display: Loaded TP HTML5TargetPlatform
[2018.09.02-14.07.27:558][  0]LogTemp: Display: Loaded TP IOSTargetPlatform
[2018.09.02-14.07.27:558][  0]LogTemp: Display: Loaded TP IOSTargetPlatform
[2018.09.02-14.07.27:592][  0]LogTemp: Display: Loaded TP TVOSTargetPlatform
[2018.09.02-14.07.27:592][  0]LogTemp: Display: Loaded TP TVOSTargetPlatform
[2018.09.02-14.07.27:607][  0]LogTemp: Display: Loaded TP LinuxClientTargetPlatform
[2018.09.02-14.07.27:623][  0]LogTemp: Display: Loaded TP LinuxNoEditorTargetPlatform
[2018.09.02-14.07.27:641][  0]LogTemp: Display: Loaded TP LinuxServerTargetPlatform
[2018.09.02-14.07.27:658][  0]LogTemp: Display: Loaded TP LinuxTargetPlatform
[2018.09.02-14.07.27:671][  0]LogTemp: Display: Loaded TP LuminTargetPlatform
[2018.09.02-14.07.27:671][  0]LogTargetPlatformManager: Display: Building Assets For Windows
[2018.09.02-14.07.27:734][  0]LogXGEController: Cleaning working directory: C:/Users/Pieter/AppData/Local/Temp/UnrealXGEWorkingDir/
[2018.09.02-14.07.27:734][  0]LogXGEController: Cannot use XGE Controller as Incredibuild is not installed on this machine.
[2018.09.02-14.07.27:734][  0]LogShaderCompilers: Cannot use XGE Shader Compiler as Incredibuild is not installed on this machine.
[2018.09.02-14.07.27:734][  0]LogShaderCompilers: Display: Using Local Shader Compiler.
[2018.09.02-14.07.28:693][  0]LogDerivedDataCache: Display: Max Cache Size: 512 MB
[2018.09.02-14.07.28:775][  0]LogDerivedDataCache: Loaded boot cache 0.08s 71MB C:/Users/Pieter/AppData/Local/UnrealEngine/4.20/DerivedDataCache/Boot.ddc.
[2018.09.02-14.07.28:775][  0]LogDerivedDataCache: Display: Loaded Boot cache: C:/Users/Pieter/AppData/Local/UnrealEngine/4.20/DerivedDataCache/Boot.ddc
[2018.09.02-14.07.28:775][  0]LogDerivedDataCache: FDerivedDataBackendGraph:  Pak pak cache file ../../../../../_SUMMER18/Speed Limit/Git/speed-limit/speed_limit/DerivedDataCache/DDC.ddp not found, will not use a pak cache.
[2018.09.02-14.07.28:776][  0]LogDerivedDataCache: Unable to find inner node Pak for hierarchical cache Hierarchy.
[2018.09.02-14.07.28:776][  0]LogDerivedDataCache: FDerivedDataBackendGraph:  CompressedPak pak cache file ../../../../../_SUMMER18/Speed Limit/Git/speed-limit/speed_limit/DerivedDataCache/Compressed.ddp not found, will not use a pak cache.
[2018.09.02-14.07.28:776][  0]LogDerivedDataCache: Unable to find inner node CompressedPak for hierarchical cache Hierarchy.
[2018.09.02-14.07.28:792][  0]LogDerivedDataCache: Display: Pak cache opened for reading ../../../Engine/DerivedDataCache/Compressed.ddp.
[2018.09.02-14.07.28:805][  0]LogDerivedDataCache: Using Local data cache path C:/Users/Pieter/AppData/Local/UnrealEngine/Common/DerivedDataCache: Writable
[2018.09.02-14.07.28:805][  0]LogDerivedDataCache: Shared data cache path not found in *engine.ini, will not use an Shared cache.
[2018.09.02-14.07.28:805][  0]LogDerivedDataCache: Unable to find inner node Shared for hierarchical cache Hierarchy.
[2018.09.02-14.07.28:837][  0]LogMaterial: Verifying Global Shaders for PCD3D_SM5
[2018.09.02-14.07.28:840][  0]LogSlate: Using FreeType 2.6.0
[2018.09.02-14.07.28:840][  0]LogSlate: SlateFontServices - WITH_FREETYPE: 1, WITH_HARFBUZZ: 1
[2018.09.02-14.07.28:943][  0]LogAssetRegistry: FAssetRegistry took 0.0267 seconds to start up
[2018.09.02-14.07.29:315][  0]LogInit: Selected Device Profile: [Windows]
[2018.09.02-14.07.29:377][  0]LogSimplygon: Simplygon DLL not present - disabling.
[2018.09.02-14.07.29:382][  0]LogMeshReduction: Using SimplygonSwarm for distributed automatic mesh merging
[2018.09.02-14.07.29:382][  0]LogMeshReduction: Using ProxyLODMeshReduction for automatic mesh merging
[2018.09.02-14.07.29:382][  0]LogMeshReduction: Using QuadricMeshReduction for automatic static mesh reduction
[2018.09.02-14.07.29:382][  0]LogMeshReduction: No automatic skeletal mesh reduction module available
[2018.09.02-14.07.29:505][  0]LogNetVersion: speed_limit 1.0.0, NetCL: 4212847, EngineNetVer: 5, GameNetVer: 0 (Checksum: 154325319)
[2018.09.02-14.07.30:251][  0]LogPackageLocalizationCache: Processed 11 localized package path(s) for 2 prioritized culture(s) in 0.145169 seconds
[2018.09.02-14.07.30:259][  0]LogUObjectArray: 38425 objects as part of root set at end of initial load.
[2018.09.02-14.07.30:259][  0]LogUObjectAllocator: 6690864 out of 0 bytes used by permanent object pool.
[2018.09.02-14.07.30:259][  0]LogUObjectArray: CloseDisregardForGC: 0/0 objects in disregard for GC pool
[2018.09.02-14.07.31:315][  0]LogTcpMessaging: Initializing TcpMessaging bridge
[2018.09.02-14.07.31:329][  0]LogUdpMessaging: Initializing bridge on interface 0.0.0.0:0 to multicast group 230.0.0.1:6666.
[2018.09.02-14.07.31:500][  0]SourceControl: Source control is disabled
[2018.09.02-14.07.31:501][  0]SourceControl: Source control is disabled
[2018.09.02-14.07.31:502][  0]SourceControl: Source control is disabled
[2018.09.02-14.07.31:503][  0]SourceControl: Source control is disabled
[2018.09.02-14.07.31:687][  0]LogAndroidPermission: UAndroidPermissionCallbackProxy::GetInstance
[2018.09.02-14.07.31:839][  0]LogOcInput: OculusInput pre-init called
[2018.09.02-14.07.31:906][  0]LogEngine: Initializing Engine...
[2018.09.02-14.07.31:907][  0]LogHMD: Failed to initialize OpenVR with code 110
[2018.09.02-14.07.31:908][  0]LogStats: UGameplayTagsManager::ConstructGameplayTagTree: ImportINI prefixes -  0.000 s
[2018.09.02-14.07.31:908][  0]LogStats: UGameplayTagsManager::ConstructGameplayTagTree: Construct from data asset -  0.000 s
[2018.09.02-14.07.31:908][  0]LogStats: UGameplayTagsManager::ConstructGameplayTagTree: ImportINI -  0.000 s
[2018.09.02-14.07.31:908][  0]LogStats: UGameplayTagsManager::ConstructGameplayTagTree: GameplayTagTreeChangedEvent.Broadcast -  0.000 s
[2018.09.02-14.07.32:164][  0]LogInit: Initializing FReadOnlyCVARCache
[2018.09.02-14.07.32:176][  0]LogAIModule: Creating AISystem for world Untitled
[2018.09.02-14.07.32:241][  0]LogInit: XAudio2 using 'VX24A-C (NVIDIA High Definition Audio)' : 2 channels at 48 kHz using 16 bits per sample (channel mask 0x3)
[2018.09.02-14.07.32:267][  0]LogInit: FAudioDevice initialized.
[2018.09.02-14.07.32:267][  0]LogNetVersion: Set ProjectVersion to 1.0.0.0. Version Checksum will be recalculated on next use.
[2018.09.02-14.07.32:325][  0]LogDerivedDataCache: Saved boot cache 0.06s 71MB C:/Users/Pieter/AppData/Local/UnrealEngine/4.20/DerivedDataCache/Boot.ddc.
[2018.09.02-14.07.32:336][  0]LogInit: Texture streaming: Enabled
[2018.09.02-14.07.32:352][  0]LogEngineSessionManager: EngineSessionManager initialized
[2018.09.02-14.07.32:367][  0]LogInit: Transaction tracking system initialized
[2018.09.02-14.07.32:391][  0]BlueprintLog: New page: Editor Load
[2018.09.02-14.07.32:470][  0]LocalizationService: Localization service is disabled
[2018.09.02-14.07.32:895][  0]LogCook: Display: Max memory allowance for cook 16384mb min free memory 0mb
[2018.09.02-14.07.32:895][  0]LogCook: Display: Mobile HDR setting 1
[2018.09.02-14.07.32:895][  0]LogGameplayTags: Display: UGameplayTagsManager::DoneAddingNativeTags. DelegateIsBound: 0
[2018.09.02-14.07.32:895][  0]LogStats: UGameplayTagsManager::ConstructGameplayTagTree: ImportINI prefixes -  0.000 s
[2018.09.02-14.07.32:895][  0]LogStats: UGameplayTagsManager::ConstructGameplayTagTree: Construct from data asset -  0.000 s
[2018.09.02-14.07.32:895][  0]LogStats: UGameplayTagsManager::ConstructGameplayTagTree: ImportINI -  0.000 s
[2018.09.02-14.07.32:895][  0]LogStats: UGameplayTagsManager::ConstructGameplayTagTree: GameplayTagTreeChangedEvent.Broadcast -  0.000 s
[2018.09.02-14.07.33:034][  0]LogFileCache: Scanning file cache for directory 'D:/_SUMMER18/Speed Limit/Git/speed-limit/speed_limit/Content/' took 0.01s
[2018.09.02-14.07.33:035][  0]SourceControl: Source control is disabled
[2018.09.02-14.07.33:035][  0]Cmd: MAP LOAD FILE="../../../../../_SUMMER18/Speed Limit/Git/speed-limit/speed_limit/Content/Mainmenu.umap" TEMPLATE=0 SHOWPROGRESS=1 FEATURELEVEL=3
[2018.09.02-14.07.33:035][  0]LightingResults: New page: Lighting Build
[2018.09.02-14.07.33:038][  0]MapCheck: New page: Map Check
[2018.09.02-14.07.33:038][  0]LightingResults: New page: Lighting Build
[2018.09.02-14.07.33:321][  0]LogAIModule: Creating AISystem for world Mainmenu
[2018.09.02-14.07.33:335][  0]LogEditorServer: Finished looking for orphan Actors (0.000 secs)
[2018.09.02-14.07.33:373][  0]Cmd: MAP CHECKDEP NOCLEARLOG
[2018.09.02-14.07.33:475][  0]MapCheck: Map check complete: 0 Error(s), 0 Warning(s), took 102.055ms to complete.
[2018.09.02-14.07.33:475][  0]LogFileHelpers: Loading map 'Mainmenu' took 0.441
[2018.09.02-14.07.33:621][  0]LogSlate: Updating window title bar state: overlay mode, drag disabled, window buttons hidden, title bar hidden
[2018.09.02-14.07.33:633][  0]LogSlate: Updating window title bar state: overlay mode, drag disabled, window buttons hidden, title bar hidden
[2018.09.02-14.07.33:646][  0]LogSlate: Updating window title bar state: overlay mode, drag disabled, window buttons hidden, title bar hidden
[2018.09.02-14.07.33:657][  0]LogSlate: Updating window title bar state: overlay mode, drag disabled, window buttons hidden, title bar hidden
[2018.09.02-14.07.33:662][  0]LogCollectionManager: Loaded 0 collections in 0.000918 seconds
[2018.09.02-14.07.33:709][  0]LogFileCache: Scanning file cache for directory 'D:/_SUMMER18/Speed Limit/Git/speed-limit/speed_limit/Saved/Collections/' took 0.01s
[2018.09.02-14.07.33:709][  0]LogFileCache: Scanning file cache for directory 'D:/_SUMMER18/Speed Limit/Git/speed-limit/speed_limit/Content/Developers/Pieter/Collections/' took 0.01s
[2018.09.02-14.07.33:709][  0]LogFileCache: Scanning file cache for directory 'D:/_SUMMER18/Speed Limit/Git/speed-limit/speed_limit/Content/Collections/' took 0.01s
[2018.09.02-14.07.33:709][  0]LogCollectionManager: Rebuilt the GUID cache for 0 collections in 0.000000 seconds
[2018.09.02-14.07.33:725][  0]LogContentBrowser: Native class hierarchy populated in 0.0156 seconds. Added 2574 classes and 606 folders.
[2018.09.02-14.07.33:735][  0]LogContentBrowser: Native class hierarchy updated for 'WidgetCarousel' in 0.0003 seconds. Added 0 classes and 0 folders.
[2018.09.02-14.07.33:780][  0]LogContentBrowser: Native class hierarchy updated for 'AddContentDialog' in 0.0004 seconds. Added 0 classes and 0 folders.
[2018.09.02-14.07.33:786][  0]LogContentBrowser: Native class hierarchy updated for 'SceneOutliner' in 0.0004 seconds. Added 1 classes and 2 folders.
[2018.09.02-14.07.33:907][  0]LogSlate: Took 0.000192 seconds to synchronously load lazily loaded font '../../../Engine/Content/Slate/Fonts/Roboto-Regular.ttf' (155K)
[2018.09.02-14.07.33:910][  0]LogSlate: Took 0.000247 seconds to synchronously load lazily loaded font '../../../Engine/Content/Slate/Fonts/Roboto-Bold.ttf' (160K)
[2018.09.02-14.07.33:917][  0]LogSlate: Took 0.000367 seconds to synchronously load lazily loaded font '../../../Engine/Content/Editor/Slate/Fonts/FontAwesome.ttf' (139K)
[2018.09.02-14.07.34:024][  0]LogRenderer: Reallocating scene render targets to support 904x484 Format 10 NumSamples 1 (Frame:1).
[2018.09.02-14.07.34:203][  0]LogContentBrowser: Native class hierarchy updated for 'HierarchicalLODOutliner' in 0.0003 seconds. Added 0 classes and 0 folders.
[2018.09.02-14.07.34:204][  0]LogLoad: (Engine Initialization) Total time: 10.15 seconds
[2018.09.02-14.07.34:204][  0]LogLoad: (Engine Initialization) Total Blueprint compile time: 0.00 seconds
[2018.09.02-14.07.34:229][  0]LogRawInputWindows: Warning: Found device 0 devices
[2018.09.02-14.07.34:229][  0]LogRawInputWindows: Warning: Found device 0 devices
[2018.09.02-14.07.34:229][  0]LogRawInputWindows: Warning: Device was registered succesfully but not connected (Usage:4 UsagePage:1)
[2018.09.02-14.07.34:229][  0]LogRawInputWindows: Warning: Found device 1 devices
[2018.09.02-14.07.34:229][  0]LogRawInputWindows: Warning: Device was registered succesfully but not connected (Usage:5 UsagePage:1)
[2018.09.02-14.07.34:268][  0]LogContentStreaming: Texture pool size now 1000 MB
[2018.09.02-14.07.34:320][  1]LogFileCache: Retrieving MD5 hashes for directory 'D:/_SUMMER18/Speed Limit/Git/speed-limit/speed_limit/Content/' took 0.08s
[2018.09.02-14.07.34:367][  2]LogAssetRegistry: Asset discovery search completed in 5.4459 seconds
[2018.09.02-14.07.34:369][  2]LogCollectionManager: Rebuilt the object cache for 0 collections in 0.000000 seconds (found 0 objects)
[2018.09.02-14.07.34:369][  2]LogCollectionManager: Fixed up redirectors for 0 collections in 0.000075 seconds (updated 0 objects)
[2018.09.02-14.08.31:294][249]LogRenderer: Reallocating scene render targets to support 1268x684 Format 10 NumSamples 1 (Frame:91).
[2018.09.02-14.08.31:350][250]LogRenderer: Reallocating scene render targets to support 2052x1116 Format 10 NumSamples 1 (Frame:93).
[2018.09.02-14.08.31:351][250]LogSlate: FSceneViewport::OnFocusLost() reason 2
[2018.09.02-14.08.31:657][260]LogTemp: Repeating last play command: Selected Viewport
[2018.09.02-14.08.31:684][260]LogBlueprintUserMessages: Early PlayInEditor Detection: Level '/Game/Mainmenu.Mainmenu:PersistentLevel' has LevelScriptBlueprint '/Game/Mainmenu.Mainmenu:PersistentLevel.Mainmenu' with GeneratedClass '/Game/Mainmenu.Mainmenu_C' with ClassGeneratedBy '/Game/Mainmenu.Mainmenu:PersistentLevel.Mainmenu'
[2018.09.02-14.08.31:684][260]LogPlayLevel: PlayLevel: No blueprints needed recompiling
[2018.09.02-14.08.31:698][260]PIE: New page: PIE session: Mainmenu (Sep 2, 2018, 6:08:31 PM)
[2018.09.02-14.08.31:698][260]LogPlayLevel: Creating play world package: /Game/UEDPIE_0_Mainmenu
[2018.09.02-14.08.31:708][260]LogPlayLevel: PIE: StaticDuplicateObject took: (0.009830s)
[2018.09.02-14.08.31:708][260]LogAIModule: Creating AISystem for world Mainmenu
[2018.09.02-14.08.31:708][260]LogPlayLevel: PIE: World Init took: (0.000776s)
[2018.09.02-14.08.31:708][260]LogPlayLevel: PIE: Created PIE world by copying editor world from /Game/Mainmenu.Mainmenu to /Game/UEDPIE_0_Mainmenu.Mainmenu (0.010775s)
[2018.09.02-14.08.31:769][260]LogInit: XAudio2 using 'VX24A-C (NVIDIA High Definition Audio)' : 2 channels at 48 kHz using 16 bits per sample (channel mask 0x3)
[2018.09.02-14.08.31:783][260]LogInit: FAudioDevice initialized.
[2018.09.02-14.08.31:783][260]LogSlate: FSceneViewport::OnFocusLost() reason 2
[2018.09.02-14.08.31:827][260]LogLoad: Game class is 'MainMenu_GM_C'
[2018.09.02-14.08.31:835][260]LogWorld: Bringing World /Game/UEDPIE_0_Mainmenu.Mainmenu up for play (max tick rate 60) at 2018.09.02-16.08.31
[2018.09.02-14.08.31:836][260]LogWorld: Bringing up level for play took: 0.002081
[2018.09.02-14.08.31:851][260]LogContentBrowser: Native class hierarchy updated for 'MovieSceneCapture' in 0.0003 seconds. Added 10 classes and 0 folders.
[2018.09.02-14.08.31:852][260]PIE: Play in editor start time for /Game/UEDPIE_0_Mainmenu 0.727
[2018.09.02-14.08.31:853][260]LogBlueprintUserMessages: Late PlayInEditor Detection: Level '/Game/Mainmenu.Mainmenu:PersistentLevel' has LevelScriptBlueprint '/Game/Mainmenu.Mainmenu:PersistentLevel.Mainmenu' with GeneratedClass '/Game/Mainmenu.Mainmenu_C' with ClassGeneratedBy '/Game/Mainmenu.Mainmenu:PersistentLevel.Mainmenu'
[2018.09.02-14.08.33:608][334]LogPackageName: SearchForPackageOnDisk took   0.074s, but failed to resolve Cirquit_1.umap.
[2018.09.02-14.08.33:677][334]LogPackageName: SearchForPackageOnDisk took   0.069s, but failed to resolve Cirquit_1.umap.
[2018.09.02-14.08.33:677][334]LogNet: Browse: /Game/Mainmenu
[2018.09.02-14.08.33:677][334]LogNet: Warning: Travel Failure: [InvalidURL]: Invalid URL: /Game/Mainmenu
[2018.09.02-14.08.33:677][334]LogNet: Warning: TravelFailure: InvalidURL, Reason for Failure: 'Invalid URL: /Game/Mainmenu'. Shutting down PIE.
[2018.09.02-14.08.33:677][334]PIE: Warning: TravelFailure: InvalidURL, Reason for Failure: 'Invalid URL: /Game/Mainmenu'. Shutting down PIE.
[2018.09.02-14.08.33:677][334]LogNet: Warning: Travel Failure: [ClientTravelFailure]: Invalid URL: /Game/Mainmenu
[2018.09.02-14.08.33:677][334]LogNet: Warning: TravelFailure: ClientTravelFailure, Reason for Failure: 'Invalid URL: /Game/Mainmenu'. Shutting down PIE.
[2018.09.02-14.08.33:677][334]PIE: Warning: TravelFailure: ClientTravelFailure, Reason for Failure: 'Invalid URL: /Game/Mainmenu'. Shutting down PIE.
[2018.09.02-14.08.33:679][334]LogBlueprintUserMessages: Early EndPlayMap Detection: Level '/Game/Mainmenu.Mainmenu:PersistentLevel' has LevelScriptBlueprint '/Game/Mainmenu.Mainmenu:PersistentLevel.Mainmenu' with GeneratedClass '/Game/Mainmenu.Mainmenu_C' with ClassGeneratedBy '/Game/Mainmenu.Mainmenu:PersistentLevel.Mainmenu'
[2018.09.02-14.08.33:679][334]LogSlate: Updating window title bar state: overlay mode, drag disabled, window buttons hidden, title bar hidden
[2018.09.02-14.08.33:717][334]LogPlayLevel: Display: Shutting down PIE online subsystems
[2018.09.02-14.08.33:717][334]LogBlueprintUserMessages: Late EndPlayMap Detection: Level '/Game/Mainmenu.Mainmenu:PersistentLevel' has LevelScriptBlueprint '/Game/Mainmenu.Mainmenu:PersistentLevel.Mainmenu' with GeneratedClass '/Game/Mainmenu.Mainmenu_C' with ClassGeneratedBy '/Game/Mainmenu.Mainmenu:PersistentLevel.Mainmenu'
[2018.09.02-14.08.33:743][334]LogSlate: Updating window title bar state: overlay mode, drag disabled, window buttons hidden, title bar hidden
[2018.09.02-14.08.33:813][335]LogPlayLevel: Display: Destroying online subsystem :Context_1
[2018.09.02-14.08.38:785][525]LogSlate: Window 'Message Log' being destroyed
[2018.09.02-14.08.46:016][821]LogTemp: Repeating last play command: Selected Viewport
[2018.09.02-14.08.46:040][821]LogBlueprintUserMessages: Early PlayInEditor Detection: Level '/Game/Mainmenu.Mainmenu:PersistentLevel' has LevelScriptBlueprint '/Game/Mainmenu.Mainmenu:PersistentLevel.Mainmenu' with GeneratedClass '/Game/Mainmenu.Mainmenu_C' with ClassGeneratedBy '/Game/Mainmenu.Mainmenu:PersistentLevel.Mainmenu'
[2018.09.02-14.08.46:040][821]LogPlayLevel: PlayLevel: No blueprints needed recompiling
[2018.09.02-14.08.46:040][821]PIE: New page: PIE session: Mainmenu (Sep 2, 2018, 6:08:46 PM)
[2018.09.02-14.08.46:041][821]LogPlayLevel: Creating play world package: /Game/UEDPIE_0_Mainmenu
[2018.09.02-14.08.46:052][821]LogPlayLevel: PIE: StaticDuplicateObject took: (0.010727s)
[2018.09.02-14.08.46:052][821]LogAIModule: Creating AISystem for world Mainmenu
[2018.09.02-14.08.46:052][821]LogPlayLevel: PIE: World Init took: (0.000702s)
[2018.09.02-14.08.46:052][821]LogPlayLevel: PIE: Created PIE world by copying editor world from /Game/Mainmenu.Mainmenu to /Game/UEDPIE_0_Mainmenu.Mainmenu (0.011583s)
[2018.09.02-14.08.46:111][821]LogInit: XAudio2 using 'VX24A-C (NVIDIA High Definition Audio)' : 2 channels at 48 kHz using 16 bits per sample (channel mask 0x3)
[2018.09.02-14.08.46:122][821]LogInit: FAudioDevice initialized.
[2018.09.02-14.08.46:123][821]LogSlate: FSceneViewport::OnFocusLost() reason 2
[2018.09.02-14.08.46:158][821]LogLoad: Game class is 'MainMenu_GM_C'
[2018.09.02-14.08.46:166][821]LogWorld: Bringing World /Game/UEDPIE_0_Mainmenu.Mainmenu up for play (max tick rate 60) at 2018.09.02-16.08.46
[2018.09.02-14.08.46:167][821]LogWorld: Bringing up level for play took: 0.001771
[2018.09.02-14.08.46:179][821]PIE: Play in editor start time for /Game/UEDPIE_0_Mainmenu 1.055
[2018.09.02-14.08.46:179][821]LogBlueprintUserMessages: Late PlayInEditor Detection: Level '/Game/Mainmenu.Mainmenu:PersistentLevel' has LevelScriptBlueprint '/Game/Mainmenu.Mainmenu:PersistentLevel.Mainmenu' with GeneratedClass '/Game/Mainmenu.Mainmenu_C' with ClassGeneratedBy '/Game/Mainmenu.Mainmenu:PersistentLevel.Mainmenu'
[2018.09.02-14.08.55:938][276]LogSlate: Updating window title bar state: overlay mode, drag disabled, window buttons hidden, title bar hidden
[2018.09.02-14.08.55:938][276]LogBlueprintUserMessages: Early EndPlayMap Detection: Level '/Game/Mainmenu.Mainmenu:PersistentLevel' has LevelScriptBlueprint '/Game/Mainmenu.Mainmenu:PersistentLevel.Mainmenu' with GeneratedClass '/Game/Mainmenu.Mainmenu_C' with ClassGeneratedBy '/Game/Mainmenu.Mainmenu:PersistentLevel.Mainmenu'
[2018.09.02-14.08.55:989][276]LogPlayLevel: Display: Shutting down PIE online subsystems
[2018.09.02-14.08.55:989][276]LogBlueprintUserMessages: Late EndPlayMap Detection: Level '/Game/Mainmenu.Mainmenu:PersistentLevel' has LevelScriptBlueprint '/Game/Mainmenu.Mainmenu:PersistentLevel.Mainmenu' with GeneratedClass '/Game/Mainmenu.Mainmenu_C' with ClassGeneratedBy '/Game/Mainmenu.Mainmenu:PersistentLevel.Mainmenu'
[2018.09.02-14.08.56:016][276]LogSlate: Updating window title bar state: overlay mode, drag disabled, window buttons hidden, title bar hidden
[2018.09.02-14.08.56:080][277]LogPlayLevel: Display: Destroying online subsystem :Context_2
[2018.09.02-14.08.58:575][392]LogSlate: FSceneViewport::OnFocusLost() reason 0
[2018.09.02-14.08.58:852][400]LogSlate: Window 'speed_limit - Unreal Editor' being destroyed
[2018.09.02-14.08.58:855][400]LogWindowsTextInputMethodSystem: Display: IME system now deactivated.
[2018.09.02-14.08.59:031][401]Cmd: QUIT_EDITOR
[2018.09.02-14.08.59:429][401]LogExit: Preparing to exit.
[2018.09.02-14.09.00:411][401]LogExit: Editor shut down
[2018.09.02-14.09.00:412][401]LogExit: Transaction tracking system shut down
[2018.09.02-14.09.00:718][401]LogExit: Object subsystem successfully closed.
[2018.09.02-14.09.00:742][401]LogShaderCompilers: Display: Shaders left to compile 0
[2018.09.02-14.09.00:745][401]LogD3D11RHI: Shutdown
[2018.09.02-14.09.00:745][401]LogD3D11RHI: CleanupD3DDevice
[2018.09.02-14.09.00:747][401]LogD3D11RHI: ~FD3D11DynamicRHI
[2018.09.02-14.09.00:758][401]LogModuleManager: Shutting down and abandoning module MovieSceneCapture (616)
[2018.09.02-14.09.00:758][401]LogModuleManager: Shutting down and abandoning module Voice (614)
[2018.09.02-14.09.00:758][401]LogModuleManager: Shutting down and abandoning module HierarchicalLODOutliner (612)
[2018.09.02-14.09.00:758][401]LogModuleManager: Shutting down and abandoning module SceneOutliner (610)
[2018.09.02-14.09.00:758][401]LogModuleManager: Shutting down and abandoning module AddContentDialog (608)
[2018.09.02-14.09.00:758][401]LogModuleManager: Shutting down and abandoning module WidgetCarousel (607)
[2018.09.02-14.09.00:758][401]LogModuleManager: Shutting down and abandoning module EditorWidgets (604)
[2018.09.02-14.09.00:758][401]LogModuleManager: Shutting down and abandoning module CollectionManager (602)
[2018.09.02-14.09.00:758][401]LogModuleManager: Shutting down and abandoning module StatsViewer (600)
[2018.09.02-14.09.00:758][401]LogModuleManager: Shutting down and abandoning module FoliageEdit (598)
[2018.09.02-14.09.00:758][401]LogModuleManager: Shutting down and abandoning module LandscapeEditor (596)
[2018.09.02-14.09.00:758][401]LogModuleManager: Shutting down and abandoning module MeshPaintMode (594)
[2018.09.02-14.09.00:759][401]LogModuleManager: Shutting down and abandoning module SceneDepthPickerMode (592)
[2018.09.02-14.09.00:759][401]LogModuleManager: Shutting down and abandoning module ActorPickerMode (590)
[2018.09.02-14.09.00:759][401]LogModuleManager: Shutting down and abandoning module GeometryMode (588)
[2018.09.02-14.09.00:759][401]LogModuleManager: Shutting down and abandoning module TextureAlignMode (586)
[2018.09.02-14.09.00:759][401]LogModuleManager: Shutting down and abandoning module BspMode (584)
[2018.09.02-14.09.00:759][401]LogModuleManager: Shutting down and abandoning module PIEPreviewDeviceProfileSelector (582)
[2018.09.02-14.09.00:759][401]LogModuleManager: Shutting down and abandoning module SequenceRecorderSections (580)
[2018.09.02-14.09.00:759][401]LogModuleManager: Shutting down and abandoning module AutomationWorker (578)
[2018.09.02-14.09.00:759][401]LogModuleManager: Shutting down and abandoning module AudioCaptureEditor (576)
[2018.09.02-14.09.00:759][401]LogModuleManager: Shutting down and abandoning module SequenceRecorder (575)
[2018.09.02-14.09.00:759][401]LogModuleManager: Shutting down and abandoning module MatineeToLevelSequence (572)
[2018.09.02-14.09.00:759][401]LogModuleManager: Shutting down and abandoning module LevelSequenceEditor (570)
[2018.09.02-14.09.00:759][401]LogModuleManager: Shutting down and abandoning module PlacementMode (569)
[2018.09.02-14.09.00:759][401]LogModuleManager: Shutting down and abandoning module MaterialEditor (568)
[2018.09.02-14.09.00:759][401]LogModuleManager: Shutting down and abandoning module WmfMediaFactory (564)
[2018.09.02-14.09.00:759][401]LogModuleManager: Shutting down and abandoning module WmfMediaEditor (562)
[2018.09.02-14.09.00:759][401]LogModuleManager: Shutting down and abandoning module MediaPlayerEditor (560)
[2018.09.02-14.09.00:759][401]LogModuleManager: Shutting down and abandoning module OpenExrWrapper (558)
[2018.09.02-14.09.00:759][401]LogModuleManager: Shutting down and abandoning module ImgMediaFactory (556)
[2018.09.02-14.09.00:759][401]LogModuleManager: Shutting down and abandoning module ImgMediaEditor (554)
[2018.09.02-14.09.00:759][401]LogModuleManager: Shutting down and abandoning module AvfMediaFactory (552)
[2018.09.02-14.09.00:759][401]LogModuleManager: Shutting down and abandoning module AvfMediaEditor (550)
[2018.09.02-14.09.00:759][401]LogModuleManager: Shutting down and abandoning module AndroidMediaFactory (548)
[2018.09.02-14.09.00:759][401]LogModuleManager: Shutting down and abandoning module AndroidMediaEditor (546)
[2018.09.02-14.09.00:759][401]LogModuleManager: Shutting down and abandoning module MagicLeapCameraPreviewFactory (544)
[2018.09.02-14.09.00:759][401]LogModuleManager: Shutting down and abandoning module MagicLeapMediaFactory (542)
[2018.09.02-14.09.00:759][401]LogModuleManager: Shutting down and abandoning module MagicLeapMediaEditor (540)
[2018.09.02-14.09.00:759][401]LogModuleManager: Shutting down and abandoning module CharacterAI (538)
[2018.09.02-14.09.00:759][401]LogModuleManager: Shutting down and abandoning module SmartSnapping (536)
[2018.09.02-14.09.00:759][401]LogModuleManager: Shutting down and abandoning module SessionServices (534)
[2018.09.02-14.09.00:759][401]LogModuleManager: Shutting down and abandoning module ViewportSnapping (532)
[2018.09.02-14.09.00:759][401]LogModuleManager: Shutting down and abandoning module ViewportInteraction (530)
[2018.09.02-14.09.00:759][401]LogModuleManager: Shutting down and abandoning module ClothPainter (528)
[2018.09.02-14.09.00:759][401]LogModuleManager: Shutting down and abandoning module SkeletalMeshEditor (527)
[2018.09.02-14.09.00:759][401]LogModuleManager: Shutting down and abandoning module LogVisualizer (524)
[2018.09.02-14.09.00:759][401]LogModuleManager: Shutting down and abandoning module IntroTutorials (522)
[2018.09.02-14.09.00:759][401]LogModuleManager: Shutting down and abandoning module GameProjectGeneration (521)
[2018.09.02-14.09.00:759][401]LogModuleManager: Shutting down and abandoning module LuminPlatformEditor (518)
[2018.09.02-14.09.00:759][401]LogModuleManager: Shutting down and abandoning module IOSPlatformEditor (516)
[2018.09.02-14.09.00:760][401]LogModuleManager: Shutting down and abandoning module HTML5PlatformEditor (514)
[2018.09.02-14.09.00:760][401]LogModuleManager: Shutting down and abandoning module AndroidPlatformEditor (512)
[2018.09.02-14.09.00:760][401]LogModuleManager: Shutting down and abandoning module AndroidDeviceDetection (511)
[2018.09.02-14.09.01:562][401]LogModuleManager: Shutting down and abandoning module WindowsPlatformEditor (508)
[2018.09.02-14.09.01:562][401]LogModuleManager: Shutting down and abandoning module LuminRuntimeSettings (506)
[2018.09.02-14.09.01:562][401]LogModuleManager: Shutting down and abandoning module IOSRuntimeSettings (504)
[2018.09.02-14.09.01:562][401]LogModuleManager: Shutting down and abandoning module AndroidRuntimeSettings (502)
[2018.09.02-14.09.01:562][401]LogModuleManager: Shutting down and abandoning module InputBindingEditor (500)
[2018.09.02-14.09.01:562][401]LogModuleManager: Shutting down and abandoning module MergeActors (498)
[2018.09.02-14.09.01:562][401]LogModuleManager: Shutting down and abandoning module LocalizationDashboard (496)
[2018.09.02-14.09.01:562][401]LogModuleManager: Shutting down and abandoning module LocalizationService (495)
[2018.09.02-14.09.01:562][401]LogModuleManager: Shutting down and abandoning module HardwareTargeting (492)
[2018.09.02-14.09.01:562][401]LogModuleManager: Shutting down and abandoning module DeviceProfileEditor (490)
[2018.09.02-14.09.01:562][401]LogModuleManager: Shutting down and abandoning module UndoHistory (488)
[2018.09.02-14.09.01:562][401]LogModuleManager: Shutting down and abandoning module XmlParser (486)
[2018.09.02-14.09.01:562][401]LogModuleManager: Shutting down and abandoning module Blutility (484)
[2018.09.02-14.09.01:562][401]LogModuleManager: Shutting down and abandoning module ProjectSettingsViewer (482)
[2018.09.02-14.09.01:562][401]LogModuleManager: Shutting down and abandoning module ProjectTargetPlatformEditor (481)
[2018.09.02-14.09.01:562][401]LogModuleManager: Shutting down and abandoning module EditorSettingsViewer (478)
[2018.09.02-14.09.01:562][401]LogModuleManager: Shutting down and abandoning module SettingsEditor (476)
[2018.09.02-14.09.01:562][401]LogModuleManager: Shutting down and abandoning module ProjectLauncher (474)
[2018.09.02-14.09.01:562][401]LogModuleManager: Shutting down and abandoning module SessionFrontend (472)
[2018.09.02-14.09.01:562][401]LogModuleManager: Shutting down and abandoning module ProfilerClient (470)
[2018.09.02-14.09.01:562][401]LogModuleManager: Shutting down and abandoning module DeviceManager (468)
[2018.09.02-14.09.01:562][401]LogModuleManager: Shutting down and abandoning module TargetDeviceServices (467)
[2018.09.02-14.09.01:627][401]LogModuleManager: Shutting down and abandoning module AutomationController (464)
[2018.09.02-14.09.01:627][401]LogModuleManager: Shutting down and abandoning module AutomationWindow (462)
[2018.09.02-14.09.01:627][401]LogModuleManager: Shutting down and abandoning module Layers (460)
[2018.09.02-14.09.01:627][401]LogModuleManager: Shutting down and abandoning module ComponentVisualizers (458)
[2018.09.02-14.09.01:627][401]LogModuleManager: Shutting down and abandoning module DetailCustomizations (456)
[2018.09.02-14.09.01:627][401]LogModuleManager: Shutting down and abandoning module PackagesDialog (454)
[2018.09.02-14.09.01:627][401]LogModuleManager: Shutting down and abandoning module Persona (452)
[2018.09.02-14.09.01:627][401]LogModuleManager: Shutting down and abandoning module AdvancedPreviewScene (451)
[2018.09.02-14.09.01:627][401]LogModuleManager: Shutting down and abandoning module AnimGraph (449)
[2018.09.02-14.09.01:627][401]LogModuleManager: Shutting down and abandoning module Kismet (446)
[2018.09.02-14.09.01:627][401]LogModuleManager: Shutting down and abandoning module GraphEditor (444)
[2018.09.02-14.09.01:627][401]LogModuleManager: Shutting down and abandoning module ClassViewer (442)
[2018.09.02-14.09.01:627][401]LogModuleManager: Shutting down and abandoning module Toolbox (440)
[2018.09.02-14.09.01:627][401]LogModuleManager: Shutting down and abandoning module ModuleUI (438)
[2018.09.02-14.09.01:627][401]LogModuleManager: Shutting down and abandoning module MovieSceneTools (436)
[2018.09.02-14.09.01:627][401]LogModuleManager: Shutting down and abandoning module OutputLog (434)
[2018.09.02-14.09.01:627][401]LogModuleManager: Shutting down and abandoning module GammaUI (432)
[2018.09.02-14.09.01:628][401]LogModuleManager: Shutting down and abandoning module Documentation (430)
[2018.09.02-14.09.01:628][401]LogModuleManager: Shutting down and abandoning module MovieSceneTracks (428)
[2018.09.02-14.09.01:628][401]LogModuleManager: Shutting down and abandoning module MovieScene (426)
[2018.09.02-14.09.01:628][401]LogModuleManager: Shutting down and abandoning module StreamingPauseRendering (424)
[2018.09.02-14.09.01:628][401]LogModuleManager: Shutting down and abandoning module LauncherPlatform (422)
[2018.09.02-14.09.01:628][401]LogModuleManager: Shutting down and abandoning module AnalyticsET (420)
[2018.09.02-14.09.01:628][401]LogModuleManager: Shutting down and abandoning module PortalServices (418)
[2018.09.02-14.09.01:628][401]LogModuleManager: Shutting down and abandoning module PortalRpc (416)
[2018.09.02-14.09.01:628][401]LogModuleManager: Shutting down and abandoning module MessagingRpc (414)
[2018.09.02-14.09.01:628][401]LogModuleManager: Shutting down and abandoning module AIModule (412)
[2018.09.02-14.09.01:628][401]LogModuleManager: Shutting down and abandoning module GameplayDebugger (411)
[2018.09.02-14.09.01:628][401]LogModuleManager: Shutting down and abandoning module AITestSuite (409)
[2018.09.02-14.09.01:628][401]LogModuleManager: Shutting down and abandoning module NavigationSystem (407)
[2018.09.02-14.09.01:628][401]LogModuleManager: Shutting down and abandoning module DesktopPlatform (404)
[2018.09.02-14.09.01:628][401]LogModuleManager: Shutting down and abandoning module ProfilerService (402)
[2018.09.02-14.09.01:785][401]LogModuleManager: Shutting down and abandoning module TaskGraph (400)
[2018.09.02-14.09.01:785][401]LogModuleManager: Shutting down and abandoning module SteamVRController (398)
[2018.09.02-14.09.01:785][401]LogModuleManager: Shutting down and abandoning module ProceduralMeshComponentEditor (396)
[2018.09.02-14.09.01:785][401]LogModuleManager: Shutting down and abandoning module ProceduralMeshComponent (394)
[2018.09.02-14.09.01:785][401]LogModuleManager: Shutting down and abandoning module OculusInput (392)
[2018.09.02-14.09.01:785][401]LogModuleManager: Shutting down and abandoning module MobilePatchingUtils (390)
[2018.09.02-14.09.01:785][401]LogModuleManager: Shutting down and abandoning module EditableMesh (388)
[2018.09.02-14.09.01:785][401]LogModuleManager: Shutting down and abandoning module CustomMeshComponent (386)
[2018.09.02-14.09.01:785][401]LogModuleManager: Shutting down and abandoning module CableComponent (384)
[2018.09.02-14.09.01:785][401]LogModuleManager: Shutting down and abandoning module AudioCapture (382)
[2018.09.02-14.09.01:785][401]LogModuleManager: Shutting down and abandoning module ArchVisCharacter (380)
[2018.09.02-14.09.01:787][401]LogModuleManager: Shutting down and abandoning module AndroidPermission (378)
[2018.09.02-14.09.01:787][401]LogModuleManager: Shutting down and abandoning module NUTUnrealEngine4 (376)
[2018.09.02-14.09.01:787][401]LogModuleManager: Shutting down and abandoning module NetcodeUnitTest (374)
[2018.09.02-14.09.01:787][401]LogModuleManager: Shutting down and abandoning module MediaCompositingEditor (372)
[2018.09.02-14.09.01:787][401]LogModuleManager: Shutting down and abandoning module MediaCompositing (370)
[2018.09.02-14.09.01:787][401]LogModuleManager: Shutting down and abandoning module LinearTimecode (368)
[2018.09.02-14.09.01:787][401]LogModuleManager: Shutting down and abandoning module ImgMedia (366)
[2018.09.02-14.09.01:790][401]LogModuleManager: Shutting down and abandoning module RawInput (364)
[2018.09.02-14.09.01:790][401]LogModuleManager: Shutting down and abandoning module HTML5Networking (362)
[2018.09.02-14.09.01:790][401]LogModuleManager: Shutting down and abandoning module GeometryCacheTracks (360)
[2018.09.02-14.09.01:790][401]LogModuleManager: Shutting down and abandoning module GeometryCacheSequencer (358)
[2018.09.02-14.09.01:790][401]LogModuleManager: Shutting down and abandoning module BackChannel (356)
[2018.09.02-14.09.01:790][401]LogModuleManager: Shutting down and abandoning module AppleVision (354)
[2018.09.02-14.09.01:790][401]LogModuleManager: Shutting down and abandoning module AppleImageUtils (352)
[2018.09.02-14.09.01:790][401]LogModuleManager: Shutting down and abandoning module AlembicImporter (350)
[2018.09.02-14.09.01:790][401]LogModuleManager: Shutting down and abandoning module AlembicLibrary (349)
[2018.09.02-14.09.01:790][401]LogModuleManager: Shutting down and abandoning module GeometryCache (348)
[2018.09.02-14.09.01:790][401]LogModuleManager: Shutting down and abandoning module GeometryCacheEd (347)
[2018.09.02-14.09.01:790][401]LogModuleManager: Shutting down and abandoning module DatasmithContentEditor (342)
[2018.09.02-14.09.01:790][401]LogModuleManager: Shutting down and abandoning module DatasmithContent (340)
[2018.09.02-14.09.01:790][401]LogModuleManager: Shutting down and abandoning module SpeedTreeImporter (338)
[2018.09.02-14.09.01:790][401]LogModuleManager: Shutting down and abandoning module PluginBrowser (336)
[2018.09.02-14.09.01:790][401]LogModuleManager: Shutting down and abandoning module MobileLauncherProfileWizard (334)
[2018.09.02-14.09.01:790][401]LogModuleManager: Shutting down and abandoning module PolygonModeling (332)
[2018.09.02-14.09.01:790][401]LogModuleManager: Shutting down and abandoning module MeshEditor (330)
[2018.09.02-14.09.01:790][401]LogModuleManager: Shutting down and abandoning module CryptoKeysOpenSSL (328)
[2018.09.02-14.09.01:790][401]LogModuleManager: Shutting down and abandoning module CryptoKeys (326)
[2018.09.02-14.09.01:790][401]LogModuleManager: Shutting down and abandoning module VisualStudioSourceCodeAccess (324)
[2018.09.02-14.09.01:790][401]LogModuleManager: Shutting down and abandoning module VisualStudioCodeSourceCodeAccess (322)
[2018.09.02-14.09.01:790][401]LogModuleManager: Shutting down and abandoning module UObjectPlugin (320)
[2018.09.02-14.09.01:790][401]LogModuleManager: Shutting down and abandoning module SubversionSourceControl (318)
[2018.09.02-14.09.01:791][401]LogModuleManager: Shutting down and abandoning module PerforceSourceControl (316)
[2018.09.02-14.09.01:791][401]LogModuleManager: Shutting down and abandoning module GitSourceControl (314)
[2018.09.02-14.09.01:791][401]LogModuleManager: Shutting down and abandoning module SourceControl (313)
[2018.09.02-14.09.01:791][401]LogModuleManager: Shutting down and abandoning module CLionSourceCodeAccess (310)
[2018.09.02-14.09.01:791][401]LogModuleManager: Shutting down and abandoning module LightPropagationVolumeEditor (308)
[2018.09.02-14.09.01:791][401]LogModuleManager: Shutting down and abandoning module PaperTiledImporter (306)
[2018.09.02-14.09.01:791][401]LogModuleManager: Shutting down and abandoning module PaperSpriteSheetImporter (304)
[2018.09.02-14.09.01:791][401]LogModuleManager: Shutting down and abandoning module Paper2DEditor (302)
[2018.09.02-14.09.01:791][401]LogModuleManager: Shutting down and abandoning module MeshPaint (301)
[2018.09.02-14.09.01:791][401]LogModuleManager: Shutting down and abandoning module RuntimePhysXCooking (298)
[2018.09.02-14.09.01:791][401]LogModuleManager: Shutting down and abandoning module PhysXVehiclesEditor (296)
[2018.09.02-14.09.01:791][401]LogModuleManager: Shutting down and abandoning module PhysXVehicles (294)
[2018.09.02-14.09.01:791][401]LogModuleManager: Shutting down and abandoning module OculusEditor (292)
[2018.09.02-14.09.01:791][401]LogModuleManager: Shutting down and abandoning module LocationServicesBPLibrary (290)
[2018.09.02-14.09.01:791][401]LogModuleManager: Shutting down and abandoning module ImmediatePhysicsEditor (288)
[2018.09.02-14.09.01:791][401]LogModuleManager: Shutting down and abandoning module ImmediatePhysics (286)
[2018.09.02-14.09.01:791][401]LogModuleManager: Shutting down and abandoning module ActorSequence (284)
[2018.09.02-14.09.01:791][401]LogModuleManager: Shutting down and abandoning module UdpMessaging (282)
[2018.09.02-14.09.01:892][401]LogModuleManager: Shutting down and abandoning module TcpMessaging (280)
[2018.09.02-14.09.01:993][401]LogModuleManager: Shutting down and abandoning module MagicLeapAudio (278)
[2018.09.02-14.09.01:993][401]LogModuleManager: Shutting down and abandoning module GameplayTagsEditor (276)
[2018.09.02-14.09.01:993][401]LogModuleManager: Shutting down and abandoning module FacialAnimationEditor (274)
[2018.09.02-14.09.01:993][401]LogModuleManager: Shutting down and abandoning module FacialAnimation (272)
[2018.09.02-14.09.01:993][401]LogModuleManager: Shutting down and abandoning module DataValidation (270)
[2018.09.02-14.09.01:993][401]LogModuleManager: Shutting down and abandoning module AssetManagerEditor (268)
[2018.09.02-14.09.01:993][401]LogModuleManager: Shutting down and abandoning module LevelEditor (267)
[2018.09.02-14.09.01:993][401]LogModuleManager: Shutting down and abandoning module PixelInspectorModule (266)
[2018.09.02-14.09.01:993][401]LogModuleManager: Shutting down and abandoning module CommonMenuExtensions (264)
[2018.09.02-14.09.01:994][401]LogModuleManager: Shutting down and abandoning module MainFrame (262)
[2018.09.02-14.09.01:994][401]LogModuleManager: Shutting down and abandoning module HotReload (261)
[2018.09.02-14.09.01:995][401]LogModuleManager: Shutting down and abandoning module ContentBrowser (257)
[2018.09.02-14.09.01:997][401]LogModuleManager: Shutting down and abandoning module TreeMap (255)
[2018.09.02-14.09.01:997][401]LogModuleManager: Shutting down and abandoning module LightPropagationVolumeRuntime (252)
[2018.09.02-14.09.01:997][401]LogModuleManager: Shutting down and abandoning module AISupportModule (250)
[2018.09.02-14.09.01:997][401]LogModuleManager: Shutting down and abandoning module Paper2D (248)
[2018.09.02-14.09.01:997][401]LogModuleManager: Shutting down and abandoning module WindowsMoviePlayer (246)
[2018.09.02-14.09.01:997][401]LogModuleManager: Shutting down and abandoning module WmfMedia (244)
[2018.09.02-14.09.01:998][401]LogModuleManager: Shutting down and abandoning module Media (243)
[2018.09.02-14.09.02:004][401]LogModuleManager: Shutting down and abandoning module PacketHandler (240)
[2018.09.02-14.09.02:004][401]LogModuleManager: Shutting down and abandoning module ClothingSystemEditor (238)
[2018.09.02-14.09.02:004][401]LogModuleManager: Shutting down and abandoning module ClothingSystemRuntime (236)
[2018.09.02-14.09.02:004][401]LogModuleManager: Shutting down and abandoning module MediaAssets (234)
[2018.09.02-14.09.02:004][401]LogModuleManager: Shutting down and abandoning module Overlay (232)
[2018.09.02-14.09.02:004][401]LogModuleManager: Shutting down and abandoning module OverlayEditor (231)
[2018.09.02-14.09.02:004][401]LogModuleManager: Shutting down and abandoning module VREditor (228)
[2018.09.02-14.09.02:004][401]LogModuleManager: Shutting down and abandoning module StringTableEditor (226)
[2018.09.02-14.09.02:004][401]LogModuleManager: Shutting down and abandoning module GameplayTasksEditor (224)
[2018.09.02-14.09.02:004][401]LogModuleManager: Shutting down and abandoning module BehaviorTreeEditor (222)
[2018.09.02-14.09.02:005][401]LogModuleManager: Shutting down and abandoning module FunctionalTesting (220)
[2018.09.02-14.09.02:005][401]LogModuleManager: Shutting down and abandoning module CollisionAnalyzer (218)
[2018.09.02-14.09.02:005][401]LogModuleManager: Shutting down and abandoning module WorkspaceMenuStructure (217)
[2018.09.02-14.09.02:005][401]LogModuleManager: Shutting down and abandoning module UMG (214)
[2018.09.02-14.09.02:005][401]LogModuleManager: Shutting down and abandoning module UMGEditor (213)
[2018.09.02-14.09.02:005][401]LogModuleManager: Shutting down and abandoning module Sequencer (212)
[2018.09.02-14.09.02:005][401]LogModuleManager: Shutting down and abandoning module MessageLog (209)
[2018.09.02-14.09.02:005][401]LogModuleManager: Shutting down and abandoning module SlateReflector (204)
[2018.09.02-14.09.02:005][401]LogModuleManager: Shutting down and abandoning module Slate (202)
[2018.09.02-14.09.02:005][401]LogModuleManager: Shutting down and abandoning module EditorStyle (200)
[2018.09.02-14.09.02:006][401]LogModuleManager: Shutting down and abandoning module MRMesh (198)
[2018.09.02-14.09.02:006][401]LogModuleManager: Shutting down and abandoning module SourceCodeAccess (196)
[2018.09.02-14.09.02:006][401]LogModuleManager: Shutting down and abandoning module HeadMountedDisplay (194)
[2018.09.02-14.09.02:006][401]LogModuleManager: Shutting down and abandoning module XAudio2 (192)
[2018.09.02-14.09.02:006][401]LogModuleManager: Shutting down and abandoning module Networking (190)
[2018.09.02-14.09.02:006][401]LogModuleManager: Shutting down and abandoning module Core (188)
[2018.09.02-14.09.02:006][401]LogModuleManager: Shutting down and abandoning module LevelSequence (186)
[2018.09.02-14.09.02:006][401]LogModuleManager: Shutting down and abandoning module KismetCompiler (184)
[2018.09.02-14.09.02:006][401]LogModuleManager: Shutting down and abandoning module MeshUtilities (182)
[2018.09.02-14.09.02:006][401]LogModuleManager: Shutting down and abandoning module MeshMergeUtilities (181)
[2018.09.02-14.09.02:006][401]LogModuleManager: Shutting down and abandoning module MeshReductionInterface (180)
[2018.09.02-14.09.02:007][401]LogModuleManager: Shutting down and abandoning module SimplygonSwarm (179)
[2018.09.02-14.09.02:007][401]LogModuleManager: Shutting down and abandoning module ProxyLODMeshReduction (177)
[2018.09.02-14.09.02:007][401]LogModuleManager: Shutting down and abandoning module SimplygonMeshReduction (175)
[2018.09.02-14.09.02:007][401]LogModuleManager: Shutting down and abandoning module QuadricMeshReduction (173)
[2018.09.02-14.09.02:007][401]LogModuleManager: Shutting down and abandoning module MaterialBaking (169)
[2018.09.02-14.09.02:007][401]LogModuleManager: Shutting down and abandoning module DirectoryWatcher (165)
[2018.09.02-14.09.02:007][401]LogModuleManager: Shutting down and abandoning module DerivedDataCache (162)
[2018.09.02-14.09.02:400][401]LogDerivedDataCache: Shutdown
[2018.09.02-14.09.02:400][401]LogModuleManager: Shutting down and abandoning module XGEController (160)
[2018.09.02-14.09.02:400][401]LogXGEController: Cleaning working directory: C:/Users/Pieter/AppData/Local/Temp/UnrealXGEWorkingDir/
[2018.09.02-14.09.02:400][401]LogModuleManager: Shutting down and abandoning module TargetPlatform (158)
[2018.09.02-14.09.02:401][401]LogModuleManager: Shutting down and abandoning module VulkanShaderFormat (157)
[2018.09.02-14.09.02:401][401]LogModuleManager: Shutting down and abandoning module ShaderFormatVectorVM (155)
[2018.09.02-14.09.02:401][401]LogModuleManager: Shutting down and abandoning module ShaderFormatOpenGL (153)
[2018.09.02-14.09.02:401][401]LogModuleManager: Shutting down and abandoning module ShaderFormatD3D (151)
[2018.09.02-14.09.02:401][401]LogModuleManager: Shutting down and abandoning module MetalShaderFormat (149)
[2018.09.02-14.09.02:401][401]LogModuleManager: Shutting down and abandoning module TextureFormatUncompressed (147)
[2018.09.02-14.09.02:401][401]LogModuleManager: Shutting down and abandoning module TextureFormatPVR (145)
[2018.09.02-14.09.02:401][401]LogModuleManager: Shutting down and abandoning module TextureFormatDXT (143)
[2018.09.02-14.09.02:401][401]LogModuleManager: Shutting down and abandoning module TextureFormatIntelISPCTexComp (141)
[2018.09.02-14.09.02:401][401]LogModuleManager: Shutting down and abandoning module TextureFormatASTC (139)
[2018.09.02-14.09.02:401][401]LogModuleManager: Shutting down and abandoning module ImageWrapper (138)
[2018.09.02-14.09.02:401][401]LogModuleManager: Shutting down and abandoning module TextureFormatAndroid (135)
[2018.09.02-14.09.02:401][401]LogModuleManager: Shutting down and abandoning module AudioFormatOpus (133)
[2018.09.02-14.09.02:401][401]LogModuleManager: Shutting down and abandoning module AudioFormatOgg (131)
[2018.09.02-14.09.02:401][401]LogModuleManager: Shutting down and abandoning module AudioFormatADPCM (129)
[2018.09.02-14.09.02:401][401]LogModuleManager: Shutting down and abandoning module LuminTargetPlatform (127)
[2018.09.02-14.09.02:401][401]LogModuleManager: Shutting down and abandoning module LinuxTargetPlatform (125)
[2018.09.02-14.09.02:401][401]LogModuleManager: Shutting down and abandoning module LinuxServerTargetPlatform (123)
[2018.09.02-14.09.02:401][401]LogModuleManager: Shutting down and abandoning module LinuxNoEditorTargetPlatform (121)
[2018.09.02-14.09.02:402][401]LogModuleManager: Shutting down and abandoning module LinuxClientTargetPlatform (119)
[2018.09.02-14.09.02:402][401]LogModuleManager: Shutting down and abandoning module TVOSTargetPlatform (117)
[2018.09.02-14.09.02:403][401]LogModuleManager: Shutting down and abandoning module Messaging (115)
[2018.09.02-14.09.02:403][401]LogModuleManager: Shutting down and abandoning module IOSTargetPlatform (113)
[2018.09.02-14.09.02:404][401]LogModuleManager: Shutting down and abandoning module HTML5TargetPlatform (111)
[2018.09.02-14.09.02:404][401]LogModuleManager: Shutting down and abandoning module AndroidTargetPlatform (109)
[2018.09.02-14.09.02:415][401]LogModuleManager: Shutting down and abandoning module WindowsTargetPlatform (107)
[2018.09.02-14.09.02:415][401]LogModuleManager: Shutting down and abandoning module WindowsServerTargetPlatform (105)
[2018.09.02-14.09.02:415][401]LogModuleManager: Shutting down and abandoning module WindowsNoEditorTargetPlatform (103)
[2018.09.02-14.09.02:415][401]LogModuleManager: Shutting down and abandoning module WindowsClientTargetPlatform (101)
[2018.09.02-14.09.02:415][401]LogModuleManager: Shutting down and abandoning module MacTargetPlatform (99)
[2018.09.02-14.09.02:415][401]LogModuleManager: Shutting down and abandoning module MacServerTargetPlatform (97)
[2018.09.02-14.09.02:415][401]LogModuleManager: Shutting down and abandoning module MacNoEditorTargetPlatform (95)
[2018.09.02-14.09.02:415][401]LogModuleManager: Shutting down and abandoning module MacClientTargetPlatform (93)
[2018.09.02-14.09.02:416][401]LogModuleManager: Shutting down and abandoning module AllDesktopTargetPlatform (91)
[2018.09.02-14.09.02:416][401]LogModuleManager: Shutting down and abandoning module InputCore (88)
[2018.09.02-14.09.02:416][401]LogModuleManager: Shutting down and abandoning module Settings (86)
[2018.09.02-14.09.02:416][401]LogModuleManager: Shutting down and abandoning module PhysXCooking (84)
[2018.09.02-14.09.02:416][401]LogModuleManager: Shutting down and abandoning module SteamVR (82)
[2018.09.02-14.09.02:416][401]LogModuleManager: Shutting down and abandoning module OculusHMD (80)
[2018.09.02-14.09.02:416][401]LogModuleManager: Shutting down and abandoning module ExampleDeviceProfileSelector (78)
[2018.09.02-14.09.02:416][401]LogModuleManager: Shutting down and abandoning module LauncherChunkInstaller (76)
[2018.09.02-14.09.02:416][401]LogModuleManager: Shutting down and abandoning module OnlineBlueprintSupport (74)
[2018.09.02-14.09.02:416][401]LogModuleManager: Shutting down and abandoning module OnlineSubsystem (70)
[2018.09.02-14.09.02:416][401]LogModuleManager: Shutting down and abandoning module XMPP (65)
[2018.09.02-14.09.02:417][401]LogModuleManager: Shutting down and abandoning module WebSockets (64)
[2018.09.02-14.09.02:424][401]LogModuleManager: Shutting down and abandoning module HTTP (61)
[2018.09.02-14.09.02:424][401]LogHttp: Display: Http module shutting down, but needs to wait on 1 outstanding Http requests:
[2018.09.02-14.09.02:424][401]LogHttp: Display: 	verb=[POST] url=[https://datarouter.ol.epicgames.com/datarouter/api/v1/public/data?SessionID=%7BBF265DF0-4B4C-38AF-C4CA-FB9004604977%7D&AppID=UEEditor.Rocket.Release&AppVersion=4.20.2-4302132%2B%2B%2BUE4%2BRelease-4.20&UserID=bd3365cb4bcd56cec9aad08d5897bf13%7Cfecb6c03226b464e8cf617cb66b3f4ff%7C7efc674c-fb14-43c4-baab-880355321032&AppEnvironment=datacollector-binary&UploadType=eteventstream] status=Processing
[2018.09.02-14.09.02:456][401]LogModuleManager: Shutting down and abandoning module SSL (60)
[2018.09.02-14.09.02:457][401]LogModuleManager: Shutting down and abandoning module MagicLeapEmulator (56)
[2018.09.02-14.09.02:457][401]LogModuleManager: Shutting down and abandoning module MagicLeapPrivileges (54)
[2018.09.02-14.09.02:457][401]LogModuleManager: Shutting down and abandoning module MagicLeapIdentity (52)
[2018.09.02-14.09.02:457][401]LogModuleManager: Shutting down and abandoning module MagicLeapHelperVulkan (50)
[2018.09.02-14.09.02:457][401]LogModuleManager: Shutting down and abandoning module MagicLeapHelperOpenGL (48)
[2018.09.02-14.09.02:457][401]LogModuleManager: Shutting down and abandoning module MagicLeapSecureStorage (46)
[2018.09.02-14.09.02:457][401]LogModuleManager: Shutting down and abandoning module MagicLeapGestures (44)
[2018.09.02-14.09.02:457][401]LogModuleManager: Shutting down and abandoning module MagicLeapEyeTracker (42)
[2018.09.02-14.09.02:457][401]LogModuleManager: Shutting down and abandoning module MagicLeapController (40)
[2018.09.02-14.09.02:457][401]LogSlate: Slate User Destroyed.  User Index 0, Is Virtual User: 0
[2018.09.02-14.09.02:457][401]LogModuleManager: Shutting down and abandoning module MagicLeap (38)
[2018.09.02-14.09.02:457][401]LogModuleManager: Shutting down and abandoning module AnimationModifiers (36)
[2018.09.02-14.09.02:457][401]LogModuleManager: Shutting down and abandoning module PropertyEditor (35)
[2018.09.02-14.09.02:457][401]LogModuleManager: Shutting down and abandoning module AudioEditor (32)
[2018.09.02-14.09.02:457][401]LogModuleManager: Shutting down and abandoning module TextureCompressor (30)
[2018.09.02-14.09.02:458][401]LogModuleManager: Shutting down and abandoning module ShaderCore (28)
[2018.09.02-14.09.02:458][401]LogModuleManager: Shutting down and abandoning module Landscape (26)
[2018.09.02-14.09.02:458][401]LogModuleManager: Shutting down and abandoning module SlateRHIRenderer (24)
[2018.09.02-14.09.02:458][401]LogModuleManager: Shutting down and abandoning module OpenGLDrv (22)
[2018.09.02-14.09.02:458][401]LogModuleManager: Shutting down and abandoning module D3D11RHI (20)
[2018.09.02-14.09.02:458][401]LogModuleManager: Shutting down and abandoning module AnimGraphRuntime (18)
[2018.09.02-14.09.02:458][401]LogModuleManager: Shutting down and abandoning module Renderer (16)
[2018.09.02-14.09.02:458][401]LogModuleManager: Shutting down and abandoning module Engine (14)
[2018.09.02-14.09.02:458][401]LogModuleManager: Shutting down and abandoning module CoreUObject (12)
[2018.09.02-14.09.02:458][401]LogModuleManager: Shutting down and abandoning module NetworkFile (10)
[2018.09.02-14.09.02:458][401]LogModuleManager: Shutting down and abandoning module CookedIterativeFile (8)
[2018.09.02-14.09.02:458][401]LogModuleManager: Shutting down and abandoning module StreamingFile (6)
[2018.09.02-14.09.02:458][401]LogModuleManager: Shutting down and abandoning module SandboxFile (4)
[2018.09.02-14.09.02:458][401]LogModuleManager: Shutting down and abandoning module PakFile (2)
[2018.09.02-14.09.02:466][401]LogExit: Exiting.
[2018.09.02-14.09.02:476][401]Log file closed, 09/02/18 16:09:02
