Log file open, 09/02/18 22:23:51
LogWindows: Failed to load 'aqProf.dll' (GetLastError=126)
LogWindows: File 'aqProf.dll' does not exist
LogWindows: Failed to load 'VSPerf140.dll' (GetLastError=126)
LogWindows: File 'VSPerf140.dll' does not exist
LogWindows: Failed to load 'VtuneApi.dll' (GetLastError=126)
LogWindows: File 'VtuneApi.dll' does not exist
LogWindows: Failed to load 'VtuneApi32e.dll' (GetLastError=126)
LogWindows: File 'VtuneApi32e.dll' does not exist
LogInit: Display: Running engine for game: speed_limit
LogPlatformFile: Not using cached read wrapper
LogTaskGraph: Started task graph with 5 named threads and 23 total threads with 3 sets of task threads.
LogStats: Stats thread started at 0.298923
LogD3D11RHI: Loaded GFSDK_Aftermath_Lib.x64.dll
LogICUInternationalization: Display: ICU TimeZone Detection - Raw Offset: +1:00, Platform Override: ''
LogPluginManager: Mounting plugin Paper2D
LogPluginManager: Mounting plugin AISupport
LogPluginManager: Mounting plugin LightPropagationVolume
LogPluginManager: Mounting plugin CLionSourceCodeAccess
LogPluginManager: Mounting plugin CodeLiteSourceCodeAccess
LogPluginManager: Mounting plugin GitSourceControl
LogPluginManager: Mounting plugin KDevelopSourceCodeAccess
LogPluginManager: Mounting plugin NullSourceCodeAccess
LogPluginManager: Mounting plugin PerforceSourceControl
LogPluginManager: Mounting plugin SubversionSourceControl
LogPluginManager: Mounting plugin UObjectPlugin
LogPluginManager: Mounting plugin VisualStudioCodeSourceCodeAccess
LogPluginManager: Mounting plugin VisualStudioSourceCodeAccess
LogPluginManager: Mounting plugin XCodeSourceCodeAccess
LogPluginManager: Mounting plugin AssetManagerEditor
LogPluginManager: Mounting plugin CryptoKeys
LogPluginManager: Mounting plugin DataValidation
LogPluginManager: Mounting plugin FacialAnimation
LogPluginManager: Mounting plugin GameplayTagsEditor
LogPluginManager: Mounting plugin MacGraphicsSwitching
LogPluginManager: Mounting plugin MeshEditor
LogPluginManager: Mounting plugin MobileLauncherProfileWizard
LogPluginManager: Mounting plugin PluginBrowser
LogPluginManager: Mounting plugin SpeedTreeImporter
LogPluginManager: Mounting plugin DatasmithContent
LogPluginManager: Mounting plugin AlembicImporter
LogPluginManager: Mounting plugin AppleImageUtils
LogPluginManager: Mounting plugin AppleVision
LogPluginManager: Mounting plugin BackChannel
LogPluginManager: Mounting plugin CharacterAI
LogPluginManager: Mounting plugin GeometryCache
LogPluginManager: Mounting plugin HTML5Networking
LogPluginManager: Mounting plugin ProxyLODPlugin
LogPluginManager: Mounting plugin RawInput
LogPluginManager: Mounting plugin MagicLeap
LogPluginManager: Mounting plugin MagicLeapEmulator
LogPluginManager: Mounting plugin MagicLeapMedia
LogPluginManager: Mounting plugin AndroidMedia
LogPluginManager: Mounting plugin AvfMedia
LogPluginManager: Mounting plugin ImgMedia
LogPluginManager: Mounting plugin LinearTimecode
LogPluginManager: Mounting plugin MediaCompositing
LogPluginManager: Mounting plugin MediaPlayerEditor
LogPluginManager: Mounting plugin WmfMedia
LogPluginManager: Mounting plugin TcpMessaging
LogPluginManager: Mounting plugin UdpMessaging
LogPluginManager: Mounting plugin ActorSequence
LogPluginManager: Mounting plugin LevelSequenceEditor
LogPluginManager: Mounting plugin MatineeToLevelSequence
LogPluginManager: Mounting plugin NetcodeUnitTest
LogPluginManager: Mounting plugin NUTUnrealEngine4
LogPluginManager: Mounting plugin OnlineSubsystemGooglePlay
LogPluginManager: Mounting plugin OnlineSubsystemIOS
LogPluginManager: Mounting plugin OnlineSubsystem
LogPluginManager: Mounting plugin OnlineSubsystemNull
LogPluginManager: Mounting plugin OnlineSubsystemUtils
LogPluginManager: Mounting plugin LauncherChunkInstaller
LogPluginManager: Mounting plugin AndroidDeviceProfileSelector
LogPluginManager: Mounting plugin AndroidMoviePlayer
LogPluginManager: Mounting plugin AndroidPermission
LogPluginManager: Mounting plugin AppleMoviePlayer
LogPluginManager: Mounting plugin ArchVisCharacter
LogPluginManager: Mounting plugin AudioCapture
LogPluginManager: Mounting plugin CableComponent
LogPluginManager: Mounting plugin CustomMeshComponent
LogPluginManager: Mounting plugin EditableMesh
LogPluginManager: Mounting plugin ExampleDeviceProfileSelector
LogPluginManager: Mounting plugin GoogleCloudMessaging
LogPluginManager: Mounting plugin ImmediatePhysics
LogPluginManager: Mounting plugin IOSDeviceProfileSelector
LogPluginManager: Mounting plugin LinuxDeviceProfileSelector
LogPluginManager: Mounting plugin LocationServicesBPLibrary
LogPluginManager: Mounting plugin MobilePatchingUtils
LogPluginManager: Mounting plugin OculusVR
LogPluginManager: Plugin shader directory ../../../Engine/Plugins/Runtime/Oculus/OculusVR/Shaders found
LogPluginManager: Mapping shader source directory ../../../Engine/Plugins/Runtime/Oculus/OculusVR/Shaders to virtual directory /Plugin/OculusVR
LogPluginManager: Mounting plugin PhysXVehicles
LogPluginManager: Mounting plugin ProceduralMeshComponent
LogPluginManager: Mounting plugin RuntimePhysXCooking
LogPluginManager: Mounting plugin SteamVR
LogPluginManager: Mounting plugin WindowsMoviePlayer
LogStreaming: Display: Took  0.094s to configure plugins.
LogInit: Using libcurl 7.55.1-DEV
LogInit:  - built for x86_64-pc-win32
LogInit:  - supports SSL with OpenSSL/1.0.2h
LogInit:  - supports HTTP deflate (compression) using libz 1.2.8
LogInit:  - other features:
LogInit:      CURL_VERSION_SSL
LogInit:      CURL_VERSION_LIBZ
LogInit:      CURL_VERSION_IPV6
LogInit:      CURL_VERSION_ASYNCHDNS
LogInit:      CURL_VERSION_LARGEFILE
LogInit:      CURL_VERSION_IDN
LogInit:  CurlRequestOptions (configurable via config and command line):
LogInit:  - bVerifyPeer = false  - Libcurl will NOT verify peer certificate
LogInit:  - bUseHttpProxy = false  - Libcurl will NOT use HTTP proxy
LogInit:  - bDontReuseConnections = false  - Libcurl will reuse connections
LogInit:  - CertBundlePath = nullptr  - Libcurl will use whatever was configured at build time.
LogInit:  - MaxHostConnections = 16  - Libcurl will limit the number of connections to a host
LogInit:  - LocalHostAddr = Default
LogInit:  - BufferSize = 65536
LogInit: WinSock: version 1.1 (2.2), MaxSocks=32767, MaxUdp=65467
LogInit: Build: ++UE4+Release-4.20-CL-4302132
LogInit: Engine Version: 4.20.2-4302132+++UE4+Release-4.20
LogInit: Compatible Engine Version: 4.20.0-4212847+++UE4+Release-4.20
LogInit: Net CL: 4212847
LogInit: OS: Windows 10 (), CPU: Intel(R) Core(TM) i7-6700HQ CPU @ 2.60GHz, GPU: Intel(R) HD Graphics 530
LogInit: Compiled (64-bit): Aug 21 2018 02:06:06
LogInit: Compiled with Visual C++: 19.13.26129.00
LogInit: Build Configuration: Development
LogInit: Branch Name: ++UE4+Release-4.20
LogInit: Command Line:  
LogInit: Base Directory: D:/UE4/UE_4.20/Engine/Binaries/Win64/
LogInit: Installed Engine Build: 1
LogDevObjectVersion: Number of dev versions registered: 20
LogDevObjectVersion:   Dev-Blueprints (B0D832E4-1F89-4F0D-ACCF-7EB736FD4AA2): 10
LogDevObjectVersion:   Dev-Build (E1C64328-A22C-4D53-A36C-8E866417BD8C): 0
LogDevObjectVersion:   Dev-Core (375EC13C-06E4-48FB-B500-84F0262A717E): 2
LogDevObjectVersion:   Dev-Editor (E4B068ED-F494-42E9-A231-DA0B2E46BB41): 24
LogDevObjectVersion:   Dev-Framework (CFFC743F-43B0-4480-9391-14DF171D2073): 34
LogDevObjectVersion:   Dev-Mobile (B02B49B5-BB20-44E9-A304-32B752E40360): 2
LogDevObjectVersion:   Dev-Networking (A4E4105C-59A1-49B5-A7C5-40C4547EDFEE): 0
LogDevObjectVersion:   Dev-Online (39C831C9-5AE6-47DC-9A44-9C173E1C8E7C): 0
LogDevObjectVersion:   Dev-Physics (78F01B33-EBEA-4F98-B9B4-84EACCB95AA2): 0
LogDevObjectVersion:   Dev-Platform (6631380F-2D4D-43E0-8009-CF276956A95A): 0
LogDevObjectVersion:   Dev-Rendering (12F88B9F-8875-4AFC-A67C-D90C383ABD29): 26
LogDevObjectVersion:   Dev-Sequencer (7B5AE74C-D270-4C10-A958-57980B212A5A): 9
LogDevObjectVersion:   Dev-VR (D7296918-1DD6-4BDD-9DE2-64A83CC13884): 2
LogDevObjectVersion:   Dev-LoadTimes (C2A15278-BFE7-4AFE-6C17-90FF531DF755): 1
LogDevObjectVersion:   Private-Geometry (6EACA3D4-40EC-4CC1-B786-8BED09428FC5): 3
LogDevObjectVersion:   Dev-AnimPhys (29E575DD-E0A3-4627-9D10-D276232CDCEA): 17
LogDevObjectVersion:   Dev-ReflectionCapture (6B266CEC-1EC7-4B8F-A30B-E4D90942FC07): 1
LogDevObjectVersion:   Dev-Automation (0DF73D61-A23F-47EA-B727-89E90C41499A): 1
LogDevObjectVersion:   FortniteMain (601D1886-AC64-4F84-AA16-D3DE0DEAC7D6): 12
LogDevObjectVersion:   Dev-Enterprise (9DFFBCD6-494F-0158-E221-12823C92A888): 1
LogStreaming: Display: Took  0.001s to delete old logs.
LogInit: Presizing for max 8388607 objects, including 0 objects not considered by GC, pre-allocating 0 bytes for permanent pool.
LogInit: Object subsystem initialized
[2018.09.02-20.23.52:231][  0]LogInit: Selected Device Profile: [Windows]
[2018.09.02-20.23.52:231][  0]LogInit: Applying CVar settings loaded from the selected device profile: [Windows]
[2018.09.02-20.23.52:244][  0]LogHAL: Display: Platform has ~ 16 GB [17054654464 / 17179869184 / 16], which maps to Larger [LargestMinGB=32, LargerMinGB=12, DefaultMinGB=8, SmallerMinGB=6, SmallestMinGB=0)
[2018.09.02-20.23.52:244][  0]LogInit: Setting Device Profile CVar: [[r.Vulkan.UseRealUBs:1]]
[2018.09.02-20.23.52:244][  0]LogInit: Going up to parent DeviceProfile []
[2018.09.02-20.23.52:245][  0]LogInit: Computer: PIETSONS-ULTRA-
[2018.09.02-20.23.52:245][  0]LogInit: User: Pieter
[2018.09.02-20.23.52:245][  0]LogInit: CPU Page size=4096, Cores=4
[2018.09.02-20.23.52:245][  0]LogInit: High frequency timer resolution =2.531253 MHz
[2018.09.02-20.23.52:245][  0]LogMemory: Memory total: Physical=15.9GB (16GB approx)
[2018.09.02-20.23.52:245][  0]LogMemory: Platform Memory Stats for Windows
[2018.09.02-20.23.52:245][  0]LogMemory: Process Physical Memory: 102.32 MB used, 102.32 MB peak
[2018.09.02-20.23.52:245][  0]LogMemory: Process Virtual Memory: 89.51 MB used, 89.51 MB peak
[2018.09.02-20.23.52:245][  0]LogMemory: Physical Memory: 7247.13 MB used,  9017.46 MB free, 16264.59 MB total
[2018.09.02-20.23.52:245][  0]LogMemory: Virtual Memory: 4638.66 MB used,  9017.46 MB free, 134217728.00 MB total
[2018.09.02-20.23.52:270][  0]LogInit: Using OS detected language (en-US).
[2018.09.02-20.23.52:270][  0]LogInit: Using OS detected locale (en-US).
[2018.09.02-20.23.52:271][  0]LogTextLocalizationManager: No specific localization for 'en-US' exists, so the 'en' localization will be used.
[2018.09.02-20.23.52:685][  0]LogStreaming: Display: Took  0.416s to InitEngineTextLocalization.
[2018.09.02-20.23.52:686][  0]LogInit: Setting process to per monitor DPI aware
[2018.09.02-20.23.52:736][  0]LogSlate: New Slate User Created.  User Index 0, Is Virtual User: 0
[2018.09.02-20.23.52:736][  0]LogSlate: Slate User Registered.  User Index 0, Is Virtual User: 0
[2018.09.02-20.23.52:950][  0]LogHMD: Failed to initialize OpenVR with code 110
[2018.09.02-20.23.52:950][  0]LogD3D11RHI: D3D11 adapters:
[2018.09.02-20.23.53:003][  0]LogD3D11RHI:    0. 'NVIDIA Quadro M2000M' (Feature Level 11_0)
[2018.09.02-20.23.53:003][  0]LogD3D11RHI:       4062/0/8132 MB DedicatedVideo/DedicatedSystem/SharedSystem, Outputs:1, VendorId:0x10de
[2018.09.02-20.23.53:016][  0]LogD3D11RHI:    1. 'Intel(R) HD Graphics 530' (Feature Level 11_0)
[2018.09.02-20.23.53:016][  0]LogD3D11RHI:       128/0/8132 MB DedicatedVideo/DedicatedSystem/SharedSystem, Outputs:1, VendorId:0x8086
[2018.09.02-20.23.53:018][  0]LogD3D11RHI:    2. 'Microsoft Basic Render Driver' (Feature Level 11_0)
[2018.09.02-20.23.53:018][  0]LogD3D11RHI:       0/0/8132 MB DedicatedVideo/DedicatedSystem/SharedSystem, Outputs:0, VendorId:0x1414
[2018.09.02-20.23.53:018][  0]LogD3D11RHI: Chosen D3D11 Adapter: 0
[2018.09.02-20.23.53:027][  0]LogD3D11RHI: Creating new Direct3DDevice
[2018.09.02-20.23.53:027][  0]LogD3D11RHI:     GPU DeviceId: 0x13b0 (for the marketing name, search the web for "GPU Device Id")
[2018.09.02-20.23.53:027][  0]LogWindows: EnumDisplayDevices:
[2018.09.02-20.23.53:027][  0]LogWindows:    0. 'Intel(R) HD Graphics 530' (P:0 D:1)
[2018.09.02-20.23.53:027][  0]LogWindows:    1. 'Intel(R) HD Graphics 530' (P:0 D:0)
[2018.09.02-20.23.53:028][  0]LogWindows:    2. 'Intel(R) HD Graphics 530' (P:0 D:0)
[2018.09.02-20.23.53:028][  0]LogWindows:    3. 'NVIDIA Quadro M2000M' (P:1 D:1)
[2018.09.02-20.23.53:028][  0]LogWindows:    4. 'NVIDIA Quadro M2000M' (P:0 D:0)
[2018.09.02-20.23.53:028][  0]LogWindows:    5. 'NVIDIA Quadro M2000M' (P:0 D:0)
[2018.09.02-20.23.53:028][  0]LogWindows:    6. 'NVIDIA Quadro M2000M' (P:0 D:0)
[2018.09.02-20.23.53:029][  0]LogWindows: DebugString: PrimaryIsNotTheChoosenAdapter PrimaryIsNotTheChoosenAdapter PrimaryIsNotTheChoosenAdapter FoundDriverCount:4 
[2018.09.02-20.23.53:029][  0]LogD3D11RHI:     Adapter Name: NVIDIA Quadro M2000M
[2018.09.02-20.23.53:029][  0]LogD3D11RHI:   Driver Version: 385.73 (internal:22.21.13.8573, unified:385.73)
[2018.09.02-20.23.53:029][  0]LogD3D11RHI:      Driver Date: 9-25-2017
[2018.09.02-20.23.53:029][  0]LogRHI: Texture pool is 2843 MB (70% of 4062 MB)
[2018.09.02-20.23.53:062][  0]LogD3D11RHI: Async texture creation enabled
[2018.09.02-20.23.53:075][  0]LogD3D11RHI: GPU Timing Frequency: 1000.000000 (Debug: 2 1)
[2018.09.02-20.23.53:129][  0]LogShaderCompilers: Guid format shader working directory is -18 characters bigger than the processId version (../../../../../_SUMMER18/Speed Limit/Git/speed-limit/speed_limit/Intermediate/Shaders/WorkingDirectory/12776/).
[2018.09.02-20.23.53:129][  0]LogShaderCompilers: Cleaned the shader compiler working directory 'C:/Users/Pieter/AppData/Local/Temp/UnrealShaderWorkingDir/3A1D0F1B47317059C16071BE3C22155E/'.
[2018.09.02-20.23.53:441][  0]LogTemp: Display: Loaded TP AllDesktopTargetPlatform
[2018.09.02-20.23.53:453][  0]LogTemp: Display: Loaded TP MacClientTargetPlatform
[2018.09.02-20.23.53:466][  0]LogTemp: Display: Loaded TP MacNoEditorTargetPlatform
[2018.09.02-20.23.53:482][  0]LogTemp: Display: Loaded TP MacServerTargetPlatform
[2018.09.02-20.23.53:497][  0]LogTemp: Display: Loaded TP MacTargetPlatform
[2018.09.02-20.23.53:509][  0]LogTemp: Display: Loaded TP WindowsClientTargetPlatform
[2018.09.02-20.23.53:523][  0]LogTemp: Display: Loaded TP WindowsNoEditorTargetPlatform
[2018.09.02-20.23.53:537][  0]LogTemp: Display: Loaded TP WindowsServerTargetPlatform
[2018.09.02-20.23.53:544][  0]LogTemp: Display: Loaded TP WindowsTargetPlatform
[2018.09.02-20.23.53:625][  0]LogTemp: Display: Loaded TP AndroidTargetPlatform
[2018.09.02-20.23.53:625][  0]LogTemp: Display: Loaded TP AndroidTargetPlatform
[2018.09.02-20.23.53:625][  0]LogTemp: Display: Loaded TP AndroidTargetPlatform
[2018.09.02-20.23.53:625][  0]LogTemp: Display: Loaded TP AndroidTargetPlatform
[2018.09.02-20.23.53:626][  0]LogTemp: Display: Loaded TP AndroidTargetPlatform
[2018.09.02-20.23.53:626][  0]LogTemp: Display: Loaded TP AndroidTargetPlatform
[2018.09.02-20.23.53:626][  0]LogTemp: Display: Loaded TP AndroidTargetPlatform
[2018.09.02-20.23.53:626][  0]LogTemp: Display: Loaded TP AndroidTargetPlatform
[2018.09.02-20.23.53:626][  0]LogTemp: Display: Loaded TP AndroidTargetPlatform
[2018.09.02-20.23.53:626][  0]LogTemp: Display: Loaded TP AndroidTargetPlatform
[2018.09.02-20.23.53:626][  0]LogTemp: Display: Loaded TP AndroidTargetPlatform
[2018.09.02-20.23.53:626][  0]LogTemp: Display: Loaded TP AndroidTargetPlatform
[2018.09.02-20.23.53:626][  0]LogTemp: Display: Loaded TP AndroidTargetPlatform
[2018.09.02-20.23.53:626][  0]LogTemp: Display: Loaded TP AndroidTargetPlatform
[2018.09.02-20.23.53:626][  0]LogTemp: Display: Loaded TP AndroidTargetPlatform
[2018.09.02-20.23.53:626][  0]LogTemp: Display: Loaded TP AndroidTargetPlatform
[2018.09.02-20.23.53:626][  0]LogTemp: Display: Loaded TP AndroidTargetPlatform
[2018.09.02-20.23.53:626][  0]LogTemp: Display: Loaded TP AndroidTargetPlatform
[2018.09.02-20.23.53:627][  0]LogTemp: Display: Loaded TP HTML5TargetPlatform
[2018.09.02-20.23.53:690][  0]LogTemp: Display: Loaded TP IOSTargetPlatform
[2018.09.02-20.23.53:690][  0]LogTemp: Display: Loaded TP IOSTargetPlatform
[2018.09.02-20.23.53:716][  0]LogTemp: Display: Loaded TP TVOSTargetPlatform
[2018.09.02-20.23.53:716][  0]LogTemp: Display: Loaded TP TVOSTargetPlatform
[2018.09.02-20.23.53:731][  0]LogTemp: Display: Loaded TP LinuxClientTargetPlatform
[2018.09.02-20.23.53:747][  0]LogTemp: Display: Loaded TP LinuxNoEditorTargetPlatform
[2018.09.02-20.23.53:763][  0]LogTemp: Display: Loaded TP LinuxServerTargetPlatform
[2018.09.02-20.23.53:782][  0]LogTemp: Display: Loaded TP LinuxTargetPlatform
[2018.09.02-20.23.53:794][  0]LogTemp: Display: Loaded TP LuminTargetPlatform
[2018.09.02-20.23.53:794][  0]LogTargetPlatformManager: Display: Building Assets For Windows
[2018.09.02-20.23.53:857][  0]LogXGEController: Cannot use XGE Controller as Incredibuild is not installed on this machine.
[2018.09.02-20.23.53:857][  0]LogShaderCompilers: Cannot use XGE Shader Compiler as Incredibuild is not installed on this machine.
[2018.09.02-20.23.53:857][  0]LogShaderCompilers: Display: Using Local Shader Compiler.
[2018.09.02-20.23.54:663][  0]LogDerivedDataCache: Display: Max Cache Size: 512 MB
[2018.09.02-20.23.54:733][  0]LogDerivedDataCache: Loaded boot cache 0.07s 71MB C:/Users/Pieter/AppData/Local/UnrealEngine/4.20/DerivedDataCache/Boot.ddc.
[2018.09.02-20.23.54:733][  0]LogDerivedDataCache: Display: Loaded Boot cache: C:/Users/Pieter/AppData/Local/UnrealEngine/4.20/DerivedDataCache/Boot.ddc
[2018.09.02-20.23.54:733][  0]LogDerivedDataCache: FDerivedDataBackendGraph:  Pak pak cache file ../../../../../_SUMMER18/Speed Limit/Git/speed-limit/speed_limit/DerivedDataCache/DDC.ddp not found, will not use a pak cache.
[2018.09.02-20.23.54:733][  0]LogDerivedDataCache: Unable to find inner node Pak for hierarchical cache Hierarchy.
[2018.09.02-20.23.54:733][  0]LogDerivedDataCache: FDerivedDataBackendGraph:  CompressedPak pak cache file ../../../../../_SUMMER18/Speed Limit/Git/speed-limit/speed_limit/DerivedDataCache/Compressed.ddp not found, will not use a pak cache.
[2018.09.02-20.23.54:733][  0]LogDerivedDataCache: Unable to find inner node CompressedPak for hierarchical cache Hierarchy.
[2018.09.02-20.23.54:749][  0]LogDerivedDataCache: Display: Pak cache opened for reading ../../../Engine/DerivedDataCache/Compressed.ddp.
[2018.09.02-20.23.54:761][  0]LogDerivedDataCache: Using Local data cache path C:/Users/Pieter/AppData/Local/UnrealEngine/Common/DerivedDataCache: Writable
[2018.09.02-20.23.54:762][  0]LogDerivedDataCache: Shared data cache path not found in *engine.ini, will not use an Shared cache.
[2018.09.02-20.23.54:762][  0]LogDerivedDataCache: Unable to find inner node Shared for hierarchical cache Hierarchy.
[2018.09.02-20.23.54:783][  0]LogMaterial: Verifying Global Shaders for PCD3D_SM5
[2018.09.02-20.23.54:785][  0]LogSlate: Using FreeType 2.6.0
[2018.09.02-20.23.54:785][  0]LogSlate: SlateFontServices - WITH_FREETYPE: 1, WITH_HARFBUZZ: 1
[2018.09.02-20.23.54:866][  0]LogAssetRegistry: FAssetRegistry took 0.0270 seconds to start up
[2018.09.02-20.23.55:269][  0]LogInit: Selected Device Profile: [Windows]
[2018.09.02-20.23.55:324][  0]LogSimplygon: Simplygon DLL not present - disabling.
[2018.09.02-20.23.55:327][  0]LogMeshReduction: Using SimplygonSwarm for distributed automatic mesh merging
[2018.09.02-20.23.55:327][  0]LogMeshReduction: Using ProxyLODMeshReduction for automatic mesh merging
[2018.09.02-20.23.55:327][  0]LogMeshReduction: Using QuadricMeshReduction for automatic static mesh reduction
[2018.09.02-20.23.55:327][  0]LogMeshReduction: No automatic skeletal mesh reduction module available
[2018.09.02-20.23.55:439][  0]LogNetVersion: speed_limit 1.0.0, NetCL: 4212847, EngineNetVer: 5, GameNetVer: 0 (Checksum: 154325319)
[2018.09.02-20.23.56:036][  0]LogPackageLocalizationCache: Processed 11 localized package path(s) for 2 prioritized culture(s) in 0.107941 seconds
[2018.09.02-20.23.56:045][  0]LogUObjectArray: 38425 objects as part of root set at end of initial load.
[2018.09.02-20.23.56:045][  0]LogUObjectAllocator: 6690872 out of 0 bytes used by permanent object pool.
[2018.09.02-20.23.56:045][  0]LogUObjectArray: CloseDisregardForGC: 0/0 objects in disregard for GC pool
[2018.09.02-20.23.56:960][  0]LogTcpMessaging: Initializing TcpMessaging bridge
[2018.09.02-20.23.56:973][  0]LogUdpMessaging: Initializing bridge on interface 0.0.0.0:0 to multicast group 230.0.0.1:6666.
[2018.09.02-20.23.57:124][  0]SourceControl: Source control is disabled
[2018.09.02-20.23.57:124][  0]SourceControl: Source control is disabled
[2018.09.02-20.23.57:126][  0]SourceControl: Source control is disabled
[2018.09.02-20.23.57:127][  0]SourceControl: Source control is disabled
[2018.09.02-20.23.57:296][  0]LogAndroidPermission: UAndroidPermissionCallbackProxy::GetInstance
[2018.09.02-20.23.57:413][  0]LogOcInput: OculusInput pre-init called
[2018.09.02-20.23.57:480][  0]LogEngine: Initializing Engine...
[2018.09.02-20.23.57:481][  0]LogHMD: Failed to initialize OpenVR with code 110
[2018.09.02-20.23.57:483][  0]LogStats: UGameplayTagsManager::ConstructGameplayTagTree: ImportINI prefixes -  0.000 s
[2018.09.02-20.23.57:483][  0]LogStats: UGameplayTagsManager::ConstructGameplayTagTree: Construct from data asset -  0.000 s
[2018.09.02-20.23.57:483][  0]LogStats: UGameplayTagsManager::ConstructGameplayTagTree: ImportINI -  0.000 s
[2018.09.02-20.23.57:483][  0]LogStats: UGameplayTagsManager::ConstructGameplayTagTree: GameplayTagTreeChangedEvent.Broadcast -  0.000 s
[2018.09.02-20.23.57:730][  0]LogInit: Initializing FReadOnlyCVARCache
[2018.09.02-20.23.57:742][  0]LogAIModule: Creating AISystem for world Untitled
[2018.09.02-20.23.57:804][  0]LogInit: XAudio2 using 'VX24A-C (NVIDIA High Definition Audio)' : 2 channels at 48 kHz using 16 bits per sample (channel mask 0x3)
[2018.09.02-20.23.57:831][  0]LogInit: FAudioDevice initialized.
[2018.09.02-20.23.57:831][  0]LogNetVersion: Set ProjectVersion to 1.0.0.0. Version Checksum will be recalculated on next use.
[2018.09.02-20.23.57:893][  0]LogDerivedDataCache: Saved boot cache 0.06s 71MB C:/Users/Pieter/AppData/Local/UnrealEngine/4.20/DerivedDataCache/Boot.ddc.
[2018.09.02-20.23.57:914][  0]LogInit: Texture streaming: Enabled
[2018.09.02-20.23.57:928][  0]LogEngineSessionManager: EngineSessionManager initialized
[2018.09.02-20.23.57:941][  0]LogInit: Transaction tracking system initialized
[2018.09.02-20.23.57:957][  0]BlueprintLog: New page: Editor Load
[2018.09.02-20.23.58:033][  0]LocalizationService: Localization service is disabled
[2018.09.02-20.23.58:420][  0]LogCook: Display: Max memory allowance for cook 16384mb min free memory 0mb
[2018.09.02-20.23.58:420][  0]LogCook: Display: Mobile HDR setting 1
[2018.09.02-20.23.58:420][  0]LogGameplayTags: Display: UGameplayTagsManager::DoneAddingNativeTags. DelegateIsBound: 0
[2018.09.02-20.23.58:420][  0]LogStats: UGameplayTagsManager::ConstructGameplayTagTree: ImportINI prefixes -  0.000 s
[2018.09.02-20.23.58:420][  0]LogStats: UGameplayTagsManager::ConstructGameplayTagTree: Construct from data asset -  0.000 s
[2018.09.02-20.23.58:420][  0]LogStats: UGameplayTagsManager::ConstructGameplayTagTree: ImportINI -  0.000 s
[2018.09.02-20.23.58:420][  0]LogStats: UGameplayTagsManager::ConstructGameplayTagTree: GameplayTagTreeChangedEvent.Broadcast -  0.000 s
[2018.09.02-20.23.58:547][  0]LogFileCache: Scanning file cache for directory 'D:/_SUMMER18/Speed Limit/Git/speed-limit/speed_limit/Content/' took 0.01s
[2018.09.02-20.23.58:547][  0]SourceControl: Source control is disabled
[2018.09.02-20.23.58:547][  0]Cmd: MAP LOAD FILE="../../../../../_SUMMER18/Speed Limit/Git/speed-limit/speed_limit/Content/Mainmenu.umap" TEMPLATE=0 SHOWPROGRESS=1 FEATURELEVEL=3
[2018.09.02-20.23.58:548][  0]LightingResults: New page: Lighting Build
[2018.09.02-20.23.58:550][  0]MapCheck: New page: Map Check
[2018.09.02-20.23.58:550][  0]LightingResults: New page: Lighting Build
[2018.09.02-20.23.58:832][  0]LogAIModule: Creating AISystem for world Mainmenu
[2018.09.02-20.23.58:846][  0]LogEditorServer: Finished looking for orphan Actors (0.000 secs)
[2018.09.02-20.23.58:875][  0]Cmd: MAP CHECKDEP NOCLEARLOG
[2018.09.02-20.23.58:937][  0]MapCheck: Map check complete: 0 Error(s), 0 Warning(s), took 61.702ms to complete.
[2018.09.02-20.23.58:937][  0]LogFileHelpers: Loading map 'Mainmenu' took 0.390
[2018.09.02-20.23.59:067][  0]LogSlate: Updating window title bar state: overlay mode, drag disabled, window buttons hidden, title bar hidden
[2018.09.02-20.23.59:077][  0]LogSlate: Updating window title bar state: overlay mode, drag disabled, window buttons hidden, title bar hidden
[2018.09.02-20.23.59:085][  0]LogSlate: Updating window title bar state: overlay mode, drag disabled, window buttons hidden, title bar hidden
[2018.09.02-20.23.59:094][  0]LogSlate: Updating window title bar state: overlay mode, drag disabled, window buttons hidden, title bar hidden
[2018.09.02-20.23.59:100][  0]LogCollectionManager: Loaded 0 collections in 0.000907 seconds
[2018.09.02-20.23.59:146][  0]LogFileCache: Scanning file cache for directory 'D:/_SUMMER18/Speed Limit/Git/speed-limit/speed_limit/Saved/Collections/' took 0.01s
[2018.09.02-20.23.59:146][  0]LogFileCache: Scanning file cache for directory 'D:/_SUMMER18/Speed Limit/Git/speed-limit/speed_limit/Content/Developers/Pieter/Collections/' took 0.01s
[2018.09.02-20.23.59:146][  0]LogFileCache: Scanning file cache for directory 'D:/_SUMMER18/Speed Limit/Git/speed-limit/speed_limit/Content/Collections/' took 0.01s
[2018.09.02-20.23.59:146][  0]LogCollectionManager: Rebuilt the GUID cache for 0 collections in 0.000000 seconds
[2018.09.02-20.23.59:157][  0]LogContentBrowser: Native class hierarchy populated in 0.0099 seconds. Added 2574 classes and 606 folders.
[2018.09.02-20.23.59:163][  0]LogContentBrowser: Native class hierarchy updated for 'WidgetCarousel' in 0.0002 seconds. Added 0 classes and 0 folders.
[2018.09.02-20.23.59:205][  0]LogContentBrowser: Native class hierarchy updated for 'AddContentDialog' in 0.0002 seconds. Added 0 classes and 0 folders.
[2018.09.02-20.23.59:209][  0]LogContentBrowser: Native class hierarchy updated for 'SceneOutliner' in 0.0002 seconds. Added 1 classes and 2 folders.
[2018.09.02-20.23.59:315][  0]LogSlate: Took 0.000269 seconds to synchronously load lazily loaded font '../../../Engine/Content/Slate/Fonts/Roboto-Regular.ttf' (155K)
[2018.09.02-20.23.59:317][  0]LogSlate: Took 0.000233 seconds to synchronously load lazily loaded font '../../../Engine/Content/Slate/Fonts/Roboto-Bold.ttf' (160K)
[2018.09.02-20.23.59:324][  0]LogSlate: Took 0.000229 seconds to synchronously load lazily loaded font '../../../Engine/Content/Editor/Slate/Fonts/FontAwesome.ttf' (139K)
[2018.09.02-20.23.59:419][  0]LogRenderer: Reallocating scene render targets to support 1044x484 Format 10 NumSamples 1 (Frame:1).
[2018.09.02-20.23.59:605][  0]LogContentBrowser: Native class hierarchy updated for 'HierarchicalLODOutliner' in 0.0003 seconds. Added 0 classes and 0 folders.
[2018.09.02-20.23.59:605][  0]LogLoad: (Engine Initialization) Total time: 9.13 seconds
[2018.09.02-20.23.59:605][  0]LogLoad: (Engine Initialization) Total Blueprint compile time: 0.00 seconds
[2018.09.02-20.23.59:616][  0]LogWindowsTextInputMethodSystem: Display: IME system now deactivated.
[2018.09.02-20.23.59:622][  0]LogRawInputWindows: Warning: Found device 0 devices
[2018.09.02-20.23.59:622][  0]LogRawInputWindows: Warning: Found device 0 devices
[2018.09.02-20.23.59:623][  0]LogRawInputWindows: Warning: Device was registered succesfully but not connected (Usage:4 UsagePage:1)
[2018.09.02-20.23.59:623][  0]LogRawInputWindows: Warning: Found device 1 devices
[2018.09.02-20.23.59:623][  0]LogRawInputWindows: Warning: Device was registered succesfully but not connected (Usage:5 UsagePage:1)
[2018.09.02-20.23.59:659][  0]LogContentStreaming: Texture pool size now 1000 MB
[2018.09.02-20.23.59:707][  1]LogFileCache: Retrieving MD5 hashes for directory 'D:/_SUMMER18/Speed Limit/Git/speed-limit/speed_limit/Content/' took 0.07s
[2018.09.02-20.23.59:752][  2]LogAssetRegistry: Asset discovery search completed in 4.9084 seconds
[2018.09.02-20.23.59:759][  2]LogCollectionManager: Rebuilt the object cache for 0 collections in 0.000001 seconds (found 0 objects)
[2018.09.02-20.23.59:759][  2]LogCollectionManager: Fixed up redirectors for 0 collections in 0.000214 seconds (updated 0 objects)
[2018.09.02-20.24.03:768][412]LogSlate: FSceneViewport::OnFocusLost() reason 0
[2018.09.02-20.24.07:833][839]LogSlate: Took 0.000337 seconds to synchronously load lazily loaded font '../../../Engine/Content/Slate/Fonts/Roboto-Light.ttf' (167K)
[2018.09.02-20.24.08:164][839]LogAIModule: Creating AISystem for world Circuit_1
[2018.09.02-20.24.08:179][839]LogAssetEditorManager: Opening Asset editor for World /Game/Circuit_1/Circuit_1.Circuit_1
[2018.09.02-20.24.08:208][839]Cmd: MAP LOAD FILE="../../../../../_SUMMER18/Speed Limit/Git/speed-limit/speed_limit/Content/Circuit_1/Circuit_1.umap" TEMPLATE=0 SHOWPROGRESS=1 FEATURELEVEL=3
[2018.09.02-20.24.08:208][839]LightingResults: New page: Lighting Build
[2018.09.02-20.24.08:209][839]LoadErrors: New page: Loading map: Circuit_1.umap
[2018.09.02-20.24.08:210][839]MapCheck: New page: Map Check
[2018.09.02-20.24.08:210][839]LightingResults: New page: Lighting Build
[2018.09.02-20.24.08:341][839]LogEditorServer: Finished looking for orphan Actors (0.000 secs)
[2018.09.02-20.24.08:412][839]Cmd: MAP CHECKDEP NOCLEARLOG
[2018.09.02-20.24.08:485][839]MapCheck: Map check complete: 0 Error(s), 0 Warning(s), took 72.733ms to complete.
[2018.09.02-20.24.08:485][839]LogFileHelpers: Loading map 'Circuit_1' took 0.278
[2018.09.02-20.24.10:352][ 23]LogEditorViewport: Clicking on Actor (LMB): SpeedLimiter_C (SpeedLimiter)
[2018.09.02-20.24.20:951][  3]LogSlate: FSceneViewport::OnFocusLost() reason 2
[2018.09.02-20.24.22:317][132]LogAssetEditorManager: Opening Asset editor for Blueprint /Game/VehicleBP/Blueprints/SpeedLimiter.SpeedLimiter
[2018.09.02-20.24.22:881][132]LogContentBrowser: Native class hierarchy updated for 'BlueprintGraph' in 0.0007 seconds. Added 116 classes and 0 folders.
[2018.09.02-20.24.23:783][132]LogSlate: Took 0.000242 seconds to synchronously load lazily loaded font '../../../Engine/Content/Slate/Fonts/Roboto-BoldCondensed.ttf' (158K)
[2018.09.02-20.24.25:469][248]LogSlate: Took 0.000235 seconds to synchronously load lazily loaded font '../../../Engine/Content/Slate/Fonts/Roboto-Italic.ttf' (157K)
[2018.09.02-20.24.25:957][277]LogRenderer: Reallocating scene render targets to support 1244x740 Format 10 NumSamples 1 (Frame:1).
[2018.09.02-20.24.30:458][487]LogSlate: FSceneViewport::OnFocusLost() reason 2
[2018.09.02-20.24.33:818][708]LogEditorTransaction: Undo Edit Font
[2018.09.02-20.24.42:989][953]LogSlate: FSceneViewport::OnFocusLost() reason 2
[2018.09.02-20.24.48:928][225]LogSlate: FSceneViewport::OnFocusLost() reason 0
[2018.09.02-20.25.23:156][831]LogSlate: FSceneViewport::OnFocusLost() reason 2
[2018.09.02-20.25.26:832][ 29]LogSlate: Window 'SpeedLimiter*' being destroyed
[2018.09.02-20.25.41:366][212]LogSlate: FSceneViewport::OnFocusLost() reason 0
[2018.09.02-20.25.49:327][786]LogSlate: FSceneViewport::OnFocusLost() reason 0
[2018.09.02-20.26.04:196][928]LogSlate: FSceneViewport::OnFocusLost() reason 2
[2018.09.02-20.26.09:899][403]LogSlate: FSceneViewport::OnFocusLost() reason 2
[2018.09.02-20.26.14:365][754]Cmd: DELETE
[2018.09.02-20.26.14:365][754]Cmd: ACTOR DELETE
[2018.09.02-20.26.14:379][754]LogEditorActor: Deleted Actor: TextRenderActor
[2018.09.02-20.26.14:425][754]LogEditorActor: Deleted 1 Actors (0.060 secs)
[2018.09.02-20.26.15:394][839]LogSlate: FSceneViewport::OnFocusLost() reason 0
[2018.09.02-20.26.15:544][851]LogEditor: Attempting to add actor of class 'FloatingText' to level at -3647.00,291.00,1540.00
[2018.09.02-20.26.16:339][851]LogEditor: Attempting to add actor of class 'FloatingText' to level at -3647.00,291.00,1540.00
[2018.09.02-20.26.24:769][557]Cmd: DELETE
[2018.09.02-20.26.24:769][557]Cmd: ACTOR DELETE
[2018.09.02-20.26.24:775][557]LogEditorActor: Deleted Actor: FloatingText
[2018.09.02-20.26.24:835][557]LogEditorActor: Deleted 1 Actors (0.066 secs)
[2018.09.02-20.27.55:479][ 71]LogSlate: FSceneViewport::OnFocusLost() reason 0
[2018.09.02-20.28.01:619][ 82]LogSlate: Window 'Save Content' being destroyed
[2018.09.02-20.28.01:774][ 82]LogSlate: Window 'speed_limit - Unreal Editor' being destroyed
[2018.09.02-20.28.01:999][ 83]Cmd: QUIT_EDITOR
[2018.09.02-20.28.02:017][ 83]LogWindowsTextInputMethodSystem: Display: IME system now deactivated.
[2018.09.02-20.28.02:030][ 83]LogExit: Preparing to exit.
[2018.09.02-20.28.03:203][ 83]LogExit: Editor shut down
[2018.09.02-20.28.03:203][ 83]LogExit: Transaction tracking system shut down
[2018.09.02-20.28.03:804][ 83]LogExit: Object subsystem successfully closed.
[2018.09.02-20.28.03:826][ 83]LogShaderCompilers: Display: Shaders left to compile 0
[2018.09.02-20.28.03:830][ 83]LogD3D11RHI: Shutdown
[2018.09.02-20.28.03:830][ 83]LogD3D11RHI: CleanupD3DDevice
[2018.09.02-20.28.03:833][ 83]LogD3D11RHI: ~FD3D11DynamicRHI
[2018.09.02-20.28.03:849][ 83]LogModuleManager: Shutting down and abandoning module BlueprintGraph (614)
[2018.09.02-20.28.03:849][ 83]LogModuleManager: Shutting down and abandoning module HierarchicalLODOutliner (612)
[2018.09.02-20.28.03:849][ 83]LogModuleManager: Shutting down and abandoning module SceneOutliner (610)
[2018.09.02-20.28.03:849][ 83]LogModuleManager: Shutting down and abandoning module AddContentDialog (608)
[2018.09.02-20.28.03:849][ 83]LogModuleManager: Shutting down and abandoning module WidgetCarousel (607)
[2018.09.02-20.28.03:849][ 83]LogModuleManager: Shutting down and abandoning module EditorWidgets (604)
[2018.09.02-20.28.03:849][ 83]LogModuleManager: Shutting down and abandoning module CollectionManager (602)
[2018.09.02-20.28.03:849][ 83]LogModuleManager: Shutting down and abandoning module StatsViewer (600)
[2018.09.02-20.28.03:850][ 83]LogModuleManager: Shutting down and abandoning module FoliageEdit (598)
[2018.09.02-20.28.03:850][ 83]LogModuleManager: Shutting down and abandoning module LandscapeEditor (596)
[2018.09.02-20.28.03:850][ 83]LogModuleManager: Shutting down and abandoning module MeshPaintMode (594)
[2018.09.02-20.28.03:850][ 83]LogModuleManager: Shutting down and abandoning module SceneDepthPickerMode (592)
[2018.09.02-20.28.03:850][ 83]LogModuleManager: Shutting down and abandoning module ActorPickerMode (590)
[2018.09.02-20.28.03:850][ 83]LogModuleManager: Shutting down and abandoning module GeometryMode (588)
[2018.09.02-20.28.03:850][ 83]LogModuleManager: Shutting down and abandoning module TextureAlignMode (586)
[2018.09.02-20.28.03:850][ 83]LogModuleManager: Shutting down and abandoning module BspMode (584)
[2018.09.02-20.28.03:850][ 83]LogModuleManager: Shutting down and abandoning module PIEPreviewDeviceProfileSelector (582)
[2018.09.02-20.28.03:850][ 83]LogModuleManager: Shutting down and abandoning module SequenceRecorderSections (580)
[2018.09.02-20.28.03:850][ 83]LogModuleManager: Shutting down and abandoning module AutomationWorker (578)
[2018.09.02-20.28.03:850][ 83]LogModuleManager: Shutting down and abandoning module AudioCaptureEditor (576)
[2018.09.02-20.28.03:850][ 83]LogModuleManager: Shutting down and abandoning module SequenceRecorder (575)
[2018.09.02-20.28.03:850][ 83]LogModuleManager: Shutting down and abandoning module MatineeToLevelSequence (572)
[2018.09.02-20.28.03:850][ 83]LogModuleManager: Shutting down and abandoning module LevelSequenceEditor (570)
[2018.09.02-20.28.03:850][ 83]LogModuleManager: Shutting down and abandoning module PlacementMode (569)
[2018.09.02-20.28.03:850][ 83]LogModuleManager: Shutting down and abandoning module MaterialEditor (568)
[2018.09.02-20.28.03:851][ 83]LogModuleManager: Shutting down and abandoning module WmfMediaFactory (564)
[2018.09.02-20.28.03:851][ 83]LogModuleManager: Shutting down and abandoning module WmfMediaEditor (562)
[2018.09.02-20.28.03:851][ 83]LogModuleManager: Shutting down and abandoning module MediaPlayerEditor (560)
[2018.09.02-20.28.03:851][ 83]LogModuleManager: Shutting down and abandoning module OpenExrWrapper (558)
[2018.09.02-20.28.03:851][ 83]LogModuleManager: Shutting down and abandoning module ImgMediaFactory (556)
[2018.09.02-20.28.03:851][ 83]LogModuleManager: Shutting down and abandoning module ImgMediaEditor (554)
[2018.09.02-20.28.03:851][ 83]LogModuleManager: Shutting down and abandoning module AvfMediaFactory (552)
[2018.09.02-20.28.03:851][ 83]LogModuleManager: Shutting down and abandoning module AvfMediaEditor (550)
[2018.09.02-20.28.03:851][ 83]LogModuleManager: Shutting down and abandoning module AndroidMediaFactory (548)
[2018.09.02-20.28.03:851][ 83]LogModuleManager: Shutting down and abandoning module AndroidMediaEditor (546)
[2018.09.02-20.28.03:851][ 83]LogModuleManager: Shutting down and abandoning module MagicLeapCameraPreviewFactory (544)
[2018.09.02-20.28.03:851][ 83]LogModuleManager: Shutting down and abandoning module MagicLeapMediaFactory (542)
[2018.09.02-20.28.03:851][ 83]LogModuleManager: Shutting down and abandoning module MagicLeapMediaEditor (540)
[2018.09.02-20.28.03:851][ 83]LogModuleManager: Shutting down and abandoning module CharacterAI (538)
[2018.09.02-20.28.03:851][ 83]LogModuleManager: Shutting down and abandoning module SmartSnapping (536)
[2018.09.02-20.28.03:851][ 83]LogModuleManager: Shutting down and abandoning module SessionServices (534)
[2018.09.02-20.28.03:851][ 83]LogModuleManager: Shutting down and abandoning module ViewportSnapping (532)
[2018.09.02-20.28.03:851][ 83]LogModuleManager: Shutting down and abandoning module ViewportInteraction (530)
[2018.09.02-20.28.03:851][ 83]LogModuleManager: Shutting down and abandoning module ClothPainter (528)
[2018.09.02-20.28.03:851][ 83]LogModuleManager: Shutting down and abandoning module SkeletalMeshEditor (527)
[2018.09.02-20.28.03:851][ 83]LogModuleManager: Shutting down and abandoning module LogVisualizer (524)
[2018.09.02-20.28.03:851][ 83]LogModuleManager: Shutting down and abandoning module IntroTutorials (522)
[2018.09.02-20.28.03:851][ 83]LogModuleManager: Shutting down and abandoning module GameProjectGeneration (521)
[2018.09.02-20.28.03:851][ 83]LogModuleManager: Shutting down and abandoning module LuminPlatformEditor (518)
[2018.09.02-20.28.03:851][ 83]LogModuleManager: Shutting down and abandoning module IOSPlatformEditor (516)
[2018.09.02-20.28.03:851][ 83]LogModuleManager: Shutting down and abandoning module HTML5PlatformEditor (514)
[2018.09.02-20.28.03:851][ 83]LogModuleManager: Shutting down and abandoning module AndroidPlatformEditor (512)
[2018.09.02-20.28.03:851][ 83]LogModuleManager: Shutting down and abandoning module AndroidDeviceDetection (511)
[2018.09.02-20.28.04:212][ 83]LogModuleManager: Shutting down and abandoning module WindowsPlatformEditor (508)
[2018.09.02-20.28.04:212][ 83]LogModuleManager: Shutting down and abandoning module LuminRuntimeSettings (506)
[2018.09.02-20.28.04:212][ 83]LogModuleManager: Shutting down and abandoning module IOSRuntimeSettings (504)
[2018.09.02-20.28.04:212][ 83]LogModuleManager: Shutting down and abandoning module AndroidRuntimeSettings (502)
[2018.09.02-20.28.04:212][ 83]LogModuleManager: Shutting down and abandoning module InputBindingEditor (500)
[2018.09.02-20.28.04:213][ 83]LogModuleManager: Shutting down and abandoning module MergeActors (498)
[2018.09.02-20.28.04:213][ 83]LogModuleManager: Shutting down and abandoning module LocalizationDashboard (496)
[2018.09.02-20.28.04:213][ 83]LogModuleManager: Shutting down and abandoning module LocalizationService (495)
[2018.09.02-20.28.04:213][ 83]LogModuleManager: Shutting down and abandoning module HardwareTargeting (492)
[2018.09.02-20.28.04:213][ 83]LogModuleManager: Shutting down and abandoning module DeviceProfileEditor (490)
[2018.09.02-20.28.04:213][ 83]LogModuleManager: Shutting down and abandoning module UndoHistory (488)
[2018.09.02-20.28.04:213][ 83]LogModuleManager: Shutting down and abandoning module XmlParser (486)
[2018.09.02-20.28.04:213][ 83]LogModuleManager: Shutting down and abandoning module Blutility (484)
[2018.09.02-20.28.04:213][ 83]LogModuleManager: Shutting down and abandoning module ProjectSettingsViewer (482)
[2018.09.02-20.28.04:213][ 83]LogModuleManager: Shutting down and abandoning module ProjectTargetPlatformEditor (481)
[2018.09.02-20.28.04:213][ 83]LogModuleManager: Shutting down and abandoning module EditorSettingsViewer (478)
[2018.09.02-20.28.04:213][ 83]LogModuleManager: Shutting down and abandoning module SettingsEditor (476)
[2018.09.02-20.28.04:213][ 83]LogModuleManager: Shutting down and abandoning module ProjectLauncher (474)
[2018.09.02-20.28.04:213][ 83]LogModuleManager: Shutting down and abandoning module SessionFrontend (472)
[2018.09.02-20.28.04:213][ 83]LogModuleManager: Shutting down and abandoning module ProfilerClient (470)
[2018.09.02-20.28.04:213][ 83]LogModuleManager: Shutting down and abandoning module DeviceManager (468)
[2018.09.02-20.28.04:213][ 83]LogModuleManager: Shutting down and abandoning module TargetDeviceServices (467)
[2018.09.02-20.28.04:277][ 83]LogModuleManager: Shutting down and abandoning module AutomationController (464)
[2018.09.02-20.28.04:277][ 83]LogModuleManager: Shutting down and abandoning module AutomationWindow (462)
[2018.09.02-20.28.04:277][ 83]LogModuleManager: Shutting down and abandoning module Layers (460)
[2018.09.02-20.28.04:277][ 83]LogModuleManager: Shutting down and abandoning module ComponentVisualizers (458)
[2018.09.02-20.28.04:277][ 83]LogModuleManager: Shutting down and abandoning module DetailCustomizations (456)
[2018.09.02-20.28.04:277][ 83]LogModuleManager: Shutting down and abandoning module PackagesDialog (454)
[2018.09.02-20.28.04:278][ 83]LogModuleManager: Shutting down and abandoning module Persona (452)
[2018.09.02-20.28.04:278][ 83]LogModuleManager: Shutting down and abandoning module AdvancedPreviewScene (451)
[2018.09.02-20.28.04:278][ 83]LogModuleManager: Shutting down and abandoning module AnimGraph (449)
[2018.09.02-20.28.04:278][ 83]LogModuleManager: Shutting down and abandoning module Kismet (446)
[2018.09.02-20.28.04:284][ 83]LogModuleManager: Shutting down and abandoning module GraphEditor (444)
[2018.09.02-20.28.04:284][ 83]LogModuleManager: Shutting down and abandoning module ClassViewer (442)
[2018.09.02-20.28.04:285][ 83]LogModuleManager: Shutting down and abandoning module Toolbox (440)
[2018.09.02-20.28.04:285][ 83]LogModuleManager: Shutting down and abandoning module ModuleUI (438)
[2018.09.02-20.28.04:285][ 83]LogModuleManager: Shutting down and abandoning module MovieSceneTools (436)
[2018.09.02-20.28.04:285][ 83]LogModuleManager: Shutting down and abandoning module OutputLog (434)
[2018.09.02-20.28.04:285][ 83]LogModuleManager: Shutting down and abandoning module GammaUI (432)
[2018.09.02-20.28.04:285][ 83]LogModuleManager: Shutting down and abandoning module Documentation (430)
[2018.09.02-20.28.04:285][ 83]LogModuleManager: Shutting down and abandoning module MovieSceneTracks (428)
[2018.09.02-20.28.04:285][ 83]LogModuleManager: Shutting down and abandoning module MovieScene (426)
[2018.09.02-20.28.04:285][ 83]LogModuleManager: Shutting down and abandoning module StreamingPauseRendering (424)
[2018.09.02-20.28.04:285][ 83]LogModuleManager: Shutting down and abandoning module LauncherPlatform (422)
[2018.09.02-20.28.04:285][ 83]LogModuleManager: Shutting down and abandoning module AnalyticsET (420)
[2018.09.02-20.28.04:285][ 83]LogModuleManager: Shutting down and abandoning module PortalServices (418)
[2018.09.02-20.28.04:285][ 83]LogModuleManager: Shutting down and abandoning module PortalRpc (416)
[2018.09.02-20.28.04:285][ 83]LogModuleManager: Shutting down and abandoning module MessagingRpc (414)
[2018.09.02-20.28.04:285][ 83]LogModuleManager: Shutting down and abandoning module AIModule (412)
[2018.09.02-20.28.04:285][ 83]LogModuleManager: Shutting down and abandoning module GameplayDebugger (411)
[2018.09.02-20.28.04:285][ 83]LogModuleManager: Shutting down and abandoning module AITestSuite (409)
[2018.09.02-20.28.04:285][ 83]LogModuleManager: Shutting down and abandoning module NavigationSystem (407)
[2018.09.02-20.28.04:286][ 83]LogModuleManager: Shutting down and abandoning module DesktopPlatform (404)
[2018.09.02-20.28.04:286][ 83]LogModuleManager: Shutting down and abandoning module ProfilerService (402)
[2018.09.02-20.28.04:424][ 83]LogModuleManager: Shutting down and abandoning module TaskGraph (400)
[2018.09.02-20.28.04:424][ 83]LogModuleManager: Shutting down and abandoning module SteamVRController (398)
[2018.09.02-20.28.04:425][ 83]LogModuleManager: Shutting down and abandoning module ProceduralMeshComponentEditor (396)
[2018.09.02-20.28.04:425][ 83]LogModuleManager: Shutting down and abandoning module ProceduralMeshComponent (394)
[2018.09.02-20.28.04:425][ 83]LogModuleManager: Shutting down and abandoning module OculusInput (392)
[2018.09.02-20.28.04:425][ 83]LogModuleManager: Shutting down and abandoning module MobilePatchingUtils (390)
[2018.09.02-20.28.04:425][ 83]LogModuleManager: Shutting down and abandoning module EditableMesh (388)
[2018.09.02-20.28.04:425][ 83]LogModuleManager: Shutting down and abandoning module CustomMeshComponent (386)
[2018.09.02-20.28.04:425][ 83]LogModuleManager: Shutting down and abandoning module CableComponent (384)
[2018.09.02-20.28.04:425][ 83]LogModuleManager: Shutting down and abandoning module AudioCapture (382)
[2018.09.02-20.28.04:425][ 83]LogModuleManager: Shutting down and abandoning module ArchVisCharacter (380)
[2018.09.02-20.28.04:425][ 83]LogModuleManager: Shutting down and abandoning module AndroidPermission (378)
[2018.09.02-20.28.04:425][ 83]LogModuleManager: Shutting down and abandoning module NUTUnrealEngine4 (376)
[2018.09.02-20.28.04:425][ 83]LogModuleManager: Shutting down and abandoning module NetcodeUnitTest (374)
[2018.09.02-20.28.04:425][ 83]LogModuleManager: Shutting down and abandoning module MediaCompositingEditor (372)
[2018.09.02-20.28.04:425][ 83]LogModuleManager: Shutting down and abandoning module MediaCompositing (370)
[2018.09.02-20.28.04:425][ 83]LogModuleManager: Shutting down and abandoning module LinearTimecode (368)
[2018.09.02-20.28.04:425][ 83]LogModuleManager: Shutting down and abandoning module ImgMedia (366)
[2018.09.02-20.28.04:431][ 83]LogModuleManager: Shutting down and abandoning module RawInput (364)
[2018.09.02-20.28.04:431][ 83]LogModuleManager: Shutting down and abandoning module HTML5Networking (362)
[2018.09.02-20.28.04:431][ 83]LogModuleManager: Shutting down and abandoning module GeometryCacheTracks (360)
[2018.09.02-20.28.04:432][ 83]LogModuleManager: Shutting down and abandoning module GeometryCacheSequencer (358)
[2018.09.02-20.28.04:432][ 83]LogModuleManager: Shutting down and abandoning module BackChannel (356)
[2018.09.02-20.28.04:432][ 83]LogModuleManager: Shutting down and abandoning module AppleVision (354)
[2018.09.02-20.28.04:432][ 83]LogModuleManager: Shutting down and abandoning module AppleImageUtils (352)
[2018.09.02-20.28.04:432][ 83]LogModuleManager: Shutting down and abandoning module AlembicImporter (350)
[2018.09.02-20.28.04:432][ 83]LogModuleManager: Shutting down and abandoning module AlembicLibrary (349)
[2018.09.02-20.28.04:432][ 83]LogModuleManager: Shutting down and abandoning module GeometryCache (348)
[2018.09.02-20.28.04:432][ 83]LogModuleManager: Shutting down and abandoning module GeometryCacheEd (347)
[2018.09.02-20.28.04:432][ 83]LogModuleManager: Shutting down and abandoning module DatasmithContentEditor (342)
[2018.09.02-20.28.04:432][ 83]LogModuleManager: Shutting down and abandoning module DatasmithContent (340)
[2018.09.02-20.28.04:432][ 83]LogModuleManager: Shutting down and abandoning module SpeedTreeImporter (338)
[2018.09.02-20.28.04:432][ 83]LogModuleManager: Shutting down and abandoning module PluginBrowser (336)
[2018.09.02-20.28.04:432][ 83]LogModuleManager: Shutting down and abandoning module MobileLauncherProfileWizard (334)
[2018.09.02-20.28.04:433][ 83]LogModuleManager: Shutting down and abandoning module PolygonModeling (332)
[2018.09.02-20.28.04:433][ 83]LogModuleManager: Shutting down and abandoning module MeshEditor (330)
[2018.09.02-20.28.04:433][ 83]LogModuleManager: Shutting down and abandoning module CryptoKeysOpenSSL (328)
[2018.09.02-20.28.04:433][ 83]LogModuleManager: Shutting down and abandoning module CryptoKeys (326)
[2018.09.02-20.28.04:433][ 83]LogModuleManager: Shutting down and abandoning module VisualStudioSourceCodeAccess (324)
[2018.09.02-20.28.04:433][ 83]LogModuleManager: Shutting down and abandoning module VisualStudioCodeSourceCodeAccess (322)
[2018.09.02-20.28.04:433][ 83]LogModuleManager: Shutting down and abandoning module UObjectPlugin (320)
[2018.09.02-20.28.04:433][ 83]LogModuleManager: Shutting down and abandoning module SubversionSourceControl (318)
[2018.09.02-20.28.04:433][ 83]LogModuleManager: Shutting down and abandoning module PerforceSourceControl (316)
[2018.09.02-20.28.04:433][ 83]LogModuleManager: Shutting down and abandoning module GitSourceControl (314)
[2018.09.02-20.28.04:433][ 83]LogModuleManager: Shutting down and abandoning module SourceControl (313)
[2018.09.02-20.28.04:433][ 83]LogModuleManager: Shutting down and abandoning module CLionSourceCodeAccess (310)
[2018.09.02-20.28.04:433][ 83]LogModuleManager: Shutting down and abandoning module LightPropagationVolumeEditor (308)
[2018.09.02-20.28.04:433][ 83]LogModuleManager: Shutting down and abandoning module PaperTiledImporter (306)
[2018.09.02-20.28.04:433][ 83]LogModuleManager: Shutting down and abandoning module PaperSpriteSheetImporter (304)
[2018.09.02-20.28.04:433][ 83]LogModuleManager: Shutting down and abandoning module Paper2DEditor (302)
[2018.09.02-20.28.04:433][ 83]LogModuleManager: Shutting down and abandoning module MeshPaint (301)
[2018.09.02-20.28.04:433][ 83]LogModuleManager: Shutting down and abandoning module RuntimePhysXCooking (298)
[2018.09.02-20.28.04:433][ 83]LogModuleManager: Shutting down and abandoning module PhysXVehiclesEditor (296)
[2018.09.02-20.28.04:433][ 83]LogModuleManager: Shutting down and abandoning module PhysXVehicles (294)
[2018.09.02-20.28.04:433][ 83]LogModuleManager: Shutting down and abandoning module OculusEditor (292)
[2018.09.02-20.28.04:433][ 83]LogModuleManager: Shutting down and abandoning module LocationServicesBPLibrary (290)
[2018.09.02-20.28.04:433][ 83]LogModuleManager: Shutting down and abandoning module ImmediatePhysicsEditor (288)
[2018.09.02-20.28.04:434][ 83]LogModuleManager: Shutting down and abandoning module ImmediatePhysics (286)
[2018.09.02-20.28.04:434][ 83]LogModuleManager: Shutting down and abandoning module ActorSequence (284)
[2018.09.02-20.28.04:434][ 83]LogModuleManager: Shutting down and abandoning module UdpMessaging (282)
[2018.09.02-20.28.04:535][ 83]LogModuleManager: Shutting down and abandoning module TcpMessaging (280)
[2018.09.02-20.28.04:635][ 83]LogModuleManager: Shutting down and abandoning module MagicLeapAudio (278)
[2018.09.02-20.28.04:635][ 83]LogModuleManager: Shutting down and abandoning module GameplayTagsEditor (276)
[2018.09.02-20.28.04:636][ 83]LogModuleManager: Shutting down and abandoning module FacialAnimationEditor (274)
[2018.09.02-20.28.04:636][ 83]LogModuleManager: Shutting down and abandoning module FacialAnimation (272)
[2018.09.02-20.28.04:636][ 83]LogModuleManager: Shutting down and abandoning module DataValidation (270)
[2018.09.02-20.28.04:636][ 83]LogModuleManager: Shutting down and abandoning module AssetManagerEditor (268)
[2018.09.02-20.28.04:636][ 83]LogModuleManager: Shutting down and abandoning module LevelEditor (267)
[2018.09.02-20.28.04:636][ 83]LogModuleManager: Shutting down and abandoning module PixelInspectorModule (266)
[2018.09.02-20.28.04:637][ 83]LogModuleManager: Shutting down and abandoning module CommonMenuExtensions (264)
[2018.09.02-20.28.04:637][ 83]LogModuleManager: Shutting down and abandoning module MainFrame (262)
[2018.09.02-20.28.04:637][ 83]LogModuleManager: Shutting down and abandoning module HotReload (261)
[2018.09.02-20.28.04:637][ 83]LogModuleManager: Shutting down and abandoning module ContentBrowser (257)
[2018.09.02-20.28.04:638][ 83]LogModuleManager: Shutting down and abandoning module TreeMap (255)
[2018.09.02-20.28.04:638][ 83]LogModuleManager: Shutting down and abandoning module LightPropagationVolumeRuntime (252)
[2018.09.02-20.28.04:638][ 83]LogModuleManager: Shutting down and abandoning module AISupportModule (250)
[2018.09.02-20.28.04:638][ 83]LogModuleManager: Shutting down and abandoning module Paper2D (248)
[2018.09.02-20.28.04:638][ 83]LogModuleManager: Shutting down and abandoning module WindowsMoviePlayer (246)
[2018.09.02-20.28.04:638][ 83]LogModuleManager: Shutting down and abandoning module WmfMedia (244)
[2018.09.02-20.28.04:641][ 83]LogModuleManager: Shutting down and abandoning module Media (243)
[2018.09.02-20.28.04:647][ 83]LogModuleManager: Shutting down and abandoning module PacketHandler (240)
[2018.09.02-20.28.04:647][ 83]LogModuleManager: Shutting down and abandoning module ClothingSystemEditor (238)
[2018.09.02-20.28.04:647][ 83]LogModuleManager: Shutting down and abandoning module ClothingSystemRuntime (236)
[2018.09.02-20.28.04:647][ 83]LogModuleManager: Shutting down and abandoning module MediaAssets (234)
[2018.09.02-20.28.04:647][ 83]LogModuleManager: Shutting down and abandoning module Overlay (232)
[2018.09.02-20.28.04:647][ 83]LogModuleManager: Shutting down and abandoning module OverlayEditor (231)
[2018.09.02-20.28.04:647][ 83]LogModuleManager: Shutting down and abandoning module VREditor (228)
[2018.09.02-20.28.04:647][ 83]LogModuleManager: Shutting down and abandoning module StringTableEditor (226)
[2018.09.02-20.28.04:647][ 83]LogModuleManager: Shutting down and abandoning module GameplayTasksEditor (224)
[2018.09.02-20.28.04:647][ 83]LogModuleManager: Shutting down and abandoning module BehaviorTreeEditor (222)
[2018.09.02-20.28.04:647][ 83]LogModuleManager: Shutting down and abandoning module FunctionalTesting (220)
[2018.09.02-20.28.04:648][ 83]LogModuleManager: Shutting down and abandoning module CollisionAnalyzer (218)
[2018.09.02-20.28.04:648][ 83]LogModuleManager: Shutting down and abandoning module WorkspaceMenuStructure (217)
[2018.09.02-20.28.04:648][ 83]LogModuleManager: Shutting down and abandoning module UMG (214)
[2018.09.02-20.28.04:648][ 83]LogModuleManager: Shutting down and abandoning module UMGEditor (213)
[2018.09.02-20.28.04:648][ 83]LogModuleManager: Shutting down and abandoning module Sequencer (212)
[2018.09.02-20.28.04:648][ 83]LogModuleManager: Shutting down and abandoning module MessageLog (209)
[2018.09.02-20.28.04:648][ 83]LogModuleManager: Shutting down and abandoning module SlateReflector (204)
[2018.09.02-20.28.04:648][ 83]LogModuleManager: Shutting down and abandoning module Slate (202)
[2018.09.02-20.28.04:648][ 83]LogModuleManager: Shutting down and abandoning module EditorStyle (200)
[2018.09.02-20.28.04:649][ 83]LogModuleManager: Shutting down and abandoning module MRMesh (198)
[2018.09.02-20.28.04:649][ 83]LogModuleManager: Shutting down and abandoning module SourceCodeAccess (196)
[2018.09.02-20.28.04:649][ 83]LogModuleManager: Shutting down and abandoning module HeadMountedDisplay (194)
[2018.09.02-20.28.04:649][ 83]LogModuleManager: Shutting down and abandoning module XAudio2 (192)
[2018.09.02-20.28.04:649][ 83]LogModuleManager: Shutting down and abandoning module Networking (190)
[2018.09.02-20.28.04:649][ 83]LogModuleManager: Shutting down and abandoning module Core (188)
[2018.09.02-20.28.04:649][ 83]LogModuleManager: Shutting down and abandoning module LevelSequence (186)
[2018.09.02-20.28.04:649][ 83]LogModuleManager: Shutting down and abandoning module KismetCompiler (184)
[2018.09.02-20.28.04:649][ 83]LogModuleManager: Shutting down and abandoning module MeshUtilities (182)
[2018.09.02-20.28.04:650][ 83]LogModuleManager: Shutting down and abandoning module MeshMergeUtilities (181)
[2018.09.02-20.28.04:650][ 83]LogModuleManager: Shutting down and abandoning module MeshReductionInterface (180)
[2018.09.02-20.28.04:650][ 83]LogModuleManager: Shutting down and abandoning module SimplygonSwarm (179)
[2018.09.02-20.28.04:650][ 83]LogModuleManager: Shutting down and abandoning module ProxyLODMeshReduction (177)
[2018.09.02-20.28.04:650][ 83]LogModuleManager: Shutting down and abandoning module SimplygonMeshReduction (175)
[2018.09.02-20.28.04:650][ 83]LogModuleManager: Shutting down and abandoning module QuadricMeshReduction (173)
[2018.09.02-20.28.04:650][ 83]LogModuleManager: Shutting down and abandoning module MaterialBaking (169)
[2018.09.02-20.28.04:650][ 83]LogModuleManager: Shutting down and abandoning module DirectoryWatcher (165)
[2018.09.02-20.28.04:650][ 83]LogModuleManager: Shutting down and abandoning module DerivedDataCache (162)
[2018.09.02-20.28.04:714][ 83]LogDerivedDataCache: Shutdown
[2018.09.02-20.28.04:714][ 83]LogModuleManager: Shutting down and abandoning module XGEController (160)
[2018.09.02-20.28.04:714][ 83]LogModuleManager: Shutting down and abandoning module TargetPlatform (158)
[2018.09.02-20.28.04:714][ 83]LogModuleManager: Shutting down and abandoning module VulkanShaderFormat (157)
[2018.09.02-20.28.04:715][ 83]LogModuleManager: Shutting down and abandoning module ShaderFormatVectorVM (155)
[2018.09.02-20.28.04:715][ 83]LogModuleManager: Shutting down and abandoning module ShaderFormatOpenGL (153)
[2018.09.02-20.28.04:715][ 83]LogModuleManager: Shutting down and abandoning module ShaderFormatD3D (151)
[2018.09.02-20.28.04:715][ 83]LogModuleManager: Shutting down and abandoning module MetalShaderFormat (149)
[2018.09.02-20.28.04:715][ 83]LogModuleManager: Shutting down and abandoning module TextureFormatUncompressed (147)
[2018.09.02-20.28.04:715][ 83]LogModuleManager: Shutting down and abandoning module TextureFormatPVR (145)
[2018.09.02-20.28.04:715][ 83]LogModuleManager: Shutting down and abandoning module TextureFormatDXT (143)
[2018.09.02-20.28.04:715][ 83]LogModuleManager: Shutting down and abandoning module TextureFormatIntelISPCTexComp (141)
[2018.09.02-20.28.04:715][ 83]LogModuleManager: Shutting down and abandoning module TextureFormatASTC (139)
[2018.09.02-20.28.04:715][ 83]LogModuleManager: Shutting down and abandoning module ImageWrapper (138)
[2018.09.02-20.28.04:715][ 83]LogModuleManager: Shutting down and abandoning module TextureFormatAndroid (135)
[2018.09.02-20.28.04:715][ 83]LogModuleManager: Shutting down and abandoning module AudioFormatOpus (133)
[2018.09.02-20.28.04:715][ 83]LogModuleManager: Shutting down and abandoning module AudioFormatOgg (131)
[2018.09.02-20.28.04:715][ 83]LogModuleManager: Shutting down and abandoning module AudioFormatADPCM (129)
[2018.09.02-20.28.04:715][ 83]LogModuleManager: Shutting down and abandoning module LuminTargetPlatform (127)
[2018.09.02-20.28.04:715][ 83]LogModuleManager: Shutting down and abandoning module LinuxTargetPlatform (125)
[2018.09.02-20.28.04:715][ 83]LogModuleManager: Shutting down and abandoning module LinuxServerTargetPlatform (123)
[2018.09.02-20.28.04:715][ 83]LogModuleManager: Shutting down and abandoning module LinuxNoEditorTargetPlatform (121)
[2018.09.02-20.28.04:715][ 83]LogModuleManager: Shutting down and abandoning module LinuxClientTargetPlatform (119)
[2018.09.02-20.28.04:715][ 83]LogModuleManager: Shutting down and abandoning module TVOSTargetPlatform (117)
[2018.09.02-20.28.04:716][ 83]LogModuleManager: Shutting down and abandoning module Messaging (115)
[2018.09.02-20.28.04:716][ 83]LogModuleManager: Shutting down and abandoning module IOSTargetPlatform (113)
[2018.09.02-20.28.04:717][ 83]LogModuleManager: Shutting down and abandoning module HTML5TargetPlatform (111)
[2018.09.02-20.28.04:717][ 83]LogModuleManager: Shutting down and abandoning module AndroidTargetPlatform (109)
[2018.09.02-20.28.04:727][ 83]LogModuleManager: Shutting down and abandoning module WindowsTargetPlatform (107)
[2018.09.02-20.28.04:727][ 83]LogModuleManager: Shutting down and abandoning module WindowsServerTargetPlatform (105)
[2018.09.02-20.28.04:727][ 83]LogModuleManager: Shutting down and abandoning module WindowsNoEditorTargetPlatform (103)
[2018.09.02-20.28.04:727][ 83]LogModuleManager: Shutting down and abandoning module WindowsClientTargetPlatform (101)
[2018.09.02-20.28.04:727][ 83]LogModuleManager: Shutting down and abandoning module MacTargetPlatform (99)
[2018.09.02-20.28.04:727][ 83]LogModuleManager: Shutting down and abandoning module MacServerTargetPlatform (97)
[2018.09.02-20.28.04:727][ 83]LogModuleManager: Shutting down and abandoning module MacNoEditorTargetPlatform (95)
[2018.09.02-20.28.04:727][ 83]LogModuleManager: Shutting down and abandoning module MacClientTargetPlatform (93)
[2018.09.02-20.28.04:727][ 83]LogModuleManager: Shutting down and abandoning module AllDesktopTargetPlatform (91)
[2018.09.02-20.28.04:727][ 83]LogModuleManager: Shutting down and abandoning module InputCore (88)
[2018.09.02-20.28.04:727][ 83]LogModuleManager: Shutting down and abandoning module Settings (86)
[2018.09.02-20.28.04:727][ 83]LogModuleManager: Shutting down and abandoning module PhysXCooking (84)
[2018.09.02-20.28.04:727][ 83]LogModuleManager: Shutting down and abandoning module SteamVR (82)
[2018.09.02-20.28.04:727][ 83]LogModuleManager: Shutting down and abandoning module OculusHMD (80)
[2018.09.02-20.28.04:727][ 83]LogModuleManager: Shutting down and abandoning module ExampleDeviceProfileSelector (78)
[2018.09.02-20.28.04:727][ 83]LogModuleManager: Shutting down and abandoning module LauncherChunkInstaller (76)
[2018.09.02-20.28.04:727][ 83]LogModuleManager: Shutting down and abandoning module OnlineBlueprintSupport (74)
[2018.09.02-20.28.04:727][ 83]LogModuleManager: Shutting down and abandoning module OnlineSubsystem (70)
[2018.09.02-20.28.04:728][ 83]LogModuleManager: Shutting down and abandoning module XMPP (65)
[2018.09.02-20.28.04:728][ 83]LogModuleManager: Shutting down and abandoning module WebSockets (64)
[2018.09.02-20.28.04:734][ 83]LogModuleManager: Shutting down and abandoning module HTTP (61)
[2018.09.02-20.28.04:734][ 83]LogHttp: Display: Http module shutting down, but needs to wait on 1 outstanding Http requests:
[2018.09.02-20.28.04:734][ 83]LogHttp: Display: 	verb=[POST] url=[https://datarouter.ol.epicgames.com/datarouter/api/v1/public/data?SessionID=%7B44D4F7F8-49DF-4E39-84F4-A1BD3171F38C%7D&AppID=UEEditor.Rocket.Release&AppVersion=4.20.2-4302132%2B%2B%2BUE4%2BRelease-4.20&UserID=bd3365cb4bcd56cec9aad08d5897bf13%7Cfecb6c03226b464e8cf617cb66b3f4ff%7C7efc674c-fb14-43c4-baab-880355321032&AppEnvironment=datacollector-binary&UploadType=eteventstream] status=Processing
[2018.09.02-20.28.04:734][ 83]LogHttp: Display: Sleeping 0.5s to wait for 1 outstanding Http requests.
[2018.09.02-20.28.05:235][ 83]LogHttp: Display: Sleeping 0.5s to wait for 1 outstanding Http requests.
[2018.09.02-20.28.05:736][ 83]LogHttp: Display: Sleeping 0.5s to wait for 1 outstanding Http requests.
[2018.09.02-20.28.06:271][ 83]LogModuleManager: Shutting down and abandoning module SSL (60)
[2018.09.02-20.28.06:272][ 83]LogModuleManager: Shutting down and abandoning module MagicLeapEmulator (56)
[2018.09.02-20.28.06:272][ 83]LogModuleManager: Shutting down and abandoning module MagicLeapPrivileges (54)
[2018.09.02-20.28.06:272][ 83]LogModuleManager: Shutting down and abandoning module MagicLeapIdentity (52)
[2018.09.02-20.28.06:272][ 83]LogModuleManager: Shutting down and abandoning module MagicLeapHelperVulkan (50)
[2018.09.02-20.28.06:272][ 83]LogModuleManager: Shutting down and abandoning module MagicLeapHelperOpenGL (48)
[2018.09.02-20.28.06:272][ 83]LogModuleManager: Shutting down and abandoning module MagicLeapSecureStorage (46)
[2018.09.02-20.28.06:272][ 83]LogModuleManager: Shutting down and abandoning module MagicLeapGestures (44)
[2018.09.02-20.28.06:272][ 83]LogModuleManager: Shutting down and abandoning module MagicLeapEyeTracker (42)
[2018.09.02-20.28.06:272][ 83]LogModuleManager: Shutting down and abandoning module MagicLeapController (40)
[2018.09.02-20.28.06:272][ 83]LogSlate: Slate User Destroyed.  User Index 0, Is Virtual User: 0
[2018.09.02-20.28.06:272][ 83]LogModuleManager: Shutting down and abandoning module MagicLeap (38)
[2018.09.02-20.28.06:272][ 83]LogModuleManager: Shutting down and abandoning module AnimationModifiers (36)
[2018.09.02-20.28.06:272][ 83]LogModuleManager: Shutting down and abandoning module PropertyEditor (35)
[2018.09.02-20.28.06:272][ 83]LogModuleManager: Shutting down and abandoning module AudioEditor (32)
[2018.09.02-20.28.06:272][ 83]LogModuleManager: Shutting down and abandoning module TextureCompressor (30)
[2018.09.02-20.28.06:272][ 83]LogModuleManager: Shutting down and abandoning module ShaderCore (28)
[2018.09.02-20.28.06:272][ 83]LogModuleManager: Shutting down and abandoning module Landscape (26)
[2018.09.02-20.28.06:272][ 83]LogModuleManager: Shutting down and abandoning module SlateRHIRenderer (24)
[2018.09.02-20.28.06:273][ 83]LogModuleManager: Shutting down and abandoning module OpenGLDrv (22)
[2018.09.02-20.28.06:273][ 83]LogModuleManager: Shutting down and abandoning module D3D11RHI (20)
[2018.09.02-20.28.06:273][ 83]LogModuleManager: Shutting down and abandoning module AnimGraphRuntime (18)
[2018.09.02-20.28.06:273][ 83]LogModuleManager: Shutting down and abandoning module Renderer (16)
[2018.09.02-20.28.06:273][ 83]LogModuleManager: Shutting down and abandoning module Engine (14)
[2018.09.02-20.28.06:273][ 83]LogModuleManager: Shutting down and abandoning module CoreUObject (12)
[2018.09.02-20.28.06:273][ 83]LogModuleManager: Shutting down and abandoning module NetworkFile (10)
[2018.09.02-20.28.06:273][ 83]LogModuleManager: Shutting down and abandoning module CookedIterativeFile (8)
[2018.09.02-20.28.06:273][ 83]LogModuleManager: Shutting down and abandoning module StreamingFile (6)
[2018.09.02-20.28.06:273][ 83]LogModuleManager: Shutting down and abandoning module SandboxFile (4)
[2018.09.02-20.28.06:273][ 83]LogModuleManager: Shutting down and abandoning module PakFile (2)
[2018.09.02-20.28.06:282][ 83]LogExit: Exiting.
[2018.09.02-20.28.06:290][ 83]Log file closed, 09/02/18 22:28:06
