Log file open, 09/01/18 18:17:41
LogWindows: Failed to load 'aqProf.dll' (GetLastError=126)
LogWindows: File 'aqProf.dll' does not exist
LogWindows: Failed to load 'VtuneApi.dll' (GetLastError=126)
LogWindows: File 'VtuneApi.dll' does not exist
LogWindows: Failed to load 'VtuneApi32e.dll' (GetLastError=126)
LogWindows: File 'VtuneApi32e.dll' does not exist
LogInit: Display: Running engine for game: speed_limit
LogPlatformFile: Not using cached read wrapper
LogTaskGraph: Started task graph with 5 named threads and 23 total threads with 3 sets of task threads.
LogStats: Stats thread started at 0.296036
LogD3D11RHI: Loaded GFSDK_Aftermath_Lib.x64.dll
LogICUInternationalization: Display: ICU TimeZone Detection - Raw Offset: +1:00, Platform Override: ''
LogPluginManager: Mounting plugin Paper2D
LogPluginManager: Mounting plugin AISupport
LogPluginManager: Mounting plugin LightPropagationVolume
LogPluginManager: Mounting plugin CLionSourceCodeAccess
LogPluginManager: Mounting plugin CodeLiteSourceCodeAccess
LogPluginManager: Mounting plugin GitSourceControl
LogPluginManager: Mounting plugin KDevelopSourceCodeAccess
LogPluginManager: Mounting plugin NullSourceCodeAccess
LogPluginManager: Mounting plugin PerforceSourceControl
LogPluginManager: Mounting plugin SubversionSourceControl
LogPluginManager: Mounting plugin UObjectPlugin
LogPluginManager: Mounting plugin VisualStudioCodeSourceCodeAccess
LogPluginManager: Mounting plugin VisualStudioSourceCodeAccess
LogPluginManager: Mounting plugin XCodeSourceCodeAccess
LogPluginManager: Mounting plugin AssetManagerEditor
LogPluginManager: Mounting plugin CryptoKeys
LogPluginManager: Mounting plugin DataValidation
LogPluginManager: Mounting plugin FacialAnimation
LogPluginManager: Mounting plugin GameplayTagsEditor
LogPluginManager: Mounting plugin MacGraphicsSwitching
LogPluginManager: Mounting plugin MeshEditor
LogPluginManager: Mounting plugin MobileLauncherProfileWizard
LogPluginManager: Mounting plugin PluginBrowser
LogPluginManager: Mounting plugin SpeedTreeImporter
LogPluginManager: Mounting plugin DatasmithContent
LogPluginManager: Mounting plugin AlembicImporter
LogPluginManager: Mounting plugin AppleImageUtils
LogPluginManager: Mounting plugin AppleVision
LogPluginManager: Mounting plugin BackChannel
LogPluginManager: Mounting plugin CharacterAI
LogPluginManager: Mounting plugin GeometryCache
LogPluginManager: Mounting plugin HTML5Networking
LogPluginManager: Mounting plugin ProxyLODPlugin
LogPluginManager: Mounting plugin RawInput
LogPluginManager: Mounting plugin MagicLeap
LogPluginManager: Mounting plugin MagicLeapEmulator
LogPluginManager: Mounting plugin MagicLeapMedia
LogPluginManager: Mounting plugin AndroidMedia
LogPluginManager: Mounting plugin AvfMedia
LogPluginManager: Mounting plugin ImgMedia
LogPluginManager: Mounting plugin LinearTimecode
LogPluginManager: Mounting plugin MediaCompositing
LogPluginManager: Mounting plugin MediaPlayerEditor
LogPluginManager: Mounting plugin WmfMedia
LogPluginManager: Mounting plugin TcpMessaging
LogPluginManager: Mounting plugin UdpMessaging
LogPluginManager: Mounting plugin ActorSequence
LogPluginManager: Mounting plugin LevelSequenceEditor
LogPluginManager: Mounting plugin MatineeToLevelSequence
LogPluginManager: Mounting plugin NetcodeUnitTest
LogPluginManager: Mounting plugin NUTUnrealEngine4
LogPluginManager: Mounting plugin OnlineSubsystemGooglePlay
LogPluginManager: Mounting plugin OnlineSubsystemIOS
LogPluginManager: Mounting plugin OnlineSubsystem
LogPluginManager: Mounting plugin OnlineSubsystemNull
LogPluginManager: Mounting plugin OnlineSubsystemUtils
LogPluginManager: Mounting plugin LauncherChunkInstaller
LogPluginManager: Mounting plugin AndroidDeviceProfileSelector
LogPluginManager: Mounting plugin AndroidMoviePlayer
LogPluginManager: Mounting plugin AndroidPermission
LogPluginManager: Mounting plugin AppleMoviePlayer
LogPluginManager: Mounting plugin ArchVisCharacter
LogPluginManager: Mounting plugin AudioCapture
LogPluginManager: Mounting plugin CableComponent
LogPluginManager: Mounting plugin CustomMeshComponent
LogPluginManager: Mounting plugin EditableMesh
LogPluginManager: Mounting plugin ExampleDeviceProfileSelector
LogPluginManager: Mounting plugin GoogleCloudMessaging
LogPluginManager: Mounting plugin ImmediatePhysics
LogPluginManager: Mounting plugin IOSDeviceProfileSelector
LogPluginManager: Mounting plugin LinuxDeviceProfileSelector
LogPluginManager: Mounting plugin LocationServicesBPLibrary
LogPluginManager: Mounting plugin MobilePatchingUtils
LogPluginManager: Mounting plugin OculusVR
LogPluginManager: Plugin shader directory ../../../Engine/Plugins/Runtime/Oculus/OculusVR/Shaders found
LogPluginManager: Mapping shader source directory ../../../Engine/Plugins/Runtime/Oculus/OculusVR/Shaders to virtual directory /Plugin/OculusVR
LogPluginManager: Mounting plugin PhysXVehicles
LogPluginManager: Mounting plugin ProceduralMeshComponent
LogPluginManager: Mounting plugin RuntimePhysXCooking
LogPluginManager: Mounting plugin SteamVR
LogPluginManager: Mounting plugin WindowsMoviePlayer
LogStreaming: Display: Took  0.199s to configure plugins.
LogInit: Using libcurl 7.55.1-DEV
LogInit:  - built for x86_64-pc-win32
LogInit:  - supports SSL with OpenSSL/1.0.2h
LogInit:  - supports HTTP deflate (compression) using libz 1.2.8
LogInit:  - other features:
LogInit:      CURL_VERSION_SSL
LogInit:      CURL_VERSION_LIBZ
LogInit:      CURL_VERSION_IPV6
LogInit:      CURL_VERSION_ASYNCHDNS
LogInit:      CURL_VERSION_LARGEFILE
LogInit:      CURL_VERSION_IDN
LogInit:  CurlRequestOptions (configurable via config and command line):
LogInit:  - bVerifyPeer = false  - Libcurl will NOT verify peer certificate
LogInit:  - bUseHttpProxy = false  - Libcurl will NOT use HTTP proxy
LogInit:  - bDontReuseConnections = false  - Libcurl will reuse connections
LogInit:  - CertBundlePath = nullptr  - Libcurl will use whatever was configured at build time.
LogInit:  - MaxHostConnections = 16  - Libcurl will limit the number of connections to a host
LogInit:  - LocalHostAddr = Default
LogInit:  - BufferSize = 65536
LogInit: WinSock: version 1.1 (2.2), MaxSocks=32767, MaxUdp=65467
LogInit: Build: ++UE4+Release-4.20-CL-4302132
LogInit: Engine Version: 4.20.2-4302132+++UE4+Release-4.20
LogInit: Compatible Engine Version: 4.20.0-4212847+++UE4+Release-4.20
LogInit: Net CL: 4212847
LogInit: OS: Windows 10 (), CPU: Intel(R) Core(TM) i7-4810MQ CPU @ 2.80GHz, GPU: Intel(R) HD Graphics 4600
LogInit: Compiled (64-bit): Aug 21 2018 02:06:06
LogInit: Compiled with Visual C++: 19.13.26129.00
LogInit: Build Configuration: Development
LogInit: Branch Name: ++UE4+Release-4.20
LogInit: Command Line:  
LogInit: Base Directory: M:/Program Files (x86)/Epic Games/UE_4.20/Engine/Binaries/Win64/
LogInit: Installed Engine Build: 1
LogDevObjectVersion: Number of dev versions registered: 20
LogDevObjectVersion:   Dev-Blueprints (B0D832E4-1F89-4F0D-ACCF-7EB736FD4AA2): 10
LogDevObjectVersion:   Dev-Build (E1C64328-A22C-4D53-A36C-8E866417BD8C): 0
LogDevObjectVersion:   Dev-Core (375EC13C-06E4-48FB-B500-84F0262A717E): 2
LogDevObjectVersion:   Dev-Editor (E4B068ED-F494-42E9-A231-DA0B2E46BB41): 24
LogDevObjectVersion:   Dev-Framework (CFFC743F-43B0-4480-9391-14DF171D2073): 34
LogDevObjectVersion:   Dev-Mobile (B02B49B5-BB20-44E9-A304-32B752E40360): 2
LogDevObjectVersion:   Dev-Networking (A4E4105C-59A1-49B5-A7C5-40C4547EDFEE): 0
LogDevObjectVersion:   Dev-Online (39C831C9-5AE6-47DC-9A44-9C173E1C8E7C): 0
LogDevObjectVersion:   Dev-Physics (78F01B33-EBEA-4F98-B9B4-84EACCB95AA2): 0
LogDevObjectVersion:   Dev-Platform (6631380F-2D4D-43E0-8009-CF276956A95A): 0
LogDevObjectVersion:   Dev-Rendering (12F88B9F-8875-4AFC-A67C-D90C383ABD29): 26
LogDevObjectVersion:   Dev-Sequencer (7B5AE74C-D270-4C10-A958-57980B212A5A): 9
LogDevObjectVersion:   Dev-VR (D7296918-1DD6-4BDD-9DE2-64A83CC13884): 2
LogDevObjectVersion:   Dev-LoadTimes (C2A15278-BFE7-4AFE-6C17-90FF531DF755): 1
LogDevObjectVersion:   Private-Geometry (6EACA3D4-40EC-4CC1-B786-8BED09428FC5): 3
LogDevObjectVersion:   Dev-AnimPhys (29E575DD-E0A3-4627-9D10-D276232CDCEA): 17
LogDevObjectVersion:   Dev-ReflectionCapture (6B266CEC-1EC7-4B8F-A30B-E4D90942FC07): 1
LogDevObjectVersion:   Dev-Automation (0DF73D61-A23F-47EA-B727-89E90C41499A): 1
LogDevObjectVersion:   FortniteMain (601D1886-AC64-4F84-AA16-D3DE0DEAC7D6): 12
LogDevObjectVersion:   Dev-Enterprise (9DFFBCD6-494F-0158-E221-12823C92A888): 1
LogStreaming: Display: Took  0.001s to delete old logs.
LogInit: Presizing for max 8388607 objects, including 0 objects not considered by GC, pre-allocating 0 bytes for permanent pool.
LogInit: Object subsystem initialized
[2018.09.01-16.17.42:395][  0]LogInit: Selected Device Profile: [Windows]
[2018.09.01-16.17.42:395][  0]LogInit: Applying CVar settings loaded from the selected device profile: [Windows]
[2018.09.01-16.17.42:411][  0]LogHAL: Display: Platform has ~ 32 GB [34000187392 / 34359738368 / 32], which maps to Largest [LargestMinGB=32, LargerMinGB=12, DefaultMinGB=8, SmallerMinGB=6, SmallestMinGB=0)
[2018.09.01-16.17.42:412][  0]LogInit: Setting Device Profile CVar: [[r.Vulkan.UseRealUBs:1]]
[2018.09.01-16.17.42:412][  0]LogInit: Going up to parent DeviceProfile []
[2018.09.01-16.17.42:412][  0]LogInit: Computer: ARNE-HP
[2018.09.01-16.17.42:412][  0]LogInit: User: arne
[2018.09.01-16.17.42:413][  0]LogInit: CPU Page size=4096, Cores=4
[2018.09.01-16.17.42:413][  0]LogInit: High frequency timer resolution =10.000000 MHz
[2018.09.01-16.17.42:413][  0]LogMemory: Memory total: Physical=31.7GB (32GB approx)
[2018.09.01-16.17.42:413][  0]LogMemory: Platform Memory Stats for Windows
[2018.09.01-16.17.42:413][  0]LogMemory: Process Physical Memory: 101.92 MB used, 101.92 MB peak
[2018.09.01-16.17.42:413][  0]LogMemory: Process Virtual Memory: 90.76 MB used, 90.76 MB peak
[2018.09.01-16.17.42:413][  0]LogMemory: Physical Memory: 12872.34 MB used,  19552.76 MB free, 32425.11 MB total
[2018.09.01-16.17.42:413][  0]LogMemory: Virtual Memory: 4645.76 MB used,  19552.76 MB free, 134217728.00 MB total
[2018.09.01-16.17.42:446][  0]LogInit: Using OS detected language (nl-NL).
[2018.09.01-16.17.42:446][  0]LogInit: Using OS detected locale (en-BE).
[2018.09.01-16.17.42:448][  0]LogTextLocalizationManager: No localization for 'nl-NL' exists, so 'en' will be used for the language.
[2018.09.01-16.17.42:987][  0]LogStreaming: Display: Took  0.541s to InitEngineTextLocalization.
[2018.09.01-16.17.42:987][  0]LogInit: Setting process to per monitor DPI aware
[2018.09.01-16.17.43:070][  0]LogSlate: New Slate User Created.  User Index 0, Is Virtual User: 0
[2018.09.01-16.17.43:070][  0]LogSlate: Slate User Registered.  User Index 0, Is Virtual User: 0
[2018.09.01-16.17.43:667][  0]LogHMD: Failed to initialize OpenVR with code 100
[2018.09.01-16.17.43:667][  0]LogD3D11RHI: D3D11 adapters:
[2018.09.01-16.17.43:746][  0]LogD3D11RHI:    0. 'NVIDIA Quadro K3100M' (Feature Level 11_0)
[2018.09.01-16.17.43:746][  0]LogD3D11RHI:       4052/0/16212 MB DedicatedVideo/DedicatedSystem/SharedSystem, Outputs:1, VendorId:0x10de
[2018.09.01-16.17.43:756][  0]LogD3D11RHI:    1. 'Intel(R) HD Graphics 4600' (Feature Level 11_0)
[2018.09.01-16.17.43:756][  0]LogD3D11RHI:       112/0/2048 MB DedicatedVideo/DedicatedSystem/SharedSystem, Outputs:0, VendorId:0x8086
[2018.09.01-16.17.43:759][  0]LogD3D11RHI:    2. 'Microsoft Basic Render Driver' (Feature Level 11_0)
[2018.09.01-16.17.43:759][  0]LogD3D11RHI:       0/0/16212 MB DedicatedVideo/DedicatedSystem/SharedSystem, Outputs:0, VendorId:0x1414
[2018.09.01-16.17.43:759][  0]LogD3D11RHI: Chosen D3D11 Adapter: 0
[2018.09.01-16.17.43:789][  0]LogD3D11RHI: Creating new Direct3DDevice
[2018.09.01-16.17.43:789][  0]LogD3D11RHI:     GPU DeviceId: 0x11b6 (for the marketing name, search the web for "GPU Device Id")
[2018.09.01-16.17.43:789][  0]LogWindows: EnumDisplayDevices:
[2018.09.01-16.17.43:789][  0]LogWindows:    0. 'Intel(R) HD Graphics 4600' (P:1 D:1)
[2018.09.01-16.17.43:789][  0]LogWindows:    1. 'Intel(R) HD Graphics 4600' (P:0 D:0)
[2018.09.01-16.17.43:790][  0]LogWindows:    2. 'Intel(R) HD Graphics 4600' (P:0 D:0)
[2018.09.01-16.17.43:790][  0]LogWindows:    3. 'NVIDIA Quadro K3100M' (P:0 D:0)
[2018.09.01-16.17.43:791][  0]LogWindows:    4. 'NVIDIA Quadro K3100M' (P:0 D:0)
[2018.09.01-16.17.43:791][  0]LogWindows:    5. 'NVIDIA Quadro K3100M' (P:0 D:0)
[2018.09.01-16.17.43:791][  0]LogWindows:    6. 'NVIDIA Quadro K3100M' (P:0 D:0)
[2018.09.01-16.17.43:792][  0]LogWindows: DebugString: PrimaryIsNotTheChoosenAdapter PrimaryIsNotTheChoosenAdapter PrimaryIsNotTheChoosenAdapter FoundDriverCount:4 
[2018.09.01-16.17.43:792][  0]LogD3D11RHI:     Adapter Name: NVIDIA Quadro K3100M
[2018.09.01-16.17.43:792][  0]LogD3D11RHI:   Driver Version: 391.33 (internal:23.21.13.9133, unified:391.33)
[2018.09.01-16.17.43:792][  0]LogD3D11RHI:      Driver Date: 3-22-2018
[2018.09.01-16.17.43:792][  0]LogRHI: Texture pool is 2836 MB (70% of 4052 MB)
[2018.09.01-16.17.43:845][  0]LogD3D11RHI: Async texture creation enabled
[2018.09.01-16.17.44:855][  0]LogD3D11RHI: GPU Timing Frequency: 1000.000000 (Debug: 2 2)
[2018.09.01-16.17.44:857][  0]LogShaderCompilers: Guid format shader working directory is -16 characters bigger than the processId version (../../../../../../Bureaublad/gamejam/speed_limit/speed_limit/Intermediate/Shaders/WorkingDirectory/16240/).
[2018.09.01-16.17.44:857][  0]LogShaderCompilers: Cleaned the shader compiler working directory 'C:/Users/arne/AppData/Local/Temp/UnrealShaderWorkingDir/B2CF1A5C45D51E4D220745822EF22FE5/'.
[2018.09.01-16.17.45:415][  0]LogTemp: Display: Loaded TP AllDesktopTargetPlatform
[2018.09.01-16.17.45:437][  0]LogTemp: Display: Loaded TP MacClientTargetPlatform
[2018.09.01-16.17.45:457][  0]LogTemp: Display: Loaded TP MacNoEditorTargetPlatform
[2018.09.01-16.17.45:481][  0]LogTemp: Display: Loaded TP MacServerTargetPlatform
[2018.09.01-16.17.45:511][  0]LogTemp: Display: Loaded TP MacTargetPlatform
[2018.09.01-16.17.45:531][  0]LogTemp: Display: Loaded TP WindowsClientTargetPlatform
[2018.09.01-16.17.45:549][  0]LogTemp: Display: Loaded TP WindowsNoEditorTargetPlatform
[2018.09.01-16.17.45:567][  0]LogTemp: Display: Loaded TP WindowsServerTargetPlatform
[2018.09.01-16.17.45:576][  0]LogTemp: Display: Loaded TP WindowsTargetPlatform
[2018.09.01-16.17.45:713][  0]LogTemp: Display: Loaded TP AndroidTargetPlatform
[2018.09.01-16.17.45:713][  0]LogTemp: Display: Loaded TP AndroidTargetPlatform
[2018.09.01-16.17.45:713][  0]LogTemp: Display: Loaded TP AndroidTargetPlatform
[2018.09.01-16.17.45:713][  0]LogTemp: Display: Loaded TP AndroidTargetPlatform
[2018.09.01-16.17.45:713][  0]LogTemp: Display: Loaded TP AndroidTargetPlatform
[2018.09.01-16.17.45:713][  0]LogTemp: Display: Loaded TP AndroidTargetPlatform
[2018.09.01-16.17.45:713][  0]LogTemp: Display: Loaded TP AndroidTargetPlatform
[2018.09.01-16.17.45:713][  0]LogTemp: Display: Loaded TP AndroidTargetPlatform
[2018.09.01-16.17.45:713][  0]LogTemp: Display: Loaded TP AndroidTargetPlatform
[2018.09.01-16.17.45:713][  0]LogTemp: Display: Loaded TP AndroidTargetPlatform
[2018.09.01-16.17.45:713][  0]LogTemp: Display: Loaded TP AndroidTargetPlatform
[2018.09.01-16.17.45:713][  0]LogTemp: Display: Loaded TP AndroidTargetPlatform
[2018.09.01-16.17.45:713][  0]LogTemp: Display: Loaded TP AndroidTargetPlatform
[2018.09.01-16.17.45:713][  0]LogTemp: Display: Loaded TP AndroidTargetPlatform
[2018.09.01-16.17.45:713][  0]LogTemp: Display: Loaded TP AndroidTargetPlatform
[2018.09.01-16.17.45:713][  0]LogTemp: Display: Loaded TP AndroidTargetPlatform
[2018.09.01-16.17.45:713][  0]LogTemp: Display: Loaded TP AndroidTargetPlatform
[2018.09.01-16.17.45:713][  0]LogTemp: Display: Loaded TP AndroidTargetPlatform
[2018.09.01-16.17.45:716][  0]LogTemp: Display: Loaded TP HTML5TargetPlatform
[2018.09.01-16.17.45:799][  0]LogTemp: Display: Loaded TP IOSTargetPlatform
[2018.09.01-16.17.45:799][  0]LogTemp: Display: Loaded TP IOSTargetPlatform
[2018.09.01-16.17.45:857][  0]LogTemp: Display: Loaded TP TVOSTargetPlatform
[2018.09.01-16.17.45:857][  0]LogTemp: Display: Loaded TP TVOSTargetPlatform
[2018.09.01-16.17.45:890][  0]LogTemp: Display: Loaded TP LinuxClientTargetPlatform
[2018.09.01-16.17.45:911][  0]LogTemp: Display: Loaded TP LinuxNoEditorTargetPlatform
[2018.09.01-16.17.45:933][  0]LogTemp: Display: Loaded TP LinuxServerTargetPlatform
[2018.09.01-16.17.45:959][  0]LogTemp: Display: Loaded TP LinuxTargetPlatform
[2018.09.01-16.17.45:981][  0]LogTemp: Display: Loaded TP LuminTargetPlatform
[2018.09.01-16.17.45:982][  0]LogTargetPlatformManager: Display: Building Assets For Windows
[2018.09.01-16.17.46:089][  0]LogXGEController: Cleaning working directory: C:/Users/arne/AppData/Local/Temp/UnrealXGEWorkingDir/
[2018.09.01-16.17.46:089][  0]LogXGEController: Cannot use XGE Controller as Incredibuild is not installed on this machine.
[2018.09.01-16.17.46:089][  0]LogShaderCompilers: Cannot use XGE Shader Compiler as Incredibuild is not installed on this machine.
[2018.09.01-16.17.46:089][  0]LogShaderCompilers: Display: Using Local Shader Compiler.
[2018.09.01-16.17.47:305][  0]LogDerivedDataCache: Display: Max Cache Size: 512 MB
[2018.09.01-16.17.47:387][  0]LogDerivedDataCache: Loaded boot cache 0.08s 71MB C:/Users/arne/AppData/Local/UnrealEngine/4.20/DerivedDataCache/Boot.ddc.
[2018.09.01-16.17.47:387][  0]LogDerivedDataCache: Display: Loaded Boot cache: C:/Users/arne/AppData/Local/UnrealEngine/4.20/DerivedDataCache/Boot.ddc
[2018.09.01-16.17.47:387][  0]LogDerivedDataCache: FDerivedDataBackendGraph:  Pak pak cache file ../../../../../../Bureaublad/gamejam/speed_limit/speed_limit/DerivedDataCache/DDC.ddp not found, will not use a pak cache.
[2018.09.01-16.17.47:387][  0]LogDerivedDataCache: Unable to find inner node Pak for hierarchical cache Hierarchy.
[2018.09.01-16.17.47:387][  0]LogDerivedDataCache: FDerivedDataBackendGraph:  CompressedPak pak cache file ../../../../../../Bureaublad/gamejam/speed_limit/speed_limit/DerivedDataCache/Compressed.ddp not found, will not use a pak cache.
[2018.09.01-16.17.47:387][  0]LogDerivedDataCache: Unable to find inner node CompressedPak for hierarchical cache Hierarchy.
[2018.09.01-16.17.47:406][  0]LogDerivedDataCache: Display: Pak cache opened for reading ../../../Engine/DerivedDataCache/Compressed.ddp.
[2018.09.01-16.17.47:418][  0]LogDerivedDataCache: Using Local data cache path C:/Users/arne/AppData/Local/UnrealEngine/Common/DerivedDataCache: Writable
[2018.09.01-16.17.47:418][  0]LogDerivedDataCache: Shared data cache path not found in *engine.ini, will not use an Shared cache.
[2018.09.01-16.17.47:418][  0]LogDerivedDataCache: Unable to find inner node Shared for hierarchical cache Hierarchy.
[2018.09.01-16.17.47:443][  0]LogMaterial: Verifying Global Shaders for PCD3D_SM5
[2018.09.01-16.17.47:444][  0]LogSlate: Using FreeType 2.6.0
[2018.09.01-16.17.47:446][  0]LogSlate: SlateFontServices - WITH_FREETYPE: 1, WITH_HARFBUZZ: 1
[2018.09.01-16.17.47:543][  0]LogAssetRegistry: FAssetRegistry took 0.0273 seconds to start up
[2018.09.01-16.17.48:025][  0]LogInit: Selected Device Profile: [Windows]
[2018.09.01-16.17.48:105][  0]LogSimplygon: Simplygon DLL not present - disabling.
[2018.09.01-16.17.48:111][  0]LogMeshReduction: Using SimplygonSwarm for distributed automatic mesh merging
[2018.09.01-16.17.48:111][  0]LogMeshReduction: Using ProxyLODMeshReduction for automatic mesh merging
[2018.09.01-16.17.48:111][  0]LogMeshReduction: Using QuadricMeshReduction for automatic static mesh reduction
[2018.09.01-16.17.48:111][  0]LogMeshReduction: No automatic skeletal mesh reduction module available
[2018.09.01-16.17.48:249][  0]LogNetVersion: speed_limit 1.0.0, NetCL: 4212847, EngineNetVer: 5, GameNetVer: 0 (Checksum: 154325319)
[2018.09.01-16.17.48:957][  0]LogPackageLocalizationCache: Processed 11 localized package path(s) for 1 prioritized culture(s) in 0.114377 seconds
[2018.09.01-16.17.48:969][  0]LogUObjectArray: 38425 objects as part of root set at end of initial load.
[2018.09.01-16.17.48:969][  0]LogUObjectAllocator: 6690864 out of 0 bytes used by permanent object pool.
[2018.09.01-16.17.48:969][  0]LogUObjectArray: CloseDisregardForGC: 0/0 objects in disregard for GC pool
[2018.09.01-16.17.50:581][  0]LogTcpMessaging: Initializing TcpMessaging bridge
[2018.09.01-16.17.50:597][  0]LogUdpMessaging: Initializing bridge on interface 0.0.0.0:0 to multicast group 230.0.0.1:6666.
[2018.09.01-16.17.50:841][  0]SourceControl: Source control is disabled
[2018.09.01-16.17.50:842][  0]SourceControl: Source control is disabled
[2018.09.01-16.17.50:844][  0]SourceControl: Source control is disabled
[2018.09.01-16.17.50:846][  0]SourceControl: Source control is disabled
[2018.09.01-16.17.51:087][  0]LogAndroidPermission: UAndroidPermissionCallbackProxy::GetInstance
[2018.09.01-16.17.51:269][  0]LogOcInput: OculusInput pre-init called
[2018.09.01-16.17.51:367][  0]LogEngine: Initializing Engine...
[2018.09.01-16.17.51:368][  0]LogHMD: Failed to initialize OpenVR with code 100
[2018.09.01-16.17.51:370][  0]LogStats: UGameplayTagsManager::ConstructGameplayTagTree: ImportINI prefixes -  0.000 s
[2018.09.01-16.17.51:370][  0]LogStats: UGameplayTagsManager::ConstructGameplayTagTree: Construct from data asset -  0.000 s
[2018.09.01-16.17.51:370][  0]LogStats: UGameplayTagsManager::ConstructGameplayTagTree: ImportINI -  0.000 s
[2018.09.01-16.17.51:370][  0]LogStats: UGameplayTagsManager::ConstructGameplayTagTree: GameplayTagTreeChangedEvent.Broadcast -  0.000 s
[2018.09.01-16.17.51:763][  0]LogInit: Initializing FReadOnlyCVARCache
[2018.09.01-16.17.51:782][  0]LogAIModule: Creating AISystem for world Untitled
[2018.09.01-16.17.51:833][  0]LogInit: XAudio2 using 'Speakers (SRS-XB40 Stereo)' : 2 channels at 44.1 kHz using 16 bits per sample (channel mask 0x3)
[2018.09.01-16.17.51:859][  0]LogInit: FAudioDevice initialized.
[2018.09.01-16.17.51:860][  0]LogNetVersion: Set ProjectVersion to 1.0.0.0. Version Checksum will be recalculated on next use.
[2018.09.01-16.17.51:959][  0]LogDerivedDataCache: Saved boot cache 0.10s 71MB C:/Users/arne/AppData/Local/UnrealEngine/4.20/DerivedDataCache/Boot.ddc.
[2018.09.01-16.17.51:980][  0]LogInit: Texture streaming: Enabled
[2018.09.01-16.17.52:008][  0]LogEngineSessionManager: EngineSessionManager initialized
[2018.09.01-16.17.52:035][  0]LogInit: Transaction tracking system initialized
[2018.09.01-16.17.52:074][  0]BlueprintLog: New page: Editor Load
[2018.09.01-16.17.52:196][  0]LocalizationService: Localization service is disabled
[2018.09.01-16.17.52:307][  0]LogLinker: Warning: Can't find file '/Game/TopDownBP/TopDownOverview'
[2018.09.01-16.17.52:307][  0]LogLinker: Warning: Can't find file '/Game/TopDownBP/TopDownOverview'
[2018.09.01-16.17.52:308][  0]LogUObjectGlobals: Warning: Failed to find object 'Class /Game/TopDownBP/TopDownOverview.TopDownOverview_C'
[2018.09.01-16.17.52:683][  0]LogCook: Display: Max memory allowance for cook 16384mb min free memory 0mb
[2018.09.01-16.17.52:683][  0]LogCook: Display: Mobile HDR setting 1
[2018.09.01-16.17.52:683][  0]LogGameplayTags: Display: UGameplayTagsManager::DoneAddingNativeTags. DelegateIsBound: 0
[2018.09.01-16.17.52:684][  0]LogStats: UGameplayTagsManager::ConstructGameplayTagTree: ImportINI prefixes -  0.000 s
[2018.09.01-16.17.52:684][  0]LogStats: UGameplayTagsManager::ConstructGameplayTagTree: Construct from data asset -  0.000 s
[2018.09.01-16.17.52:684][  0]LogStats: UGameplayTagsManager::ConstructGameplayTagTree: ImportINI -  0.000 s
[2018.09.01-16.17.52:684][  0]LogStats: UGameplayTagsManager::ConstructGameplayTagTree: GameplayTagTreeChangedEvent.Broadcast -  0.000 s
[2018.09.01-16.17.52:921][  0]LogFileCache: Scanning file cache for directory 'M:/Bureaublad/gamejam/speed_limit/speed_limit/Content/' took 0.02s
[2018.09.01-16.17.52:921][  0]SourceControl: Source control is disabled
[2018.09.01-16.17.52:921][  0]Cmd: MAP LOAD FILE="../../../../../../Bureaublad/gamejam/speed_limit/speed_limit/Content/VehicleBP/Maps/VehicleExampleMap.umap" TEMPLATE=0 SHOWPROGRESS=1 FEATURELEVEL=3
[2018.09.01-16.17.52:922][  0]LightingResults: New page: Lighting Build
[2018.09.01-16.17.52:926][  0]MapCheck: New page: Map Check
[2018.09.01-16.17.52:926][  0]LightingResults: New page: Lighting Build
[2018.09.01-16.17.53:676][  0]LogAIModule: Creating AISystem for world VehicleExampleMap
[2018.09.01-16.17.53:701][  0]LogEditorServer: Finished looking for orphan Actors (0.000 secs)
[2018.09.01-16.17.53:741][  0]Cmd: MAP CHECKDEP NOCLEARLOG
[2018.09.01-16.17.53:857][  0]MapCheck: Map check complete: 0 Error(s), 0 Warning(s), took 115,53ms to complete.
[2018.09.01-16.17.53:857][  0]LogFileHelpers: Loading map 'VehicleExampleMap' took 0.936
[2018.09.01-16.17.54:032][  0]LogSlate: Updating window title bar state: overlay mode, drag disabled, window buttons hidden, title bar hidden
[2018.09.01-16.17.54:043][  0]LogSlate: Updating window title bar state: overlay mode, drag disabled, window buttons hidden, title bar hidden
[2018.09.01-16.17.54:054][  0]LogSlate: Updating window title bar state: overlay mode, drag disabled, window buttons hidden, title bar hidden
[2018.09.01-16.17.54:065][  0]LogSlate: Updating window title bar state: overlay mode, drag disabled, window buttons hidden, title bar hidden
[2018.09.01-16.17.54:074][  0]LogCollectionManager: Loaded 0 collections in 0.002829 seconds
[2018.09.01-16.17.54:124][  0]LogFileCache: Scanning file cache for directory 'M:/Bureaublad/gamejam/speed_limit/speed_limit/Saved/Collections/' took 0.01s
[2018.09.01-16.17.54:124][  0]LogFileCache: Scanning file cache for directory 'M:/Bureaublad/gamejam/speed_limit/speed_limit/Content/Developers/arne/Collections/' took 0.01s
[2018.09.01-16.17.54:124][  0]LogFileCache: Scanning file cache for directory 'M:/Bureaublad/gamejam/speed_limit/speed_limit/Content/Collections/' took 0.01s
[2018.09.01-16.17.54:124][  0]LogCollectionManager: Rebuilt the GUID cache for 0 collections in 0.000001 seconds
[2018.09.01-16.17.54:139][  0]LogContentBrowser: Native class hierarchy populated in 0.0147 seconds. Added 2574 classes and 606 folders.
[2018.09.01-16.17.54:150][  0]LogContentBrowser: Native class hierarchy updated for 'WidgetCarousel' in 0.0005 seconds. Added 0 classes and 0 folders.
[2018.09.01-16.17.54:265][  0]LogContentBrowser: Native class hierarchy updated for 'AddContentDialog' in 0.0004 seconds. Added 0 classes and 0 folders.
[2018.09.01-16.17.54:271][  0]LogContentBrowser: Native class hierarchy updated for 'SceneOutliner' in 0.0005 seconds. Added 1 classes and 2 folders.
[2018.09.01-16.17.54:285][  0]LogContentBrowser: Native class hierarchy updated for 'WorldBrowser' in 0.0005 seconds. Added 2 classes and 3 folders.
[2018.09.01-16.17.54:399][  0]LogSlate: Took 0.000294 seconds to synchronously load lazily loaded font '../../../Engine/Content/Slate/Fonts/Roboto-Regular.ttf' (155K)
[2018.09.01-16.17.54:402][  0]LogSlate: Took 0.000342 seconds to synchronously load lazily loaded font '../../../Engine/Content/Slate/Fonts/Roboto-Bold.ttf' (160K)
[2018.09.01-16.17.54:412][  0]LogSlate: Took 0.000549 seconds to synchronously load lazily loaded font '../../../Engine/Content/Editor/Slate/Fonts/FontAwesome.ttf' (139K)
[2018.09.01-16.17.54:548][  0]LogRenderer: Reallocating scene render targets to support 1212x600 Format 10 NumSamples 1 (Frame:1).
[2018.09.01-16.17.54:763][  0]LogContentBrowser: Native class hierarchy updated for 'HierarchicalLODOutliner' in 0.0006 seconds. Added 0 classes and 0 folders.
[2018.09.01-16.17.54:763][  0]LogLoad: (Engine Initialization) Total time: 14.94 seconds
[2018.09.01-16.17.54:763][  0]LogLoad: (Engine Initialization) Total Blueprint compile time: 0.00 seconds
[2018.09.01-16.17.54:790][  0]LogWindowsTextInputMethodSystem: Display: IME system now deactivated.
[2018.09.01-16.17.54:794][  0]LogRawInputWindows: Warning: Found device 0 devices
[2018.09.01-16.17.54:795][  0]LogRawInputWindows: Warning: Found device 0 devices
[2018.09.01-16.17.54:795][  0]LogRawInputWindows: Warning: Device was registered succesfully but not connected (Usage:4 UsagePage:1)
[2018.09.01-16.17.54:796][  0]LogRawInputWindows: Warning: Found device 1 devices
[2018.09.01-16.17.54:796][  0]LogRawInputWindows: Warning: Device was registered succesfully but not connected (Usage:5 UsagePage:1)
[2018.09.01-16.17.54:821][  0]LogContentStreaming: Texture pool size now 1000 MB
[2018.09.01-16.17.54:852][  0]LogSlate: Took 0.000474 seconds to synchronously load lazily loaded font '../../../Engine/Content/Slate/Fonts/Roboto-Light.ttf' (167K)
[2018.09.01-16.17.55:158][  2]LogAssetRegistry: Asset discovery search completed in 7.6379 seconds
[2018.09.01-16.17.55:163][  2]LogCollectionManager: Rebuilt the object cache for 0 collections in 0.000000 seconds (found 0 objects)
[2018.09.01-16.17.55:163][  2]LogCollectionManager: Fixed up redirectors for 0 collections in 0.000132 seconds (updated 0 objects)
[2018.09.01-16.17.58:011][169]LogSlate: FSceneViewport::OnFocusLost() reason 0
[2018.09.01-16.17.58:094][174]LogTemp: Repeating last play command: Selected Viewport
[2018.09.01-16.17.58:123][174]LogBlueprintUserMessages: Early PlayInEditor Detection: Level '/Game/VehicleBP/Maps/VehicleExampleMap.VehicleExampleMap:PersistentLevel' has LevelScriptBlueprint '/Game/VehicleBP/Maps/VehicleExampleMap.VehicleExampleMap:PersistentLevel.VehicleExampleMap' with GeneratedClass '/Game/VehicleBP/Maps/VehicleExampleMap.VehicleExampleMap_C' with ClassGeneratedBy '/Game/VehicleBP/Maps/VehicleExampleMap.VehicleExampleMap:PersistentLevel.VehicleExampleMap'
[2018.09.01-16.17.58:123][174]LogPlayLevel: PlayLevel: No blueprints needed recompiling
[2018.09.01-16.17.58:137][174]PIE: New page: PIE session: VehicleExampleMap (01 Sep 2018 20:17:58)
[2018.09.01-16.17.58:137][174]LogPlayLevel: Creating play world package: /Game/VehicleBP/Maps/UEDPIE_0_VehicleExampleMap
[2018.09.01-16.17.58:149][174]LogPlayLevel: PIE: StaticDuplicateObject took: (0.011894s)
[2018.09.01-16.17.58:149][174]LogAIModule: Creating AISystem for world VehicleExampleMap
[2018.09.01-16.17.58:150][174]LogPlayLevel: PIE: World Init took: (0.000969s)
[2018.09.01-16.17.58:150][174]LogPlayLevel: PIE: Created PIE world by copying editor world from /Game/VehicleBP/Maps/VehicleExampleMap.VehicleExampleMap to /Game/VehicleBP/Maps/UEDPIE_0_VehicleExampleMap.VehicleExampleMap (0.013082s)
[2018.09.01-16.17.58:204][174]LogInit: XAudio2 using 'Speakers (SRS-XB40 Stereo)' : 2 channels at 44.1 kHz using 16 bits per sample (channel mask 0x3)
[2018.09.01-16.17.58:216][174]LogInit: FAudioDevice initialized.
[2018.09.01-16.17.58:263][174]LogLoad: Game class is 'VehicleGameMode_C'
[2018.09.01-16.17.58:271][174]LogWorld: Bringing World /Game/VehicleBP/Maps/UEDPIE_0_VehicleExampleMap.VehicleExampleMap up for play (max tick rate 60) at 2018.09.01-18.17.58
[2018.09.01-16.17.58:271][174]LogWorld: Bringing up level for play took: 0.003785
[2018.09.01-16.17.58:290][174]LogContentBrowser: Native class hierarchy updated for 'MovieSceneCapture' in 0.0005 seconds. Added 10 classes and 0 folders.
[2018.09.01-16.17.58:291][174]PIE: Play in editor start time for /Game/VehicleBP/Maps/UEDPIE_0_VehicleExampleMap 1,092
[2018.09.01-16.17.58:292][174]LogBlueprintUserMessages: Late PlayInEditor Detection: Level '/Game/VehicleBP/Maps/VehicleExampleMap.VehicleExampleMap:PersistentLevel' has LevelScriptBlueprint '/Game/VehicleBP/Maps/VehicleExampleMap.VehicleExampleMap:PersistentLevel.VehicleExampleMap' with GeneratedClass '/Game/VehicleBP/Maps/VehicleExampleMap.VehicleExampleMap_C' with ClassGeneratedBy '/Game/VehicleBP/Maps/VehicleExampleMap.VehicleExampleMap:PersistentLevel.VehicleExampleMap'
[2018.09.01-16.18.10:120][824]LogSlate: FSceneViewport::OnFocusLost() reason 0
[2018.09.01-16.18.10:206][829]LogBlueprintUserMessages: Early EndPlayMap Detection: Level '/Game/VehicleBP/Maps/VehicleExampleMap.VehicleExampleMap:PersistentLevel' has LevelScriptBlueprint '/Game/VehicleBP/Maps/VehicleExampleMap.VehicleExampleMap:PersistentLevel.VehicleExampleMap' with GeneratedClass '/Game/VehicleBP/Maps/VehicleExampleMap.VehicleExampleMap_C' with ClassGeneratedBy '/Game/VehicleBP/Maps/VehicleExampleMap.VehicleExampleMap:PersistentLevel.VehicleExampleMap'
[2018.09.01-16.18.10:207][829]LogSlate: Updating window title bar state: overlay mode, drag disabled, window buttons hidden, title bar hidden
[2018.09.01-16.18.10:250][829]LogPlayLevel: Display: Shutting down PIE online subsystems
[2018.09.01-16.18.10:250][829]LogBlueprintUserMessages: Late EndPlayMap Detection: Level '/Game/VehicleBP/Maps/VehicleExampleMap.VehicleExampleMap:PersistentLevel' has LevelScriptBlueprint '/Game/VehicleBP/Maps/VehicleExampleMap.VehicleExampleMap:PersistentLevel.VehicleExampleMap' with GeneratedClass '/Game/VehicleBP/Maps/VehicleExampleMap.VehicleExampleMap_C' with ClassGeneratedBy '/Game/VehicleBP/Maps/VehicleExampleMap.VehicleExampleMap:PersistentLevel.VehicleExampleMap'
[2018.09.01-16.18.10:277][829]LogSlate: Updating window title bar state: overlay mode, drag disabled, window buttons hidden, title bar hidden
[2018.09.01-16.18.10:320][831]LogPlayLevel: Display: Destroying online subsystem :Context_1
[2018.09.01-16.19.07:688][ 95]LogTemp: Repeating last play command: Selected Viewport
[2018.09.01-16.19.07:716][ 95]LogBlueprintUserMessages: Early PlayInEditor Detection: Level '/Game/VehicleBP/Maps/VehicleExampleMap.VehicleExampleMap:PersistentLevel' has LevelScriptBlueprint '/Game/VehicleBP/Maps/VehicleExampleMap.VehicleExampleMap:PersistentLevel.VehicleExampleMap' with GeneratedClass '/Game/VehicleBP/Maps/VehicleExampleMap.VehicleExampleMap_C' with ClassGeneratedBy '/Game/VehicleBP/Maps/VehicleExampleMap.VehicleExampleMap:PersistentLevel.VehicleExampleMap'
[2018.09.01-16.19.07:716][ 95]LogPlayLevel: PlayLevel: No blueprints needed recompiling
[2018.09.01-16.19.07:716][ 95]PIE: New page: PIE session: VehicleExampleMap (01 Sep 2018 20:19:07)
[2018.09.01-16.19.07:716][ 95]LogPlayLevel: Creating play world package: /Game/VehicleBP/Maps/UEDPIE_0_VehicleExampleMap
[2018.09.01-16.19.07:728][ 95]LogPlayLevel: PIE: StaticDuplicateObject took: (0.011583s)
[2018.09.01-16.19.07:728][ 95]LogAIModule: Creating AISystem for world VehicleExampleMap
[2018.09.01-16.19.07:728][ 95]LogPlayLevel: PIE: World Init took: (0.000854s)
[2018.09.01-16.19.07:729][ 95]LogPlayLevel: PIE: Created PIE world by copying editor world from /Game/VehicleBP/Maps/VehicleExampleMap.VehicleExampleMap to /Game/VehicleBP/Maps/UEDPIE_0_VehicleExampleMap.VehicleExampleMap (0.012618s)
[2018.09.01-16.19.07:782][ 95]LogInit: XAudio2 using 'Speakers (SRS-XB40 Stereo)' : 2 channels at 44.1 kHz using 16 bits per sample (channel mask 0x3)
[2018.09.01-16.19.07:795][ 95]LogInit: FAudioDevice initialized.
[2018.09.01-16.19.07:829][ 95]LogLoad: Game class is 'VehicleGameMode_C'
[2018.09.01-16.19.07:838][ 95]LogWorld: Bringing World /Game/VehicleBP/Maps/UEDPIE_0_VehicleExampleMap.VehicleExampleMap up for play (max tick rate 60) at 2018.09.01-18.19.07
[2018.09.01-16.19.07:838][ 95]LogWorld: Bringing up level for play took: 0.005000
[2018.09.01-16.19.07:851][ 95]PIE: Play in editor start time for /Game/VehicleBP/Maps/UEDPIE_0_VehicleExampleMap 0,653
[2018.09.01-16.19.07:852][ 95]LogBlueprintUserMessages: Late PlayInEditor Detection: Level '/Game/VehicleBP/Maps/VehicleExampleMap.VehicleExampleMap:PersistentLevel' has LevelScriptBlueprint '/Game/VehicleBP/Maps/VehicleExampleMap.VehicleExampleMap:PersistentLevel.VehicleExampleMap' with GeneratedClass '/Game/VehicleBP/Maps/VehicleExampleMap.VehicleExampleMap_C' with ClassGeneratedBy '/Game/VehicleBP/Maps/VehicleExampleMap.VehicleExampleMap:PersistentLevel.VehicleExampleMap'
[2018.09.01-16.19.55:240][869]LogBlueprintUserMessages: Early EndPlayMap Detection: Level '/Game/VehicleBP/Maps/VehicleExampleMap.VehicleExampleMap:PersistentLevel' has LevelScriptBlueprint '/Game/VehicleBP/Maps/VehicleExampleMap.VehicleExampleMap:PersistentLevel.VehicleExampleMap' with GeneratedClass '/Game/VehicleBP/Maps/VehicleExampleMap.VehicleExampleMap_C' with ClassGeneratedBy '/Game/VehicleBP/Maps/VehicleExampleMap.VehicleExampleMap:PersistentLevel.VehicleExampleMap'
[2018.09.01-16.19.55:240][869]LogSlate: Updating window title bar state: overlay mode, drag disabled, window buttons hidden, title bar hidden
[2018.09.01-16.19.55:278][869]LogPlayLevel: Display: Shutting down PIE online subsystems
[2018.09.01-16.19.55:278][869]LogBlueprintUserMessages: Late EndPlayMap Detection: Level '/Game/VehicleBP/Maps/VehicleExampleMap.VehicleExampleMap:PersistentLevel' has LevelScriptBlueprint '/Game/VehicleBP/Maps/VehicleExampleMap.VehicleExampleMap:PersistentLevel.VehicleExampleMap' with GeneratedClass '/Game/VehicleBP/Maps/VehicleExampleMap.VehicleExampleMap_C' with ClassGeneratedBy '/Game/VehicleBP/Maps/VehicleExampleMap.VehicleExampleMap:PersistentLevel.VehicleExampleMap'
[2018.09.01-16.19.55:301][869]LogSlate: Updating window title bar state: overlay mode, drag disabled, window buttons hidden, title bar hidden
[2018.09.01-16.19.55:351][872]LogPlayLevel: Display: Destroying online subsystem :Context_2
[2018.09.01-16.20.05:694][485]LogEditorViewport: Clicking on Actor (LMB): Sedan_C (Sedan)
[2018.09.01-16.20.08:814][650]LogSlate: FSceneViewport::OnFocusLost() reason 0
[2018.09.01-16.20.14:105][895]LogSlate: Took 0.000349 seconds to synchronously load lazily loaded font '../../../Engine/Content/Slate/Fonts/Roboto-Light.ttf' (167K)
[2018.09.01-16.20.14:117][895]LogAssetEditorManager: Opening Asset editor for Blueprint /Game/VehicleBP/Sedan/Sedan.Sedan
[2018.09.01-16.20.14:815][895]LogContentBrowser: Native class hierarchy updated for 'BlueprintGraph' in 0.0008 seconds. Added 116 classes and 0 folders.
[2018.09.01-16.20.15:852][895]LogSlate: Took 0.000440 seconds to synchronously load lazily loaded font '../../../Engine/Content/Slate/Fonts/Roboto-BoldCondensed.ttf' (158K)
[2018.09.01-16.20.17:872][975]LogSlate: Took 0.000612 seconds to synchronously load lazily loaded font '../../../Engine/Content/Slate/Fonts/Roboto-Italic.ttf' (157K)
[2018.09.01-16.20.58:743][959]LogSlate: FSceneViewport::OnFocusLost() reason 0
[2018.09.01-16.21.14:227][847]LogSlate: FSceneViewport::OnFocusLost() reason 0
[2018.09.01-16.22.07:138][851]LogSlate: FSceneViewport::OnFocusLost() reason 0
[2018.09.01-16.22.17:401][449]LogEditorViewport: Clicking on Actor (LMB): CheckPointSystem_C (CheckPointSystem)
[2018.09.01-16.22.21:012][633]Cmd: EDIT COPY
[2018.09.01-16.22.21:384][651]Cmd: EDIT PASTE
[2018.09.01-16.22.24:608][834]Cmd: EDIT PASTE
[2018.09.01-16.22.31:346][218]LogSlate: FSceneViewport::OnFocusLost() reason 0
[2018.09.01-16.22.37:139][560]LogEditorViewport: Clicking on Actor (LMB): CheckPointSystem_C (CheckPointSystem2)
[2018.09.01-16.22.39:143][666]LogEditorViewport: Clicking on Actor (LMB): CheckPointSystem_C (CheckPointSystem)
[2018.09.01-16.22.40:076][716]LogSlate: FSceneViewport::OnFocusLost() reason 0
[2018.09.01-16.22.48:638][208]LogEditorViewport: Clicking on Actor (LMB): CheckPointSystem_C (CheckPointSystem2)
[2018.09.01-16.22.50:001][279]LogSlate: FSceneViewport::OnFocusLost() reason 0
[2018.09.01-16.22.51:608][374]LogEditorViewport: Clicking on Actor (LMB): CheckPointSystem_C (CheckPointSystem3)
[2018.09.01-16.22.52:816][441]LogSlate: FSceneViewport::OnFocusLost() reason 0
[2018.09.01-16.24.21:947][663]LogEditorViewport: Clicking on Actor (LMB): CheckPointSystem_C (CheckPointSystem)
[2018.09.01-16.24.38:169][587]LogSlate: FSceneViewport::OnFocusLost() reason 0
[2018.09.01-16.24.44:792][952]LogEditorViewport: Clicking Background
[2018.09.01-16.24.46:112][ 21]LogEditorViewport: Clicking on Actor (LMB): SpeedLimiter_C (SpeedLimiter)
[2018.09.01-16.24.52:217][368]LogSlate: FSceneViewport::OnFocusLost() reason 0
[2018.09.01-16.25.00:379][834]LogEditorViewport: Clicking on Actor (LMB): Sedan_C (Sedan)
[2018.09.01-16.25.04:188][ 27]LogSlate: FSceneViewport::OnFocusLost() reason 0
[2018.09.01-16.25.14:931][627]LogSlate: FSceneViewport::OnFocusLost() reason 0
[2018.09.01-16.26.43:555][417]Cmd: OBJ SAVEPACKAGE PACKAGE="/Game/VehicleBP/Sedan/Sedan" FILE="../../../../../../Bureaublad/gamejam/speed_limit/speed_limit/Content/VehicleBP/Sedan/Sedan.uasset" SILENT=true
[2018.09.01-16.26.43:719][417]LogSavePackage: Moving '../../../../../../Bureaublad/gamejam/speed_limit/speed_limit/Saved/Sedan15D1322F4F4EC6CF611AA79C8286F02A.tmp' to '../../../../../../Bureaublad/gamejam/speed_limit/speed_limit/Content/VehicleBP/Sedan/Sedan.uasset'
[2018.09.01-16.26.44:917][459]BlueprintLog: New page: Compile Sedan
[2018.09.01-16.26.49:079][558]LogTemp: Repeating last play command: Selected Viewport
[2018.09.01-16.26.49:125][558]LogBlueprintUserMessages: Early PlayInEditor Detection: Level '/Game/VehicleBP/Maps/VehicleExampleMap.VehicleExampleMap:PersistentLevel' has LevelScriptBlueprint '/Game/VehicleBP/Maps/VehicleExampleMap.VehicleExampleMap:PersistentLevel.VehicleExampleMap' with GeneratedClass '/Game/VehicleBP/Maps/VehicleExampleMap.VehicleExampleMap_C' with ClassGeneratedBy '/Game/VehicleBP/Maps/VehicleExampleMap.VehicleExampleMap:PersistentLevel.VehicleExampleMap'
[2018.09.01-16.26.49:125][558]LogPlayLevel: PlayLevel: No blueprints needed recompiling
[2018.09.01-16.26.49:125][558]PIE: New page: PIE session: VehicleExampleMap (01 Sep 2018 20:26:49)
[2018.09.01-16.26.49:126][558]LogPlayLevel: Creating play world package: /Game/VehicleBP/Maps/UEDPIE_0_VehicleExampleMap
[2018.09.01-16.26.49:145][558]LogPlayLevel: PIE: StaticDuplicateObject took: (0.019050s)
[2018.09.01-16.26.49:146][558]LogAIModule: Creating AISystem for world VehicleExampleMap
[2018.09.01-16.26.49:147][558]LogPlayLevel: PIE: World Init took: (0.001659s)
[2018.09.01-16.26.49:147][558]LogPlayLevel: PIE: Created PIE world by copying editor world from /Game/VehicleBP/Maps/VehicleExampleMap.VehicleExampleMap to /Game/VehicleBP/Maps/UEDPIE_0_VehicleExampleMap.VehicleExampleMap (0.021123s)
[2018.09.01-16.26.49:288][558]LogInit: XAudio2 using 'Speakers (SRS-XB40 Stereo)' : 2 channels at 44.1 kHz using 16 bits per sample (channel mask 0x3)
[2018.09.01-16.26.49:306][558]LogInit: FAudioDevice initialized.
[2018.09.01-16.26.49:349][558]LogLoad: Game class is 'VehicleGameMode_C'
[2018.09.01-16.26.49:361][558]LogWorld: Bringing World /Game/VehicleBP/Maps/UEDPIE_0_VehicleExampleMap.VehicleExampleMap up for play (max tick rate 60) at 2018.09.01-18.26.49
[2018.09.01-16.26.49:363][558]LogWorld: Bringing up level for play took: 0.009246
[2018.09.01-16.26.49:378][558]PIE: Play in editor start time for /Game/VehicleBP/Maps/UEDPIE_0_VehicleExampleMap 0,179
[2018.09.01-16.26.49:378][558]LogBlueprintUserMessages: Late PlayInEditor Detection: Level '/Game/VehicleBP/Maps/VehicleExampleMap.VehicleExampleMap:PersistentLevel' has LevelScriptBlueprint '/Game/VehicleBP/Maps/VehicleExampleMap.VehicleExampleMap:PersistentLevel.VehicleExampleMap' with GeneratedClass '/Game/VehicleBP/Maps/VehicleExampleMap.VehicleExampleMap_C' with ClassGeneratedBy '/Game/VehicleBP/Maps/VehicleExampleMap.VehicleExampleMap:PersistentLevel.VehicleExampleMap'
[2018.09.01-16.27.39:659][231]LogSlate: FSceneViewport::OnFocusLost() reason 2
[2018.09.01-16.27.42:031][331]LogBlueprintUserMessages: Early EndPlayMap Detection: Level '/Game/VehicleBP/Maps/VehicleExampleMap.VehicleExampleMap:PersistentLevel' has LevelScriptBlueprint '/Game/VehicleBP/Maps/VehicleExampleMap.VehicleExampleMap:PersistentLevel.VehicleExampleMap' with GeneratedClass '/Game/VehicleBP/Maps/VehicleExampleMap.VehicleExampleMap_C' with ClassGeneratedBy '/Game/VehicleBP/Maps/VehicleExampleMap.VehicleExampleMap:PersistentLevel.VehicleExampleMap'
[2018.09.01-16.27.42:032][331]LogSlate: Updating window title bar state: overlay mode, drag disabled, window buttons hidden, title bar hidden
[2018.09.01-16.27.42:083][331]LogPlayLevel: Display: Shutting down PIE online subsystems
[2018.09.01-16.27.42:083][331]LogBlueprintUserMessages: Late EndPlayMap Detection: Level '/Game/VehicleBP/Maps/VehicleExampleMap.VehicleExampleMap:PersistentLevel' has LevelScriptBlueprint '/Game/VehicleBP/Maps/VehicleExampleMap.VehicleExampleMap:PersistentLevel.VehicleExampleMap' with GeneratedClass '/Game/VehicleBP/Maps/VehicleExampleMap.VehicleExampleMap_C' with ClassGeneratedBy '/Game/VehicleBP/Maps/VehicleExampleMap.VehicleExampleMap:PersistentLevel.VehicleExampleMap'
[2018.09.01-16.27.42:119][331]LogSlate: Updating window title bar state: overlay mode, drag disabled, window buttons hidden, title bar hidden
[2018.09.01-16.27.42:244][332]LogPlayLevel: Display: Destroying online subsystem :Context_9
[2018.09.01-16.29.21:072][ 12]Cmd: OBJ SAVEPACKAGE PACKAGE="/Game/VehicleBP/Sedan/Sedan" FILE="../../../../../../Bureaublad/gamejam/speed_limit/speed_limit/Content/VehicleBP/Sedan/Sedan.uasset" SILENT=true
[2018.09.01-16.29.21:224][ 12]LogSavePackage: Moving '../../../../../../Bureaublad/gamejam/speed_limit/speed_limit/Saved/Sedan20C7B5AF4C19B4EB3A9EADA5144B2B2F.tmp' to '../../../../../../Bureaublad/gamejam/speed_limit/speed_limit/Content/VehicleBP/Sedan/Sedan.uasset'
[2018.09.01-16.29.21:918][ 43]LogSlate: FSceneViewport::OnFocusLost() reason 0
[2018.09.01-16.29.21:980][ 46]BlueprintLog: New page: Compile Sedan
[2018.09.01-16.29.25:349][145]LogSlate: FSceneViewport::OnFocusLost() reason 0
[2018.09.01-16.29.25:447][151]LogTemp: Repeating last play command: Selected Viewport
[2018.09.01-16.29.25:505][151]LogBlueprintUserMessages: Early PlayInEditor Detection: Level '/Game/VehicleBP/Maps/VehicleExampleMap.VehicleExampleMap:PersistentLevel' has LevelScriptBlueprint '/Game/VehicleBP/Maps/VehicleExampleMap.VehicleExampleMap:PersistentLevel.VehicleExampleMap' with GeneratedClass '/Game/VehicleBP/Maps/VehicleExampleMap.VehicleExampleMap_C' with ClassGeneratedBy '/Game/VehicleBP/Maps/VehicleExampleMap.VehicleExampleMap:PersistentLevel.VehicleExampleMap'
[2018.09.01-16.29.25:505][151]LogPlayLevel: PlayLevel: No blueprints needed recompiling
[2018.09.01-16.29.25:506][151]PIE: New page: PIE session: VehicleExampleMap (01 Sep 2018 20:29:25)
[2018.09.01-16.29.25:506][151]LogPlayLevel: Creating play world package: /Game/VehicleBP/Maps/UEDPIE_0_VehicleExampleMap
[2018.09.01-16.29.25:521][151]LogPlayLevel: PIE: StaticDuplicateObject took: (0.015649s)
[2018.09.01-16.29.25:523][151]LogAIModule: Creating AISystem for world VehicleExampleMap
[2018.09.01-16.29.25:523][151]LogPlayLevel: PIE: World Init took: (0.001516s)
[2018.09.01-16.29.25:523][151]LogPlayLevel: PIE: Created PIE world by copying editor world from /Game/VehicleBP/Maps/VehicleExampleMap.VehicleExampleMap to /Game/VehicleBP/Maps/UEDPIE_0_VehicleExampleMap.VehicleExampleMap (0.017504s)
[2018.09.01-16.29.25:614][151]LogInit: XAudio2 using 'Speakers (SRS-XB40 Stereo)' : 2 channels at 44.1 kHz using 16 bits per sample (channel mask 0x3)
[2018.09.01-16.29.25:632][151]LogInit: FAudioDevice initialized.
[2018.09.01-16.29.25:672][151]LogLoad: Game class is 'VehicleGameMode_C'
[2018.09.01-16.29.25:682][151]LogWorld: Bringing World /Game/VehicleBP/Maps/UEDPIE_0_VehicleExampleMap.VehicleExampleMap up for play (max tick rate 60) at 2018.09.01-18.29.25
[2018.09.01-16.29.25:682][151]LogWorld: Bringing up level for play took: 0.007019
[2018.09.01-16.29.25:697][151]PIE: Play in editor start time for /Game/VehicleBP/Maps/UEDPIE_0_VehicleExampleMap 0,498
[2018.09.01-16.29.25:698][151]LogBlueprintUserMessages: Late PlayInEditor Detection: Level '/Game/VehicleBP/Maps/VehicleExampleMap.VehicleExampleMap:PersistentLevel' has LevelScriptBlueprint '/Game/VehicleBP/Maps/VehicleExampleMap.VehicleExampleMap:PersistentLevel.VehicleExampleMap' with GeneratedClass '/Game/VehicleBP/Maps/VehicleExampleMap.VehicleExampleMap_C' with ClassGeneratedBy '/Game/VehicleBP/Maps/VehicleExampleMap.VehicleExampleMap:PersistentLevel.VehicleExampleMap'
[2018.09.01-16.30.34:683][229]LogSlate: FSceneViewport::OnFocusLost() reason 2
[2018.09.01-16.30.38:030][374]LogSlate: FSceneViewport::OnFocusLost() reason 0
[2018.09.01-16.30.38:109][378]LogBlueprintUserMessages: Early EndPlayMap Detection: Level '/Game/VehicleBP/Maps/VehicleExampleMap.VehicleExampleMap:PersistentLevel' has LevelScriptBlueprint '/Game/VehicleBP/Maps/VehicleExampleMap.VehicleExampleMap:PersistentLevel.VehicleExampleMap' with GeneratedClass '/Game/VehicleBP/Maps/VehicleExampleMap.VehicleExampleMap_C' with ClassGeneratedBy '/Game/VehicleBP/Maps/VehicleExampleMap.VehicleExampleMap:PersistentLevel.VehicleExampleMap'
[2018.09.01-16.30.38:110][378]LogSlate: Updating window title bar state: overlay mode, drag disabled, window buttons hidden, title bar hidden
[2018.09.01-16.30.38:163][378]LogPlayLevel: Display: Shutting down PIE online subsystems
[2018.09.01-16.30.38:163][378]LogBlueprintUserMessages: Late EndPlayMap Detection: Level '/Game/VehicleBP/Maps/VehicleExampleMap.VehicleExampleMap:PersistentLevel' has LevelScriptBlueprint '/Game/VehicleBP/Maps/VehicleExampleMap.VehicleExampleMap:PersistentLevel.VehicleExampleMap' with GeneratedClass '/Game/VehicleBP/Maps/VehicleExampleMap.VehicleExampleMap_C' with ClassGeneratedBy '/Game/VehicleBP/Maps/VehicleExampleMap.VehicleExampleMap:PersistentLevel.VehicleExampleMap'
[2018.09.01-16.30.38:196][378]LogSlate: Updating window title bar state: overlay mode, drag disabled, window buttons hidden, title bar hidden
[2018.09.01-16.30.38:217][379]LogPlayLevel: Display: Destroying online subsystem :Context_10
[2018.09.01-16.31.04:455][500]BlueprintLog: New page: Compile Sedan
[2018.09.01-16.31.06:109][559]LogTemp: Repeating last play command: Selected Viewport
[2018.09.01-16.31.06:147][559]LogBlueprintUserMessages: Early PlayInEditor Detection: Level '/Game/VehicleBP/Maps/VehicleExampleMap.VehicleExampleMap:PersistentLevel' has LevelScriptBlueprint '/Game/VehicleBP/Maps/VehicleExampleMap.VehicleExampleMap:PersistentLevel.VehicleExampleMap' with GeneratedClass '/Game/VehicleBP/Maps/VehicleExampleMap.VehicleExampleMap_C' with ClassGeneratedBy '/Game/VehicleBP/Maps/VehicleExampleMap.VehicleExampleMap:PersistentLevel.VehicleExampleMap'
[2018.09.01-16.31.06:147][559]LogPlayLevel: PlayLevel: No blueprints needed recompiling
[2018.09.01-16.31.06:148][559]PIE: New page: PIE session: VehicleExampleMap (01 Sep 2018 20:31:06)
[2018.09.01-16.31.06:148][559]LogPlayLevel: Creating play world package: /Game/VehicleBP/Maps/UEDPIE_0_VehicleExampleMap
[2018.09.01-16.31.06:158][559]LogPlayLevel: PIE: StaticDuplicateObject took: (0.009834s)
[2018.09.01-16.31.06:158][559]LogAIModule: Creating AISystem for world VehicleExampleMap
[2018.09.01-16.31.06:158][559]LogPlayLevel: PIE: World Init took: (0.000774s)
[2018.09.01-16.31.06:158][559]LogPlayLevel: PIE: Created PIE world by copying editor world from /Game/VehicleBP/Maps/VehicleExampleMap.VehicleExampleMap to /Game/VehicleBP/Maps/UEDPIE_0_VehicleExampleMap.VehicleExampleMap (0.010776s)
[2018.09.01-16.31.06:249][559]LogInit: XAudio2 using 'Speakers (SRS-XB40 Stereo)' : 2 channels at 44.1 kHz using 16 bits per sample (channel mask 0x3)
[2018.09.01-16.31.06:278][559]LogInit: FAudioDevice initialized.
[2018.09.01-16.31.06:328][559]LogLoad: Game class is 'VehicleGameMode_C'
[2018.09.01-16.31.06:344][559]LogWorld: Bringing World /Game/VehicleBP/Maps/UEDPIE_0_VehicleExampleMap.VehicleExampleMap up for play (max tick rate 60) at 2018.09.01-18.31.06
[2018.09.01-16.31.06:344][559]LogWorld: Bringing up level for play took: 0.009808
[2018.09.01-16.31.06:359][559]PIE: Play in editor start time for /Game/VehicleBP/Maps/UEDPIE_0_VehicleExampleMap 1,16
[2018.09.01-16.31.06:359][559]LogBlueprintUserMessages: Late PlayInEditor Detection: Level '/Game/VehicleBP/Maps/VehicleExampleMap.VehicleExampleMap:PersistentLevel' has LevelScriptBlueprint '/Game/VehicleBP/Maps/VehicleExampleMap.VehicleExampleMap:PersistentLevel.VehicleExampleMap' with GeneratedClass '/Game/VehicleBP/Maps/VehicleExampleMap.VehicleExampleMap_C' with ClassGeneratedBy '/Game/VehicleBP/Maps/VehicleExampleMap.VehicleExampleMap:PersistentLevel.VehicleExampleMap'
[2018.09.01-16.32.44:039][760]LogSlate: FSceneViewport::OnFocusLost() reason 2
[2018.09.01-16.32.47:499][890]LogBlueprintUserMessages: Early EndPlayMap Detection: Level '/Game/VehicleBP/Maps/VehicleExampleMap.VehicleExampleMap:PersistentLevel' has LevelScriptBlueprint '/Game/VehicleBP/Maps/VehicleExampleMap.VehicleExampleMap:PersistentLevel.VehicleExampleMap' with GeneratedClass '/Game/VehicleBP/Maps/VehicleExampleMap.VehicleExampleMap_C' with ClassGeneratedBy '/Game/VehicleBP/Maps/VehicleExampleMap.VehicleExampleMap:PersistentLevel.VehicleExampleMap'
[2018.09.01-16.32.47:500][890]LogSlate: Updating window title bar state: overlay mode, drag disabled, window buttons hidden, title bar hidden
[2018.09.01-16.32.47:561][890]LogPlayLevel: Display: Shutting down PIE online subsystems
[2018.09.01-16.32.47:561][890]LogBlueprintUserMessages: Late EndPlayMap Detection: Level '/Game/VehicleBP/Maps/VehicleExampleMap.VehicleExampleMap:PersistentLevel' has LevelScriptBlueprint '/Game/VehicleBP/Maps/VehicleExampleMap.VehicleExampleMap:PersistentLevel.VehicleExampleMap' with GeneratedClass '/Game/VehicleBP/Maps/VehicleExampleMap.VehicleExampleMap_C' with ClassGeneratedBy '/Game/VehicleBP/Maps/VehicleExampleMap.VehicleExampleMap:PersistentLevel.VehicleExampleMap'
[2018.09.01-16.32.47:600][890]LogSlate: Updating window title bar state: overlay mode, drag disabled, window buttons hidden, title bar hidden
[2018.09.01-16.32.47:749][891]LogPlayLevel: Display: Destroying online subsystem :Context_11
[2018.09.01-16.32.52:047][ 70]LogSlate: FSceneViewport::OnFocusLost() reason 0
[2018.09.01-16.32.53:849][133]Cmd: OBJ SAVEPACKAGE PACKAGE="/Game/VehicleBP/Sedan/Sedan" FILE="../../../../../../Bureaublad/gamejam/speed_limit/speed_limit/Content/VehicleBP/Sedan/Sedan.uasset" SILENT=true
[2018.09.01-16.32.54:026][133]LogSavePackage: Moving '../../../../../../Bureaublad/gamejam/speed_limit/speed_limit/Saved/Sedan83AC356741B00946199296B708849470.tmp' to '../../../../../../Bureaublad/gamejam/speed_limit/speed_limit/Content/VehicleBP/Sedan/Sedan.uasset'
[2018.09.01-16.33.43:789][947]Cmd: OBJ SAVEPACKAGE PACKAGE="/Game/VehicleBP/Sedan/Sedan" FILE="../../../../../../Bureaublad/gamejam/speed_limit/speed_limit/Content/VehicleBP/Sedan/Sedan.uasset" SILENT=true
[2018.09.01-16.33.43:914][947]LogSavePackage: Moving '../../../../../../Bureaublad/gamejam/speed_limit/speed_limit/Saved/Sedan2E7200074776F79F0AC3CC8E9F3C9358.tmp' to '../../../../../../Bureaublad/gamejam/speed_limit/speed_limit/Content/VehicleBP/Sedan/Sedan.uasset'
[2018.09.01-16.33.53:493][296]LogSlate: Only BGRA pngs, bmps or icos are supported in by External Image Picker
[2018.09.01-16.33.53:671][297]LogTemp: Executing iPhonePackager certificates Engine -bundlename com.YourCompany.speedlimit
[2018.09.01-16.33.53:671][297]LogTemp: CWD: M:\Program Files (x86)\Epic Games\UE_4.20\Engine\Binaries\DotNET\IOS
[2018.09.01-16.33.53:671][297]LogTemp: Initial Dir: M:\Program Files (x86)\Epic Games\UE_4.20
[2018.09.01-16.33.53:671][297]LogTemp: Env CWD: M:\Program Files (x86)\Epic Games\UE_4.20\Engine\Binaries\DotNET\IOS
[2018.09.01-16.33.53:671][297]LogTemp: BranchPath = ARNE-HP/M/Program Files (x86)/Epic Games/UE_4.20/Engine/Binaries --- GameBranchPath = ARNE-HP/M/Program Files (x86)/Epic Games/UE_4.20/Engine/Binaries
[2018.09.01-16.33.53:671][297]LogTemp: IPP ERROR: Could not find provision directory 'C:\Users\arne\AppData\Local/Apple Computer/MobileDevice/Provisioning Profiles/'.
[2018.09.01-16.35.01:711][412]LogSlate: FSceneViewport::OnFocusLost() reason 2
[2018.09.01-16.35.02:234][412]LogSavePackage: Moving '../../../../../../Bureaublad/gamejam/speed_limit/speed_limit/Saved/VehicleExampleMapA0C9CC3E488A8D0EA99F6DAF36EBB2B0.tmp' to '../../../../../../Bureaublad/gamejam/speed_limit/speed_limit/Content/VehicleBP/Maps/VehicleExampleMap.umap'
[2018.09.01-16.35.02:288][412]LogFileHelpers: Saving map 'VehicleExampleMap' took 0.555
