Log file open, 09/02/18 16:31:41
LogWindows: Failed to load 'aqProf.dll' (GetLastError=126)
LogWindows: File 'aqProf.dll' does not exist
LogWindows: Failed to load 'VSPerf140.dll' (GetLastError=126)
LogWindows: File 'VSPerf140.dll' does not exist
LogWindows: Failed to load 'VtuneApi.dll' (GetLastError=126)
LogWindows: File 'VtuneApi.dll' does not exist
LogWindows: Failed to load 'VtuneApi32e.dll' (GetLastError=126)
LogWindows: File 'VtuneApi32e.dll' does not exist
LogInit: Display: Running engine for game: speed_limit
LogPlatformFile: Not using cached read wrapper
LogTaskGraph: Started task graph with 5 named threads and 23 total threads with 3 sets of task threads.
LogStats: Stats thread started at 0.297698
LogD3D11RHI: Loaded GFSDK_Aftermath_Lib.x64.dll
LogICUInternationalization: Display: ICU TimeZone Detection - Raw Offset: +1:00, Platform Override: ''
LogPluginManager: Mounting plugin Paper2D
LogPluginManager: Mounting plugin AISupport
LogPluginManager: Mounting plugin LightPropagationVolume
LogPluginManager: Mounting plugin CLionSourceCodeAccess
LogPluginManager: Mounting plugin CodeLiteSourceCodeAccess
LogPluginManager: Mounting plugin GitSourceControl
LogPluginManager: Mounting plugin KDevelopSourceCodeAccess
LogPluginManager: Mounting plugin NullSourceCodeAccess
LogPluginManager: Mounting plugin PerforceSourceControl
LogPluginManager: Mounting plugin SubversionSourceControl
LogPluginManager: Mounting plugin UObjectPlugin
LogPluginManager: Mounting plugin VisualStudioCodeSourceCodeAccess
LogPluginManager: Mounting plugin VisualStudioSourceCodeAccess
LogPluginManager: Mounting plugin XCodeSourceCodeAccess
LogPluginManager: Mounting plugin AssetManagerEditor
LogPluginManager: Mounting plugin CryptoKeys
LogPluginManager: Mounting plugin DataValidation
LogPluginManager: Mounting plugin FacialAnimation
LogPluginManager: Mounting plugin GameplayTagsEditor
LogPluginManager: Mounting plugin MacGraphicsSwitching
LogPluginManager: Mounting plugin MeshEditor
LogPluginManager: Mounting plugin MobileLauncherProfileWizard
LogPluginManager: Mounting plugin PluginBrowser
LogPluginManager: Mounting plugin SpeedTreeImporter
LogPluginManager: Mounting plugin DatasmithContent
LogPluginManager: Mounting plugin AlembicImporter
LogPluginManager: Mounting plugin AppleImageUtils
LogPluginManager: Mounting plugin AppleVision
LogPluginManager: Mounting plugin BackChannel
LogPluginManager: Mounting plugin CharacterAI
LogPluginManager: Mounting plugin GeometryCache
LogPluginManager: Mounting plugin HTML5Networking
LogPluginManager: Mounting plugin ProxyLODPlugin
LogPluginManager: Mounting plugin RawInput
LogPluginManager: Mounting plugin MagicLeap
LogPluginManager: Mounting plugin MagicLeapEmulator
LogPluginManager: Mounting plugin MagicLeapMedia
LogPluginManager: Mounting plugin AndroidMedia
LogPluginManager: Mounting plugin AvfMedia
LogPluginManager: Mounting plugin ImgMedia
LogPluginManager: Mounting plugin LinearTimecode
LogPluginManager: Mounting plugin MediaCompositing
LogPluginManager: Mounting plugin MediaPlayerEditor
LogPluginManager: Mounting plugin WmfMedia
LogPluginManager: Mounting plugin TcpMessaging
LogPluginManager: Mounting plugin UdpMessaging
LogPluginManager: Mounting plugin ActorSequence
LogPluginManager: Mounting plugin LevelSequenceEditor
LogPluginManager: Mounting plugin MatineeToLevelSequence
LogPluginManager: Mounting plugin NetcodeUnitTest
LogPluginManager: Mounting plugin NUTUnrealEngine4
LogPluginManager: Mounting plugin OnlineSubsystemGooglePlay
LogPluginManager: Mounting plugin OnlineSubsystemIOS
LogPluginManager: Mounting plugin OnlineSubsystem
LogPluginManager: Mounting plugin OnlineSubsystemNull
LogPluginManager: Mounting plugin OnlineSubsystemUtils
LogPluginManager: Mounting plugin LauncherChunkInstaller
LogPluginManager: Mounting plugin AndroidDeviceProfileSelector
LogPluginManager: Mounting plugin AndroidMoviePlayer
LogPluginManager: Mounting plugin AndroidPermission
LogPluginManager: Mounting plugin AppleMoviePlayer
LogPluginManager: Mounting plugin ArchVisCharacter
LogPluginManager: Mounting plugin AudioCapture
LogPluginManager: Mounting plugin CableComponent
LogPluginManager: Mounting plugin CustomMeshComponent
LogPluginManager: Mounting plugin EditableMesh
LogPluginManager: Mounting plugin ExampleDeviceProfileSelector
LogPluginManager: Mounting plugin GoogleCloudMessaging
LogPluginManager: Mounting plugin ImmediatePhysics
LogPluginManager: Mounting plugin IOSDeviceProfileSelector
LogPluginManager: Mounting plugin LinuxDeviceProfileSelector
LogPluginManager: Mounting plugin LocationServicesBPLibrary
LogPluginManager: Mounting plugin MobilePatchingUtils
LogPluginManager: Mounting plugin OculusVR
LogPluginManager: Plugin shader directory ../../../Engine/Plugins/Runtime/Oculus/OculusVR/Shaders found
LogPluginManager: Mapping shader source directory ../../../Engine/Plugins/Runtime/Oculus/OculusVR/Shaders to virtual directory /Plugin/OculusVR
LogPluginManager: Mounting plugin PhysXVehicles
LogPluginManager: Mounting plugin ProceduralMeshComponent
LogPluginManager: Mounting plugin RuntimePhysXCooking
LogPluginManager: Mounting plugin SteamVR
LogPluginManager: Mounting plugin WindowsMoviePlayer
LogStreaming: Display: Took  0.098s to configure plugins.
LogInit: Using libcurl 7.55.1-DEV
LogInit:  - built for x86_64-pc-win32
LogInit:  - supports SSL with OpenSSL/1.0.2h
LogInit:  - supports HTTP deflate (compression) using libz 1.2.8
LogInit:  - other features:
LogInit:      CURL_VERSION_SSL
LogInit:      CURL_VERSION_LIBZ
LogInit:      CURL_VERSION_IPV6
LogInit:      CURL_VERSION_ASYNCHDNS
LogInit:      CURL_VERSION_LARGEFILE
LogInit:      CURL_VERSION_IDN
LogInit:  CurlRequestOptions (configurable via config and command line):
LogInit:  - bVerifyPeer = false  - Libcurl will NOT verify peer certificate
LogInit:  - bUseHttpProxy = false  - Libcurl will NOT use HTTP proxy
LogInit:  - bDontReuseConnections = false  - Libcurl will reuse connections
LogInit:  - CertBundlePath = nullptr  - Libcurl will use whatever was configured at build time.
LogInit:  - MaxHostConnections = 16  - Libcurl will limit the number of connections to a host
LogInit:  - LocalHostAddr = Default
LogInit:  - BufferSize = 65536
LogInit: WinSock: version 1.1 (2.2), MaxSocks=32767, MaxUdp=65467
LogInit: Build: ++UE4+Release-4.20-CL-4302132
LogInit: Engine Version: 4.20.2-4302132+++UE4+Release-4.20
LogInit: Compatible Engine Version: 4.20.0-4212847+++UE4+Release-4.20
LogInit: Net CL: 4212847
LogInit: OS: Windows 10 (), CPU: Intel(R) Core(TM) i7-6700HQ CPU @ 2.60GHz, GPU: Intel(R) HD Graphics 530
LogInit: Compiled (64-bit): Aug 21 2018 02:06:06
LogInit: Compiled with Visual C++: 19.13.26129.00
LogInit: Build Configuration: Development
LogInit: Branch Name: ++UE4+Release-4.20
LogInit: Command Line:  
LogInit: Base Directory: D:/UE4/UE_4.20/Engine/Binaries/Win64/
LogInit: Installed Engine Build: 1
LogDevObjectVersion: Number of dev versions registered: 20
LogDevObjectVersion:   Dev-Blueprints (B0D832E4-1F89-4F0D-ACCF-7EB736FD4AA2): 10
LogDevObjectVersion:   Dev-Build (E1C64328-A22C-4D53-A36C-8E866417BD8C): 0
LogDevObjectVersion:   Dev-Core (375EC13C-06E4-48FB-B500-84F0262A717E): 2
LogDevObjectVersion:   Dev-Editor (E4B068ED-F494-42E9-A231-DA0B2E46BB41): 24
LogDevObjectVersion:   Dev-Framework (CFFC743F-43B0-4480-9391-14DF171D2073): 34
LogDevObjectVersion:   Dev-Mobile (B02B49B5-BB20-44E9-A304-32B752E40360): 2
LogDevObjectVersion:   Dev-Networking (A4E4105C-59A1-49B5-A7C5-40C4547EDFEE): 0
LogDevObjectVersion:   Dev-Online (39C831C9-5AE6-47DC-9A44-9C173E1C8E7C): 0
LogDevObjectVersion:   Dev-Physics (78F01B33-EBEA-4F98-B9B4-84EACCB95AA2): 0
LogDevObjectVersion:   Dev-Platform (6631380F-2D4D-43E0-8009-CF276956A95A): 0
LogDevObjectVersion:   Dev-Rendering (12F88B9F-8875-4AFC-A67C-D90C383ABD29): 26
LogDevObjectVersion:   Dev-Sequencer (7B5AE74C-D270-4C10-A958-57980B212A5A): 9
LogDevObjectVersion:   Dev-VR (D7296918-1DD6-4BDD-9DE2-64A83CC13884): 2
LogDevObjectVersion:   Dev-LoadTimes (C2A15278-BFE7-4AFE-6C17-90FF531DF755): 1
LogDevObjectVersion:   Private-Geometry (6EACA3D4-40EC-4CC1-B786-8BED09428FC5): 3
LogDevObjectVersion:   Dev-AnimPhys (29E575DD-E0A3-4627-9D10-D276232CDCEA): 17
LogDevObjectVersion:   Dev-ReflectionCapture (6B266CEC-1EC7-4B8F-A30B-E4D90942FC07): 1
LogDevObjectVersion:   Dev-Automation (0DF73D61-A23F-47EA-B727-89E90C41499A): 1
LogDevObjectVersion:   FortniteMain (601D1886-AC64-4F84-AA16-D3DE0DEAC7D6): 12
LogDevObjectVersion:   Dev-Enterprise (9DFFBCD6-494F-0158-E221-12823C92A888): 1
LogStreaming: Display: Took  0.002s to delete old logs.
LogInit: Presizing for max 8388607 objects, including 0 objects not considered by GC, pre-allocating 0 bytes for permanent pool.
LogInit: Object subsystem initialized
[2018.09.02-14.31.41:350][  0]LogInit: Selected Device Profile: [Windows]
[2018.09.02-14.31.41:351][  0]LogInit: Applying CVar settings loaded from the selected device profile: [Windows]
[2018.09.02-14.31.41:371][  0]LogHAL: Display: Platform has ~ 16 GB [17054654464 / 17179869184 / 16], which maps to Larger [LargestMinGB=32, LargerMinGB=12, DefaultMinGB=8, SmallerMinGB=6, SmallestMinGB=0)
[2018.09.02-14.31.41:371][  0]LogInit: Setting Device Profile CVar: [[r.Vulkan.UseRealUBs:1]]
[2018.09.02-14.31.41:371][  0]LogInit: Going up to parent DeviceProfile []
[2018.09.02-14.31.41:372][  0]LogInit: Computer: PIETSONS-ULTRA-
[2018.09.02-14.31.41:372][  0]LogInit: User: Pieter
[2018.09.02-14.31.41:372][  0]LogInit: CPU Page size=4096, Cores=4
[2018.09.02-14.31.41:372][  0]LogInit: High frequency timer resolution =2.531250 MHz
[2018.09.02-14.31.41:372][  0]LogMemory: Memory total: Physical=15.9GB (16GB approx)
[2018.09.02-14.31.41:372][  0]LogMemory: Platform Memory Stats for Windows
[2018.09.02-14.31.41:372][  0]LogMemory: Process Physical Memory: 100.44 MB used, 100.44 MB peak
[2018.09.02-14.31.41:373][  0]LogMemory: Process Virtual Memory: 89.27 MB used, 89.27 MB peak
[2018.09.02-14.31.41:373][  0]LogMemory: Physical Memory: 10587.72 MB used,  5676.87 MB free, 16264.59 MB total
[2018.09.02-14.31.41:373][  0]LogMemory: Virtual Memory: 4638.60 MB used,  5676.87 MB free, 134217728.00 MB total
[2018.09.02-14.31.41:403][  0]LogInit: Using OS detected language (en-US).
[2018.09.02-14.31.41:403][  0]LogInit: Using OS detected locale (en-US).
[2018.09.02-14.31.41:404][  0]LogTextLocalizationManager: No specific localization for 'en-US' exists, so the 'en' localization will be used.
[2018.09.02-14.31.41:863][  0]LogStreaming: Display: Took  0.460s to InitEngineTextLocalization.
[2018.09.02-14.31.41:863][  0]LogInit: Setting process to per monitor DPI aware
[2018.09.02-14.31.41:907][  0]LogSlate: New Slate User Created.  User Index 0, Is Virtual User: 0
[2018.09.02-14.31.41:907][  0]LogSlate: Slate User Registered.  User Index 0, Is Virtual User: 0
[2018.09.02-14.31.42:149][  0]LogHMD: Failed to initialize OpenVR with code 110
[2018.09.02-14.31.42:149][  0]LogD3D11RHI: D3D11 adapters:
[2018.09.02-14.31.42:205][  0]LogD3D11RHI:    0. 'NVIDIA Quadro M2000M' (Feature Level 11_0)
[2018.09.02-14.31.42:205][  0]LogD3D11RHI:       4062/0/8132 MB DedicatedVideo/DedicatedSystem/SharedSystem, Outputs:1, VendorId:0x10de
[2018.09.02-14.31.42:218][  0]LogD3D11RHI:    1. 'Intel(R) HD Graphics 530' (Feature Level 11_0)
[2018.09.02-14.31.42:218][  0]LogD3D11RHI:       128/0/8132 MB DedicatedVideo/DedicatedSystem/SharedSystem, Outputs:1, VendorId:0x8086
[2018.09.02-14.31.42:220][  0]LogD3D11RHI:    2. 'Microsoft Basic Render Driver' (Feature Level 11_0)
[2018.09.02-14.31.42:220][  0]LogD3D11RHI:       0/0/8132 MB DedicatedVideo/DedicatedSystem/SharedSystem, Outputs:0, VendorId:0x1414
[2018.09.02-14.31.42:220][  0]LogD3D11RHI: Chosen D3D11 Adapter: 0
[2018.09.02-14.31.42:232][  0]LogD3D11RHI: Creating new Direct3DDevice
[2018.09.02-14.31.42:233][  0]LogD3D11RHI:     GPU DeviceId: 0x13b0 (for the marketing name, search the web for "GPU Device Id")
[2018.09.02-14.31.42:233][  0]LogWindows: EnumDisplayDevices:
[2018.09.02-14.31.42:233][  0]LogWindows:    0. 'Intel(R) HD Graphics 530' (P:0 D:1)
[2018.09.02-14.31.42:233][  0]LogWindows:    1. 'Intel(R) HD Graphics 530' (P:0 D:0)
[2018.09.02-14.31.42:234][  0]LogWindows:    2. 'Intel(R) HD Graphics 530' (P:0 D:0)
[2018.09.02-14.31.42:234][  0]LogWindows:    3. 'NVIDIA Quadro M2000M' (P:1 D:1)
[2018.09.02-14.31.42:234][  0]LogWindows:    4. 'NVIDIA Quadro M2000M' (P:0 D:0)
[2018.09.02-14.31.42:235][  0]LogWindows:    5. 'NVIDIA Quadro M2000M' (P:0 D:0)
[2018.09.02-14.31.42:235][  0]LogWindows:    6. 'NVIDIA Quadro M2000M' (P:0 D:0)
[2018.09.02-14.31.42:235][  0]LogWindows: DebugString: PrimaryIsNotTheChoosenAdapter PrimaryIsNotTheChoosenAdapter PrimaryIsNotTheChoosenAdapter FoundDriverCount:4 
[2018.09.02-14.31.42:235][  0]LogD3D11RHI:     Adapter Name: NVIDIA Quadro M2000M
[2018.09.02-14.31.42:235][  0]LogD3D11RHI:   Driver Version: 385.73 (internal:22.21.13.8573, unified:385.73)
[2018.09.02-14.31.42:235][  0]LogD3D11RHI:      Driver Date: 9-25-2017
[2018.09.02-14.31.42:235][  0]LogRHI: Texture pool is 2843 MB (70% of 4062 MB)
[2018.09.02-14.31.42:279][  0]LogD3D11RHI: Async texture creation enabled
[2018.09.02-14.31.42:291][  0]LogD3D11RHI: GPU Timing Frequency: 1000.000000 (Debug: 2 1)
[2018.09.02-14.31.42:347][  0]LogShaderCompilers: Guid format shader working directory is -18 characters bigger than the processId version (../../../../../_SUMMER18/Speed Limit/Git/speed-limit/speed_limit/Intermediate/Shaders/WorkingDirectory/10256/).
[2018.09.02-14.31.42:347][  0]LogShaderCompilers: Cleaned the shader compiler working directory 'C:/Users/Pieter/AppData/Local/Temp/UnrealShaderWorkingDir/735190E84D339B0D79249C9F5FF16F35/'.
[2018.09.02-14.31.42:727][  0]LogTemp: Display: Loaded TP AllDesktopTargetPlatform
[2018.09.02-14.31.42:742][  0]LogTemp: Display: Loaded TP MacClientTargetPlatform
[2018.09.02-14.31.42:757][  0]LogTemp: Display: Loaded TP MacNoEditorTargetPlatform
[2018.09.02-14.31.42:772][  0]LogTemp: Display: Loaded TP MacServerTargetPlatform
[2018.09.02-14.31.42:786][  0]LogTemp: Display: Loaded TP MacTargetPlatform
[2018.09.02-14.31.42:805][  0]LogTemp: Display: Loaded TP WindowsClientTargetPlatform
[2018.09.02-14.31.42:819][  0]LogTemp: Display: Loaded TP WindowsNoEditorTargetPlatform
[2018.09.02-14.31.42:835][  0]LogTemp: Display: Loaded TP WindowsServerTargetPlatform
[2018.09.02-14.31.42:841][  0]LogTemp: Display: Loaded TP WindowsTargetPlatform
[2018.09.02-14.31.42:939][  0]LogTemp: Display: Loaded TP AndroidTargetPlatform
[2018.09.02-14.31.42:939][  0]LogTemp: Display: Loaded TP AndroidTargetPlatform
[2018.09.02-14.31.42:939][  0]LogTemp: Display: Loaded TP AndroidTargetPlatform
[2018.09.02-14.31.42:939][  0]LogTemp: Display: Loaded TP AndroidTargetPlatform
[2018.09.02-14.31.42:939][  0]LogTemp: Display: Loaded TP AndroidTargetPlatform
[2018.09.02-14.31.42:939][  0]LogTemp: Display: Loaded TP AndroidTargetPlatform
[2018.09.02-14.31.42:939][  0]LogTemp: Display: Loaded TP AndroidTargetPlatform
[2018.09.02-14.31.42:939][  0]LogTemp: Display: Loaded TP AndroidTargetPlatform
[2018.09.02-14.31.42:939][  0]LogTemp: Display: Loaded TP AndroidTargetPlatform
[2018.09.02-14.31.42:939][  0]LogTemp: Display: Loaded TP AndroidTargetPlatform
[2018.09.02-14.31.42:939][  0]LogTemp: Display: Loaded TP AndroidTargetPlatform
[2018.09.02-14.31.42:939][  0]LogTemp: Display: Loaded TP AndroidTargetPlatform
[2018.09.02-14.31.42:939][  0]LogTemp: Display: Loaded TP AndroidTargetPlatform
[2018.09.02-14.31.42:939][  0]LogTemp: Display: Loaded TP AndroidTargetPlatform
[2018.09.02-14.31.42:939][  0]LogTemp: Display: Loaded TP AndroidTargetPlatform
[2018.09.02-14.31.42:939][  0]LogTemp: Display: Loaded TP AndroidTargetPlatform
[2018.09.02-14.31.42:939][  0]LogTemp: Display: Loaded TP AndroidTargetPlatform
[2018.09.02-14.31.42:939][  0]LogTemp: Display: Loaded TP AndroidTargetPlatform
[2018.09.02-14.31.42:940][  0]LogTemp: Display: Loaded TP HTML5TargetPlatform
[2018.09.02-14.31.43:005][  0]LogTemp: Display: Loaded TP IOSTargetPlatform
[2018.09.02-14.31.43:005][  0]LogTemp: Display: Loaded TP IOSTargetPlatform
[2018.09.02-14.31.43:033][  0]LogTemp: Display: Loaded TP TVOSTargetPlatform
[2018.09.02-14.31.43:033][  0]LogTemp: Display: Loaded TP TVOSTargetPlatform
[2018.09.02-14.31.43:048][  0]LogTemp: Display: Loaded TP LinuxClientTargetPlatform
[2018.09.02-14.31.43:063][  0]LogTemp: Display: Loaded TP LinuxNoEditorTargetPlatform
[2018.09.02-14.31.43:078][  0]LogTemp: Display: Loaded TP LinuxServerTargetPlatform
[2018.09.02-14.31.43:092][  0]LogTemp: Display: Loaded TP LinuxTargetPlatform
[2018.09.02-14.31.43:103][  0]LogTemp: Display: Loaded TP LuminTargetPlatform
[2018.09.02-14.31.43:103][  0]LogTargetPlatformManager: Display: Building Assets For Windows
[2018.09.02-14.31.43:157][  0]LogXGEController: Cleaning working directory: C:/Users/Pieter/AppData/Local/Temp/UnrealXGEWorkingDir/
[2018.09.02-14.31.43:157][  0]LogXGEController: Cannot use XGE Controller as Incredibuild is not installed on this machine.
[2018.09.02-14.31.43:158][  0]LogShaderCompilers: Cannot use XGE Shader Compiler as Incredibuild is not installed on this machine.
[2018.09.02-14.31.43:158][  0]LogShaderCompilers: Display: Using Local Shader Compiler.
[2018.09.02-14.31.43:997][  0]LogDerivedDataCache: Display: Max Cache Size: 512 MB
[2018.09.02-14.31.44:070][  0]LogDerivedDataCache: Loaded boot cache 0.07s 71MB C:/Users/Pieter/AppData/Local/UnrealEngine/4.20/DerivedDataCache/Boot.ddc.
[2018.09.02-14.31.44:071][  0]LogDerivedDataCache: Display: Loaded Boot cache: C:/Users/Pieter/AppData/Local/UnrealEngine/4.20/DerivedDataCache/Boot.ddc
[2018.09.02-14.31.44:071][  0]LogDerivedDataCache: FDerivedDataBackendGraph:  Pak pak cache file ../../../../../_SUMMER18/Speed Limit/Git/speed-limit/speed_limit/DerivedDataCache/DDC.ddp not found, will not use a pak cache.
[2018.09.02-14.31.44:071][  0]LogDerivedDataCache: Unable to find inner node Pak for hierarchical cache Hierarchy.
[2018.09.02-14.31.44:071][  0]LogDerivedDataCache: FDerivedDataBackendGraph:  CompressedPak pak cache file ../../../../../_SUMMER18/Speed Limit/Git/speed-limit/speed_limit/DerivedDataCache/Compressed.ddp not found, will not use a pak cache.
[2018.09.02-14.31.44:071][  0]LogDerivedDataCache: Unable to find inner node CompressedPak for hierarchical cache Hierarchy.
[2018.09.02-14.31.44:089][  0]LogDerivedDataCache: Display: Pak cache opened for reading ../../../Engine/DerivedDataCache/Compressed.ddp.
[2018.09.02-14.31.44:102][  0]LogDerivedDataCache: Using Local data cache path C:/Users/Pieter/AppData/Local/UnrealEngine/Common/DerivedDataCache: Writable
[2018.09.02-14.31.44:102][  0]LogDerivedDataCache: Shared data cache path not found in *engine.ini, will not use an Shared cache.
[2018.09.02-14.31.44:102][  0]LogDerivedDataCache: Unable to find inner node Shared for hierarchical cache Hierarchy.
[2018.09.02-14.31.44:122][  0]LogMaterial: Verifying Global Shaders for PCD3D_SM5
[2018.09.02-14.31.44:124][  0]LogSlate: Using FreeType 2.6.0
[2018.09.02-14.31.44:124][  0]LogSlate: SlateFontServices - WITH_FREETYPE: 1, WITH_HARFBUZZ: 1
[2018.09.02-14.31.44:205][  0]LogAssetRegistry: FAssetRegistry took 0.0259 seconds to start up
[2018.09.02-14.31.44:602][  0]LogInit: Selected Device Profile: [Windows]
[2018.09.02-14.31.44:758][  0]LogSimplygon: Simplygon DLL not present - disabling.
[2018.09.02-14.31.44:763][  0]LogMeshReduction: Using SimplygonSwarm for distributed automatic mesh merging
[2018.09.02-14.31.44:763][  0]LogMeshReduction: Using ProxyLODMeshReduction for automatic mesh merging
[2018.09.02-14.31.44:763][  0]LogMeshReduction: Using QuadricMeshReduction for automatic static mesh reduction
[2018.09.02-14.31.44:763][  0]LogMeshReduction: No automatic skeletal mesh reduction module available
[2018.09.02-14.31.44:796][  0]LogNetVersion: speed_limit 1.0.0, NetCL: 4212847, EngineNetVer: 5, GameNetVer: 0 (Checksum: 154325319)
[2018.09.02-14.31.45:429][  0]LogPackageLocalizationCache: Processed 11 localized package path(s) for 2 prioritized culture(s) in 0.123439 seconds
[2018.09.02-14.31.45:437][  0]LogUObjectArray: 38425 objects as part of root set at end of initial load.
[2018.09.02-14.31.45:437][  0]LogUObjectAllocator: 6690864 out of 0 bytes used by permanent object pool.
[2018.09.02-14.31.45:437][  0]LogUObjectArray: CloseDisregardForGC: 0/0 objects in disregard for GC pool
[2018.09.02-14.31.46:426][  0]LogTcpMessaging: Initializing TcpMessaging bridge
[2018.09.02-14.31.46:440][  0]LogUdpMessaging: Initializing bridge on interface 0.0.0.0:0 to multicast group 230.0.0.1:6666.
[2018.09.02-14.31.46:598][  0]SourceControl: Source control is disabled
[2018.09.02-14.31.46:598][  0]SourceControl: Source control is disabled
[2018.09.02-14.31.46:599][  0]SourceControl: Source control is disabled
[2018.09.02-14.31.46:600][  0]SourceControl: Source control is disabled
[2018.09.02-14.31.46:785][  0]LogAndroidPermission: UAndroidPermissionCallbackProxy::GetInstance
[2018.09.02-14.31.46:918][  0]LogOcInput: OculusInput pre-init called
[2018.09.02-14.31.46:985][  0]LogEngine: Initializing Engine...
[2018.09.02-14.31.46:987][  0]LogHMD: Failed to initialize OpenVR with code 110
[2018.09.02-14.31.46:989][  0]LogStats: UGameplayTagsManager::ConstructGameplayTagTree: ImportINI prefixes -  0.000 s
[2018.09.02-14.31.46:989][  0]LogStats: UGameplayTagsManager::ConstructGameplayTagTree: Construct from data asset -  0.000 s
[2018.09.02-14.31.46:989][  0]LogStats: UGameplayTagsManager::ConstructGameplayTagTree: ImportINI -  0.000 s
[2018.09.02-14.31.46:989][  0]LogStats: UGameplayTagsManager::ConstructGameplayTagTree: GameplayTagTreeChangedEvent.Broadcast -  0.000 s
[2018.09.02-14.31.47:278][  0]LogInit: Initializing FReadOnlyCVARCache
[2018.09.02-14.31.47:289][  0]LogAIModule: Creating AISystem for world Untitled
[2018.09.02-14.31.47:332][  0]LogInit: XAudio2 using 'VX24A-C (NVIDIA High Definition Audio)' : 2 channels at 48 kHz using 16 bits per sample (channel mask 0x3)
[2018.09.02-14.31.47:354][  0]LogInit: FAudioDevice initialized.
[2018.09.02-14.31.47:355][  0]LogNetVersion: Set ProjectVersion to 1.0.0.0. Version Checksum will be recalculated on next use.
[2018.09.02-14.31.47:417][  0]LogDerivedDataCache: Saved boot cache 0.06s 71MB C:/Users/Pieter/AppData/Local/UnrealEngine/4.20/DerivedDataCache/Boot.ddc.
[2018.09.02-14.31.47:429][  0]LogInit: Texture streaming: Enabled
[2018.09.02-14.31.47:446][  0]LogEngineSessionManager: EngineSessionManager initialized
[2018.09.02-14.31.47:461][  0]LogInit: Transaction tracking system initialized
[2018.09.02-14.31.47:480][  0]BlueprintLog: New page: Editor Load
[2018.09.02-14.31.47:546][  0]LocalizationService: Localization service is disabled
[2018.09.02-14.31.47:939][  0]LogCook: Display: Max memory allowance for cook 16384mb min free memory 0mb
[2018.09.02-14.31.47:939][  0]LogCook: Display: Mobile HDR setting 1
[2018.09.02-14.31.47:939][  0]LogGameplayTags: Display: UGameplayTagsManager::DoneAddingNativeTags. DelegateIsBound: 0
[2018.09.02-14.31.47:939][  0]LogStats: UGameplayTagsManager::ConstructGameplayTagTree: ImportINI prefixes -  0.000 s
[2018.09.02-14.31.47:939][  0]LogStats: UGameplayTagsManager::ConstructGameplayTagTree: Construct from data asset -  0.000 s
[2018.09.02-14.31.47:939][  0]LogStats: UGameplayTagsManager::ConstructGameplayTagTree: ImportINI -  0.000 s
[2018.09.02-14.31.47:939][  0]LogStats: UGameplayTagsManager::ConstructGameplayTagTree: GameplayTagTreeChangedEvent.Broadcast -  0.000 s
[2018.09.02-14.31.48:056][  0]LogFileCache: Scanning file cache for directory 'D:/_SUMMER18/Speed Limit/Git/speed-limit/speed_limit/Content/' took 0.01s
[2018.09.02-14.31.48:056][  0]SourceControl: Source control is disabled
[2018.09.02-14.31.48:057][  0]Cmd: MAP LOAD FILE="../../../../../_SUMMER18/Speed Limit/Git/speed-limit/speed_limit/Content/Mainmenu.umap" TEMPLATE=0 SHOWPROGRESS=1 FEATURELEVEL=3
[2018.09.02-14.31.48:057][  0]LightingResults: New page: Lighting Build
[2018.09.02-14.31.48:059][  0]MapCheck: New page: Map Check
[2018.09.02-14.31.48:059][  0]LightingResults: New page: Lighting Build
[2018.09.02-14.31.48:341][  0]LogAIModule: Creating AISystem for world Mainmenu
[2018.09.02-14.31.48:356][  0]LogEditorServer: Finished looking for orphan Actors (0.000 secs)
[2018.09.02-14.31.48:382][  0]Cmd: MAP CHECKDEP NOCLEARLOG
[2018.09.02-14.31.48:448][  0]MapCheck: Map check complete: 0 Error(s), 0 Warning(s), took 64.932ms to complete.
[2018.09.02-14.31.48:448][  0]LogFileHelpers: Loading map 'Mainmenu' took 0.391
[2018.09.02-14.31.48:576][  0]LogSlate: Updating window title bar state: overlay mode, drag disabled, window buttons hidden, title bar hidden
[2018.09.02-14.31.48:585][  0]LogSlate: Updating window title bar state: overlay mode, drag disabled, window buttons hidden, title bar hidden
[2018.09.02-14.31.48:594][  0]LogSlate: Updating window title bar state: overlay mode, drag disabled, window buttons hidden, title bar hidden
[2018.09.02-14.31.48:604][  0]LogSlate: Updating window title bar state: overlay mode, drag disabled, window buttons hidden, title bar hidden
[2018.09.02-14.31.48:609][  0]LogCollectionManager: Loaded 0 collections in 0.001110 seconds
[2018.09.02-14.31.48:658][  0]LogFileCache: Scanning file cache for directory 'D:/_SUMMER18/Speed Limit/Git/speed-limit/speed_limit/Saved/Collections/' took 0.01s
[2018.09.02-14.31.48:658][  0]LogFileCache: Scanning file cache for directory 'D:/_SUMMER18/Speed Limit/Git/speed-limit/speed_limit/Content/Developers/Pieter/Collections/' took 0.01s
[2018.09.02-14.31.48:658][  0]LogFileCache: Scanning file cache for directory 'D:/_SUMMER18/Speed Limit/Git/speed-limit/speed_limit/Content/Collections/' took 0.01s
[2018.09.02-14.31.48:658][  0]LogCollectionManager: Rebuilt the GUID cache for 0 collections in 0.000000 seconds
[2018.09.02-14.31.48:671][  0]LogContentBrowser: Native class hierarchy populated in 0.0129 seconds. Added 2574 classes and 606 folders.
[2018.09.02-14.31.48:677][  0]LogContentBrowser: Native class hierarchy updated for 'WidgetCarousel' in 0.0002 seconds. Added 0 classes and 0 folders.
[2018.09.02-14.31.48:722][  0]LogContentBrowser: Native class hierarchy updated for 'AddContentDialog' in 0.0002 seconds. Added 0 classes and 0 folders.
[2018.09.02-14.31.48:726][  0]LogContentBrowser: Native class hierarchy updated for 'SceneOutliner' in 0.0002 seconds. Added 1 classes and 2 folders.
[2018.09.02-14.31.48:840][  0]LogSlate: Took 0.000246 seconds to synchronously load lazily loaded font '../../../Engine/Content/Slate/Fonts/Roboto-Regular.ttf' (155K)
[2018.09.02-14.31.48:843][  0]LogSlate: Took 0.000257 seconds to synchronously load lazily loaded font '../../../Engine/Content/Slate/Fonts/Roboto-Bold.ttf' (160K)
[2018.09.02-14.31.48:849][  0]LogSlate: Took 0.000299 seconds to synchronously load lazily loaded font '../../../Engine/Content/Editor/Slate/Fonts/FontAwesome.ttf' (139K)
[2018.09.02-14.31.48:946][  0]LogRenderer: Reallocating scene render targets to support 904x484 Format 10 NumSamples 1 (Frame:1).
[2018.09.02-14.31.49:138][  0]LogContentBrowser: Native class hierarchy updated for 'HierarchicalLODOutliner' in 0.0002 seconds. Added 0 classes and 0 folders.
[2018.09.02-14.31.49:138][  0]LogLoad: (Engine Initialization) Total time: 9.60 seconds
[2018.09.02-14.31.49:138][  0]LogLoad: (Engine Initialization) Total Blueprint compile time: 0.00 seconds
[2018.09.02-14.31.49:163][  0]LogRawInputWindows: Warning: Found device 0 devices
[2018.09.02-14.31.49:163][  0]LogRawInputWindows: Warning: Found device 0 devices
[2018.09.02-14.31.49:163][  0]LogRawInputWindows: Warning: Device was registered succesfully but not connected (Usage:4 UsagePage:1)
[2018.09.02-14.31.49:164][  0]LogRawInputWindows: Warning: Found device 1 devices
[2018.09.02-14.31.49:164][  0]LogRawInputWindows: Warning: Device was registered succesfully but not connected (Usage:5 UsagePage:1)
[2018.09.02-14.31.49:201][  0]LogContentStreaming: Texture pool size now 1000 MB
[2018.09.02-14.31.49:248][  1]LogFileCache: Retrieving MD5 hashes for directory 'D:/_SUMMER18/Speed Limit/Git/speed-limit/speed_limit/Content/' took 0.07s
[2018.09.02-14.31.49:266][  1]LogAssetRegistry: Asset discovery search completed in 5.0826 seconds
[2018.09.02-14.31.49:269][  1]LogCollectionManager: Rebuilt the object cache for 0 collections in 0.000001 seconds (found 0 objects)
[2018.09.02-14.31.49:269][  1]LogCollectionManager: Fixed up redirectors for 0 collections in 0.000092 seconds (updated 0 objects)
[2018.09.02-15.06.40:547][317]LogSlate: FSceneViewport::OnFocusLost() reason 0
[2018.09.02-15.06.40:597][320]LogTemp: Repeating last play command: Selected Viewport
[2018.09.02-15.06.40:628][320]LogBlueprintUserMessages: Early PlayInEditor Detection: Level '/Game/Mainmenu.Mainmenu:PersistentLevel' has LevelScriptBlueprint '/Game/Mainmenu.Mainmenu:PersistentLevel.Mainmenu' with GeneratedClass '/Game/Mainmenu.Mainmenu_C' with ClassGeneratedBy '/Game/Mainmenu.Mainmenu:PersistentLevel.Mainmenu'
[2018.09.02-15.06.40:628][320]LogPlayLevel: PlayLevel: No blueprints needed recompiling
[2018.09.02-15.06.40:641][320]PIE: New page: PIE session: Mainmenu (Sep 2, 2018, 7:06:40 PM)
[2018.09.02-15.06.40:641][320]LogPlayLevel: Creating play world package: /Game/UEDPIE_0_Mainmenu
[2018.09.02-15.06.40:651][320]LogPlayLevel: PIE: StaticDuplicateObject took: (0.009493s)
[2018.09.02-15.06.40:652][320]LogAIModule: Creating AISystem for world Mainmenu
[2018.09.02-15.06.40:653][320]LogPlayLevel: PIE: World Init took: (0.001483s)
[2018.09.02-15.06.40:653][320]LogPlayLevel: PIE: Created PIE world by copying editor world from /Game/Mainmenu.Mainmenu to /Game/UEDPIE_0_Mainmenu.Mainmenu (0.011232s)
[2018.09.02-15.06.40:713][320]LogInit: XAudio2 using 'VX24A-C (NVIDIA High Definition Audio)' : 2 channels at 48 kHz using 16 bits per sample (channel mask 0x3)
[2018.09.02-15.06.40:727][320]LogInit: FAudioDevice initialized.
[2018.09.02-15.06.40:774][320]LogLoad: Game class is 'MainMenu_GM_C'
[2018.09.02-15.06.40:782][320]LogWorld: Bringing World /Game/UEDPIE_0_Mainmenu.Mainmenu up for play (max tick rate 60) at 2018.09.02-17.06.40
[2018.09.02-15.06.40:782][320]LogWorld: Bringing up level for play took: 0.002148
[2018.09.02-15.06.40:798][320]LogContentBrowser: Native class hierarchy updated for 'MovieSceneCapture' in 0.0005 seconds. Added 10 classes and 0 folders.
[2018.09.02-15.06.40:799][320]PIE: Play in editor start time for /Game/UEDPIE_0_Mainmenu -0.325
[2018.09.02-15.06.40:800][320]LogBlueprintUserMessages: Late PlayInEditor Detection: Level '/Game/Mainmenu.Mainmenu:PersistentLevel' has LevelScriptBlueprint '/Game/Mainmenu.Mainmenu:PersistentLevel.Mainmenu' with GeneratedClass '/Game/Mainmenu.Mainmenu_C' with ClassGeneratedBy '/Game/Mainmenu.Mainmenu:PersistentLevel.Mainmenu'
[2018.09.02-15.06.43:451][476]Cmd: LevelEditor.ToggleImmersive
[2018.09.02-15.06.43:595][477]LogRenderer: Reallocating scene render targets to support 1312x708 Format 10 NumSamples 1 (Frame:158).
[2018.09.02-15.06.43:650][478]LogRenderer: Reallocating scene render targets to support 2052x1116 Format 10 NumSamples 1 (Frame:160).
[2018.09.02-15.06.43:655][478]LogSlate: FSceneViewport::OnFocusLost() reason 2
[2018.09.02-15.06.44:774][530]LogSlate: FSceneViewport::OnFocusLost() reason 0
[2018.09.02-15.06.44:930][534]LogPackageName: SearchForPackageOnDisk took   0.077s, but failed to resolve Cirquit_1.umap.
[2018.09.02-15.06.45:001][534]LogPackageName: SearchForPackageOnDisk took   0.071s, but failed to resolve Cirquit_1.umap.
[2018.09.02-15.06.45:001][534]LogNet: Browse: /Game/Mainmenu
[2018.09.02-15.06.45:001][534]LogNet: Warning: Travel Failure: [InvalidURL]: Invalid URL: /Game/Mainmenu
[2018.09.02-15.06.45:001][534]LogNet: Warning: TravelFailure: InvalidURL, Reason for Failure: 'Invalid URL: /Game/Mainmenu'. Shutting down PIE.
[2018.09.02-15.06.45:001][534]PIE: Warning: TravelFailure: InvalidURL, Reason for Failure: 'Invalid URL: /Game/Mainmenu'. Shutting down PIE.
[2018.09.02-15.06.45:001][534]LogNet: Warning: Travel Failure: [ClientTravelFailure]: Invalid URL: /Game/Mainmenu
[2018.09.02-15.06.45:001][534]LogNet: Warning: TravelFailure: ClientTravelFailure, Reason for Failure: 'Invalid URL: /Game/Mainmenu'. Shutting down PIE.
[2018.09.02-15.06.45:001][534]PIE: Warning: TravelFailure: ClientTravelFailure, Reason for Failure: 'Invalid URL: /Game/Mainmenu'. Shutting down PIE.
[2018.09.02-15.06.45:003][534]LogBlueprintUserMessages: Early EndPlayMap Detection: Level '/Game/Mainmenu.Mainmenu:PersistentLevel' has LevelScriptBlueprint '/Game/Mainmenu.Mainmenu:PersistentLevel.Mainmenu' with GeneratedClass '/Game/Mainmenu.Mainmenu_C' with ClassGeneratedBy '/Game/Mainmenu.Mainmenu:PersistentLevel.Mainmenu'
[2018.09.02-15.06.45:003][534]LogSlate: Updating window title bar state: overlay mode, drag disabled, window buttons hidden, title bar hidden
[2018.09.02-15.06.45:068][534]LogPlayLevel: Display: Shutting down PIE online subsystems
[2018.09.02-15.06.45:068][534]LogBlueprintUserMessages: Late EndPlayMap Detection: Level '/Game/Mainmenu.Mainmenu:PersistentLevel' has LevelScriptBlueprint '/Game/Mainmenu.Mainmenu:PersistentLevel.Mainmenu' with GeneratedClass '/Game/Mainmenu.Mainmenu_C' with ClassGeneratedBy '/Game/Mainmenu.Mainmenu:PersistentLevel.Mainmenu'
[2018.09.02-15.06.45:098][534]LogSlate: Updating window title bar state: overlay mode, drag disabled, window buttons hidden, title bar hidden
[2018.09.02-15.06.45:168][535]LogPlayLevel: Display: Destroying online subsystem :Context_1
[2018.09.02-15.06.46:623][597]Cmd: SELECT NONE
[2018.09.02-15.06.47:966][652]Cmd: SELECT NONE
[2018.09.02-15.06.48:890][685]LogSlate: FSceneViewport::OnFocusLost() reason 2
[2018.09.02-15.06.50:764][794]LogSlate: FSceneViewport::OnFocusLost() reason 0
[2018.09.02-15.06.50:911][802]LogSlate: Took 0.000212 seconds to synchronously load lazily loaded font '../../../Engine/Content/Slate/Fonts/Roboto-Light.ttf' (167K)
[2018.09.02-15.06.51:273][802]LogAIModule: Creating AISystem for world Circuit_1
[2018.09.02-15.06.51:290][802]LogAssetEditorManager: Opening Asset editor for World /Game/Circuit_1/Circuit_1.Circuit_1
[2018.09.02-15.06.51:317][802]Cmd: MAP LOAD FILE="../../../../../_SUMMER18/Speed Limit/Git/speed-limit/speed_limit/Content/Circuit_1/Circuit_1.umap" TEMPLATE=0 SHOWPROGRESS=1 FEATURELEVEL=3
[2018.09.02-15.06.51:317][802]LightingResults: New page: Lighting Build
[2018.09.02-15.06.51:317][802]LoadErrors: New page: Loading map: Circuit_1.umap
[2018.09.02-15.06.51:318][802]MapCheck: New page: Map Check
[2018.09.02-15.06.51:318][802]LightingResults: New page: Lighting Build
[2018.09.02-15.06.51:457][802]LogEditorServer: Finished looking for orphan Actors (0.000 secs)
[2018.09.02-15.06.51:527][802]Cmd: MAP CHECKDEP NOCLEARLOG
[2018.09.02-15.06.51:599][802]MapCheck: Map check complete: 0 Error(s), 0 Warning(s), took 71.647ms to complete.
[2018.09.02-15.06.51:599][802]LogFileHelpers: Loading map 'Circuit_1' took 0.283
[2018.09.02-15.06.52:211][832]LogTemp: Repeating last play command: Selected Viewport
[2018.09.02-15.06.52:237][832]LogPlayLevel: PlayLevel: No blueprints needed recompiling
[2018.09.02-15.06.52:237][832]PIE: New page: PIE session: Circuit_1 (Sep 2, 2018, 7:06:52 PM)
[2018.09.02-15.06.52:237][832]LogPlayLevel: Creating play world package: /Game/Circuit_1/UEDPIE_0_Circuit_1
[2018.09.02-15.06.52:246][832]LogPlayLevel: PIE: StaticDuplicateObject took: (0.008736s)
[2018.09.02-15.06.52:247][832]LogAIModule: Creating AISystem for world Circuit_1
[2018.09.02-15.06.52:247][832]LogPlayLevel: PIE: World Init took: (0.000993s)
[2018.09.02-15.06.52:247][832]LogPlayLevel: PIE: Created PIE world by copying editor world from /Game/Circuit_1/Circuit_1.Circuit_1 to /Game/Circuit_1/UEDPIE_0_Circuit_1.Circuit_1 (0.010001s)
[2018.09.02-15.06.52:307][832]LogInit: XAudio2 using 'VX24A-C (NVIDIA High Definition Audio)' : 2 channels at 48 kHz using 16 bits per sample (channel mask 0x3)
[2018.09.02-15.06.52:321][832]LogInit: FAudioDevice initialized.
[2018.09.02-15.06.52:379][832]LogLoad: Game class is 'VehicleGameMode_C'
[2018.09.02-15.06.52:386][832]LogWorld: Bringing World /Game/Circuit_1/UEDPIE_0_Circuit_1.Circuit_1 up for play (max tick rate 60) at 2018.09.02-17.06.52
[2018.09.02-15.06.52:386][832]LogWorld: Bringing up level for play took: 0.002481
[2018.09.02-15.06.52:400][832]PIE: Play in editor start time for /Game/Circuit_1/UEDPIE_0_Circuit_1 -0.725
[2018.09.02-15.06.53:921][920]Cmd: LevelEditor.ToggleImmersive
[2018.09.02-15.06.54:111][925]LogSlate: FSceneViewport::OnFocusLost() reason 2
[2018.09.02-15.09.12:976][575]LogSlate: Updating window title bar state: overlay mode, drag disabled, window buttons hidden, title bar hidden
[2018.09.02-15.09.13:055][575]LogPlayLevel: Display: Shutting down PIE online subsystems
[2018.09.02-15.09.13:085][575]LogSlate: Updating window title bar state: overlay mode, drag disabled, window buttons hidden, title bar hidden
[2018.09.02-15.09.13:098][576]LogPlayLevel: Display: Destroying online subsystem :Context_3
[2018.09.02-15.09.15:705][689]LogSlate: FSceneViewport::OnFocusLost() reason 2
[2018.09.02-15.09.17:524][795]LogSlate: FSceneViewport::OnFocusLost() reason 0
[2018.09.02-15.09.18:740][858]LogAIModule: Creating AISystem for world Mainmenu
[2018.09.02-15.09.18:752][858]LogAssetEditorManager: Opening Asset editor for World /Game/Mainmenu.Mainmenu
[2018.09.02-15.09.18:778][858]Cmd: MAP LOAD FILE="../../../../../_SUMMER18/Speed Limit/Git/speed-limit/speed_limit/Content/Mainmenu.umap" TEMPLATE=0 SHOWPROGRESS=1 FEATURELEVEL=3
[2018.09.02-15.09.18:779][858]LightingResults: New page: Lighting Build
[2018.09.02-15.09.18:779][858]LoadErrors: New page: Loading map: Mainmenu.umap
[2018.09.02-15.09.18:780][858]MapCheck: New page: Map Check
[2018.09.02-15.09.18:780][858]LightingResults: New page: Lighting Build
[2018.09.02-15.09.18:922][858]LogEditorServer: Finished looking for orphan Actors (0.000 secs)
[2018.09.02-15.09.18:997][858]Cmd: MAP CHECKDEP NOCLEARLOG
[2018.09.02-15.09.19:084][858]MapCheck: Map check complete: 0 Error(s), 0 Warning(s), took 86.754ms to complete.
[2018.09.02-15.09.19:085][858]LogFileHelpers: Loading map 'Mainmenu' took 0.306
[2018.09.02-15.09.23:406][107]LogEditorViewport: Clicking on Actor (LMB): StaticMeshActor (Ground)
[2018.09.02-15.09.24:261][152]LogEditorViewport: Clicking on Actor (LMB): StaticMeshActor (Ground)
[2018.09.02-15.09.25:034][197]LogEditorViewport: Clicking on Actor (LMB): CameraActor_Blueprint_C (CameraActor_Blueprint)
[2018.09.02-15.09.26:674][286]LogSlate: FSceneViewport::OnFocusLost() reason 2
[2018.09.02-15.09.27:837][347]LogAssetEditorManager: Opening Asset editor for Blueprint /Game/art/interface/CameraActor_Blueprint.CameraActor_Blueprint
[2018.09.02-15.09.28:428][347]LogContentBrowser: Native class hierarchy updated for 'BlueprintGraph' in 0.0007 seconds. Added 116 classes and 0 folders.
[2018.09.02-15.09.29:390][347]LogSlate: Took 0.000233 seconds to synchronously load lazily loaded font '../../../Engine/Content/Slate/Fonts/Roboto-BoldCondensed.ttf' (158K)
[2018.09.02-15.09.47:241][309]LogSlate: Took 0.000283 seconds to synchronously load lazily loaded font '../../../Engine/Content/Slate/Fonts/Roboto-Italic.ttf' (157K)
[2018.09.02-15.12.55:883][522]LogLinker: Can't find file '/Game/blueprints/MainMenu/MainMenuP'
[2018.09.02-15.12.55:883][522]LogLinker: Can't find file '/Game/blueprints/MainMenu/MainMenuP'
[2018.09.02-15.13.57:557][398]LogSlate: Took 0.006350 seconds to synchronously load lazily loaded font '../../../Engine/Content/Slate/Fonts/Roboto-BoldCondensedItalic.ttf' (160K)
[2018.09.02-15.14.22:999][597]LogSlate: Window 'Change Variable Type' being destroyed
[2018.09.02-15.14.23:019][597]LogClass: Warning: Property Start Pos of Start Pos has a struct type mismatch (tag Rotator != prop Vector) in package:  FObjectReader. If that struct got renamed, add an entry to ActiveStructRedirects.
[2018.09.02-15.14.24:500][665]LogSlate: Window 'Find in Blueprints' being destroyed
[2018.09.02-15.14.24:519][665]LogSlate: Window 'Find in Blueprints' being destroyed
[2018.09.02-15.16.31:320][106]LogClass: Warning: Type mismatch in Max Offset of SKEL_CameraActor_Blueprint_C - Previous (StructProperty) Current(IntProperty) for package:  FObjectReader
[2018.09.02-15.16.36:101][348]BlueprintLog: New page: Compile CameraActor_Blueprint
[2018.09.02-15.16.59:716][198]LogEditorTransaction: Undo Create Pin Link
[2018.09.02-15.17.24:761][ 36]LogSlate: Window 'Change Variable Type' being destroyed
[2018.09.02-15.17.27:209][151]LogSlate: Window 'Find in Blueprints' being destroyed
[2018.09.02-15.17.27:236][151]LogSlate: Window 'Find in Blueprints' being destroyed
[2018.09.02-15.17.28:185][201]BlueprintLog: New page: Compile CameraActor_Blueprint
[2018.09.02-15.18.08:039][326]BlueprintLog: New page: Compile CameraActor_Blueprint
[2018.09.02-15.18.13:762][594]LogTemp: Repeating last play command: Selected Viewport
[2018.09.02-15.18.13:792][594]LogBlueprintUserMessages: Early PlayInEditor Detection: Level '/Game/Mainmenu.Mainmenu:PersistentLevel' has LevelScriptBlueprint '/Game/Mainmenu.Mainmenu:PersistentLevel.Mainmenu' with GeneratedClass '/Game/Mainmenu.Mainmenu_C' with ClassGeneratedBy '/Game/Mainmenu.Mainmenu:PersistentLevel.Mainmenu'
[2018.09.02-15.18.13:793][594]LogPlayLevel: PlayLevel: No blueprints needed recompiling
[2018.09.02-15.18.13:793][594]PIE: New page: PIE session: Mainmenu (Sep 2, 2018, 7:18:13 PM)
[2018.09.02-15.18.13:793][594]LogPlayLevel: Creating play world package: /Game/UEDPIE_0_Mainmenu
[2018.09.02-15.18.13:802][594]LogPlayLevel: PIE: StaticDuplicateObject took: (0.009346s)
[2018.09.02-15.18.13:803][594]LogAIModule: Creating AISystem for world Mainmenu
[2018.09.02-15.18.13:803][594]LogPlayLevel: PIE: World Init took: (0.000883s)
[2018.09.02-15.18.13:803][594]LogPlayLevel: PIE: Created PIE world by copying editor world from /Game/Mainmenu.Mainmenu to /Game/UEDPIE_0_Mainmenu.Mainmenu (0.010395s)
[2018.09.02-15.18.13:905][594]LogInit: XAudio2 using 'VX24A-C (NVIDIA High Definition Audio)' : 2 channels at 48 kHz using 16 bits per sample (channel mask 0x3)
[2018.09.02-15.18.13:921][594]LogInit: FAudioDevice initialized.
[2018.09.02-15.18.13:951][594]LogLoad: Game class is 'MainMenu_GM_C'
[2018.09.02-15.18.13:957][594]LogWorld: Bringing World /Game/UEDPIE_0_Mainmenu.Mainmenu up for play (max tick rate 60) at 2018.09.02-17.18.13
[2018.09.02-15.18.13:957][594]LogWorld: Bringing up level for play took: 0.001867
[2018.09.02-15.18.13:971][594]PIE: Play in editor start time for /Game/UEDPIE_0_Mainmenu 0.847
[2018.09.02-15.18.13:972][594]LogBlueprintUserMessages: Late PlayInEditor Detection: Level '/Game/Mainmenu.Mainmenu:PersistentLevel' has LevelScriptBlueprint '/Game/Mainmenu.Mainmenu:PersistentLevel.Mainmenu' with GeneratedClass '/Game/Mainmenu.Mainmenu_C' with ClassGeneratedBy '/Game/Mainmenu.Mainmenu:PersistentLevel.Mainmenu'
[2018.09.02-15.18.18:620][869]Cmd: LevelEditor.ToggleImmersive
[2018.09.02-15.18.18:807][873]LogSlate: FSceneViewport::OnFocusLost() reason 2
[2018.09.02-15.18.20:631][956]LogBlueprintUserMessages: Early EndPlayMap Detection: Level '/Game/Mainmenu.Mainmenu:PersistentLevel' has LevelScriptBlueprint '/Game/Mainmenu.Mainmenu:PersistentLevel.Mainmenu' with GeneratedClass '/Game/Mainmenu.Mainmenu_C' with ClassGeneratedBy '/Game/Mainmenu.Mainmenu:PersistentLevel.Mainmenu'
[2018.09.02-15.18.20:631][956]LogSlate: Updating window title bar state: overlay mode, drag disabled, window buttons hidden, title bar hidden
[2018.09.02-15.18.20:714][956]LogPlayLevel: Display: Shutting down PIE online subsystems
[2018.09.02-15.18.20:714][956]LogBlueprintUserMessages: Late EndPlayMap Detection: Level '/Game/Mainmenu.Mainmenu:PersistentLevel' has LevelScriptBlueprint '/Game/Mainmenu.Mainmenu:PersistentLevel.Mainmenu' with GeneratedClass '/Game/Mainmenu.Mainmenu_C' with ClassGeneratedBy '/Game/Mainmenu.Mainmenu:PersistentLevel.Mainmenu'
[2018.09.02-15.18.20:750][956]LogSlate: Updating window title bar state: overlay mode, drag disabled, window buttons hidden, title bar hidden
[2018.09.02-15.18.20:764][957]LogPlayLevel: Display: Destroying online subsystem :Context_6
[2018.09.02-15.18.24:164][ 89]LogTemp: Repeating last play command: Selected Viewport
[2018.09.02-15.18.24:195][ 89]LogBlueprintUserMessages: Early PlayInEditor Detection: Level '/Game/Mainmenu.Mainmenu:PersistentLevel' has LevelScriptBlueprint '/Game/Mainmenu.Mainmenu:PersistentLevel.Mainmenu' with GeneratedClass '/Game/Mainmenu.Mainmenu_C' with ClassGeneratedBy '/Game/Mainmenu.Mainmenu:PersistentLevel.Mainmenu'
[2018.09.02-15.18.24:196][ 89]LogPlayLevel: PlayLevel: No blueprints needed recompiling
[2018.09.02-15.18.24:196][ 89]PIE: New page: PIE session: Mainmenu (Sep 2, 2018, 7:18:24 PM)
[2018.09.02-15.18.24:196][ 89]LogPlayLevel: Creating play world package: /Game/UEDPIE_0_Mainmenu
[2018.09.02-15.18.24:205][ 89]LogPlayLevel: PIE: StaticDuplicateObject took: (0.009248s)
[2018.09.02-15.18.24:205][ 89]LogAIModule: Creating AISystem for world Mainmenu
[2018.09.02-15.18.24:206][ 89]LogPlayLevel: PIE: World Init took: (0.000814s)
[2018.09.02-15.18.24:206][ 89]LogPlayLevel: PIE: Created PIE world by copying editor world from /Game/Mainmenu.Mainmenu to /Game/UEDPIE_0_Mainmenu.Mainmenu (0.010240s)
[2018.09.02-15.18.24:272][ 89]LogInit: XAudio2 using 'VX24A-C (NVIDIA High Definition Audio)' : 2 channels at 48 kHz using 16 bits per sample (channel mask 0x3)
[2018.09.02-15.18.24:285][ 89]LogInit: FAudioDevice initialized.
[2018.09.02-15.18.24:285][ 89]LogSlate: FSceneViewport::OnFocusLost() reason 2
[2018.09.02-15.18.24:318][ 89]LogLoad: Game class is 'MainMenu_GM_C'
[2018.09.02-15.18.24:327][ 89]LogWorld: Bringing World /Game/UEDPIE_0_Mainmenu.Mainmenu up for play (max tick rate 60) at 2018.09.02-17.18.24
[2018.09.02-15.18.24:328][ 89]LogWorld: Bringing up level for play took: 0.002200
[2018.09.02-15.18.24:343][ 89]PIE: Play in editor start time for /Game/UEDPIE_0_Mainmenu -0.781
[2018.09.02-15.18.24:344][ 89]LogBlueprintUserMessages: Late PlayInEditor Detection: Level '/Game/Mainmenu.Mainmenu:PersistentLevel' has LevelScriptBlueprint '/Game/Mainmenu.Mainmenu:PersistentLevel.Mainmenu' with GeneratedClass '/Game/Mainmenu.Mainmenu_C' with ClassGeneratedBy '/Game/Mainmenu.Mainmenu:PersistentLevel.Mainmenu'
[2018.09.02-15.18.26:527][180]LogBlueprintUserMessages: Early EndPlayMap Detection: Level '/Game/Mainmenu.Mainmenu:PersistentLevel' has LevelScriptBlueprint '/Game/Mainmenu.Mainmenu:PersistentLevel.Mainmenu' with GeneratedClass '/Game/Mainmenu.Mainmenu_C' with ClassGeneratedBy '/Game/Mainmenu.Mainmenu:PersistentLevel.Mainmenu'
[2018.09.02-15.18.26:527][180]LogSlate: Updating window title bar state: overlay mode, drag disabled, window buttons hidden, title bar hidden
[2018.09.02-15.18.26:579][180]LogPlayLevel: Display: Shutting down PIE online subsystems
[2018.09.02-15.18.26:579][180]LogBlueprintUserMessages: Late EndPlayMap Detection: Level '/Game/Mainmenu.Mainmenu:PersistentLevel' has LevelScriptBlueprint '/Game/Mainmenu.Mainmenu:PersistentLevel.Mainmenu' with GeneratedClass '/Game/Mainmenu.Mainmenu_C' with ClassGeneratedBy '/Game/Mainmenu.Mainmenu:PersistentLevel.Mainmenu'
[2018.09.02-15.18.26:613][180]LogSlate: Updating window title bar state: overlay mode, drag disabled, window buttons hidden, title bar hidden
[2018.09.02-15.18.26:640][182]LogPlayLevel: Display: Destroying online subsystem :Context_7
[2018.09.02-15.18.29:173][270]LogEditorViewport: Clicking on Actor (LMB): CameraActor_Blueprint_C (CameraActor_Blueprint)
[2018.09.02-15.18.32:036][356]LogTemp: Repeating last play command: Selected Viewport
[2018.09.02-15.18.32:067][356]LogBlueprintUserMessages: Early PlayInEditor Detection: Level '/Game/Mainmenu.Mainmenu:PersistentLevel' has LevelScriptBlueprint '/Game/Mainmenu.Mainmenu:PersistentLevel.Mainmenu' with GeneratedClass '/Game/Mainmenu.Mainmenu_C' with ClassGeneratedBy '/Game/Mainmenu.Mainmenu:PersistentLevel.Mainmenu'
[2018.09.02-15.18.32:068][356]LogPlayLevel: PlayLevel: No blueprints needed recompiling
[2018.09.02-15.18.32:069][356]PIE: New page: PIE session: Mainmenu (Sep 2, 2018, 7:18:32 PM)
[2018.09.02-15.18.32:069][356]LogPlayLevel: Creating play world package: /Game/UEDPIE_0_Mainmenu
[2018.09.02-15.18.32:077][356]LogPlayLevel: PIE: StaticDuplicateObject took: (0.008754s)
[2018.09.02-15.18.32:078][356]LogAIModule: Creating AISystem for world Mainmenu
[2018.09.02-15.18.32:078][356]LogPlayLevel: PIE: World Init took: (0.000810s)
[2018.09.02-15.18.32:078][356]LogPlayLevel: PIE: Created PIE world by copying editor world from /Game/Mainmenu.Mainmenu to /Game/UEDPIE_0_Mainmenu.Mainmenu (0.009697s)
[2018.09.02-15.18.32:172][356]LogInit: XAudio2 using 'VX24A-C (NVIDIA High Definition Audio)' : 2 channels at 48 kHz using 16 bits per sample (channel mask 0x3)
[2018.09.02-15.18.32:185][356]LogInit: FAudioDevice initialized.
[2018.09.02-15.18.32:185][356]LogSlate: FSceneViewport::OnFocusLost() reason 2
[2018.09.02-15.18.32:218][356]LogLoad: Game class is 'MainMenu_GM_C'
[2018.09.02-15.18.32:225][356]LogWorld: Bringing World /Game/UEDPIE_0_Mainmenu.Mainmenu up for play (max tick rate 60) at 2018.09.02-17.18.32
[2018.09.02-15.18.32:226][356]LogWorld: Bringing up level for play took: 0.001880
[2018.09.02-15.18.32:240][356]PIE: Play in editor start time for /Game/UEDPIE_0_Mainmenu 1.115
[2018.09.02-15.18.32:240][356]LogBlueprintUserMessages: Late PlayInEditor Detection: Level '/Game/Mainmenu.Mainmenu:PersistentLevel' has LevelScriptBlueprint '/Game/Mainmenu.Mainmenu:PersistentLevel.Mainmenu' with GeneratedClass '/Game/Mainmenu.Mainmenu_C' with ClassGeneratedBy '/Game/Mainmenu.Mainmenu:PersistentLevel.Mainmenu'
[2018.09.02-15.18.33:992][438]LogBlueprintUserMessages: Early EndPlayMap Detection: Level '/Game/Mainmenu.Mainmenu:PersistentLevel' has LevelScriptBlueprint '/Game/Mainmenu.Mainmenu:PersistentLevel.Mainmenu' with GeneratedClass '/Game/Mainmenu.Mainmenu_C' with ClassGeneratedBy '/Game/Mainmenu.Mainmenu:PersistentLevel.Mainmenu'
[2018.09.02-15.18.33:994][438]LogSlate: Updating window title bar state: overlay mode, drag disabled, window buttons hidden, title bar hidden
[2018.09.02-15.18.34:056][438]LogPlayLevel: Display: Shutting down PIE online subsystems
[2018.09.02-15.18.34:056][438]LogBlueprintUserMessages: Late EndPlayMap Detection: Level '/Game/Mainmenu.Mainmenu:PersistentLevel' has LevelScriptBlueprint '/Game/Mainmenu.Mainmenu:PersistentLevel.Mainmenu' with GeneratedClass '/Game/Mainmenu.Mainmenu_C' with ClassGeneratedBy '/Game/Mainmenu.Mainmenu:PersistentLevel.Mainmenu'
[2018.09.02-15.18.34:087][438]LogSlate: Updating window title bar state: overlay mode, drag disabled, window buttons hidden, title bar hidden
[2018.09.02-15.18.34:100][439]LogPlayLevel: Display: Destroying online subsystem :Context_8
[2018.09.02-15.18.36:264][516]LogEditorViewport: Clicking on Actor (LMB): CameraActor_Blueprint_C (CameraActor_Blueprint)
[2018.09.02-15.18.37:685][559]Cmd: TRANSACTION UNDO
[2018.09.02-15.18.37:685][559]LogEditorTransaction: Undo Clicking on Actors
[2018.09.02-15.18.38:919][626]LogEditorViewport: Clicking on Actor (LMB): CameraActor_Blueprint_C (CameraActor_Blueprint)
[2018.09.02-15.18.40:103][660]Cmd: TRANSACTION UNDO
[2018.09.02-15.18.40:103][660]LogEditorTransaction: Undo Clicking on Actors
[2018.09.02-15.18.40:654][681]Cmd: TRANSACTION UNDO
[2018.09.02-15.18.40:654][681]LogEditorTransaction: Undo Move Actors
[2018.09.02-15.18.41:483][713]LogEditorViewport: Clicking on Actor (LMB): CameraActor_Blueprint_C (CameraActor_Blueprint)
[2018.09.02-15.18.42:955][750]LogSlate: FSceneViewport::OnFocusLost() reason 2
[2018.09.02-15.18.43:936][799]LogSlate: FSceneViewport::OnFocusLost() reason 0
[2018.09.02-15.19.26:819][804]BlueprintLog: New page: Compile CameraActor_Blueprint
[2018.09.02-15.19.29:769][934]LogSavePackage: Moving '../../../../../_SUMMER18/Speed Limit/Git/speed-limit/speed_limit/Saved/CameraActor_Blueprint8E1A382B444F58245D1D8FB7770233A7.tmp' to '../../../../../_SUMMER18/Speed Limit/Git/speed-limit/speed_limit/Content/art/interface/CameraActor_Blueprint.uasset'
[2018.09.02-15.19.30:302][962]LogSlate: Window 'CameraActor_Blueprint' being destroyed
[2018.09.02-15.19.30:880][990]LogTemp: Repeating last play command: Selected Viewport
[2018.09.02-15.19.30:909][990]LogBlueprintUserMessages: Early PlayInEditor Detection: Level '/Game/Mainmenu.Mainmenu:PersistentLevel' has LevelScriptBlueprint '/Game/Mainmenu.Mainmenu:PersistentLevel.Mainmenu' with GeneratedClass '/Game/Mainmenu.Mainmenu_C' with ClassGeneratedBy '/Game/Mainmenu.Mainmenu:PersistentLevel.Mainmenu'
[2018.09.02-15.19.30:909][990]LogPlayLevel: PlayLevel: No blueprints needed recompiling
[2018.09.02-15.19.30:909][990]PIE: New page: PIE session: Mainmenu (Sep 2, 2018, 7:19:30 PM)
[2018.09.02-15.19.30:909][990]LogPlayLevel: Creating play world package: /Game/UEDPIE_0_Mainmenu
[2018.09.02-15.19.30:915][990]LogPlayLevel: PIE: StaticDuplicateObject took: (0.006268s)
[2018.09.02-15.19.30:916][990]LogAIModule: Creating AISystem for world Mainmenu
[2018.09.02-15.19.30:916][990]LogPlayLevel: PIE: World Init took: (0.000781s)
[2018.09.02-15.19.30:916][990]LogPlayLevel: PIE: Created PIE world by copying editor world from /Game/Mainmenu.Mainmenu to /Game/UEDPIE_0_Mainmenu.Mainmenu (0.007211s)
[2018.09.02-15.19.31:009][990]LogInit: XAudio2 using 'VX24A-C (NVIDIA High Definition Audio)' : 2 channels at 48 kHz using 16 bits per sample (channel mask 0x3)
[2018.09.02-15.19.31:024][990]LogInit: FAudioDevice initialized.
[2018.09.02-15.19.31:053][990]LogLoad: Game class is 'MainMenu_GM_C'
[2018.09.02-15.19.31:061][990]LogWorld: Bringing World /Game/UEDPIE_0_Mainmenu.Mainmenu up for play (max tick rate 60) at 2018.09.02-17.19.31
[2018.09.02-15.19.31:061][990]LogWorld: Bringing up level for play took: 0.001905
[2018.09.02-15.19.31:076][990]PIE: Play in editor start time for /Game/UEDPIE_0_Mainmenu -0.049
[2018.09.02-15.19.31:077][990]LogBlueprintUserMessages: Late PlayInEditor Detection: Level '/Game/Mainmenu.Mainmenu:PersistentLevel' has LevelScriptBlueprint '/Game/Mainmenu.Mainmenu:PersistentLevel.Mainmenu' with GeneratedClass '/Game/Mainmenu.Mainmenu_C' with ClassGeneratedBy '/Game/Mainmenu.Mainmenu:PersistentLevel.Mainmenu'
[2018.09.02-15.19.33:101][110]Cmd: LevelEditor.ToggleImmersive
[2018.09.02-15.19.33:289][114]LogSlate: FSceneViewport::OnFocusLost() reason 2
[2018.09.02-15.19.42:571][543]LogBlueprintUserMessages: Early EndPlayMap Detection: Level '/Game/Mainmenu.Mainmenu:PersistentLevel' has LevelScriptBlueprint '/Game/Mainmenu.Mainmenu:PersistentLevel.Mainmenu' with GeneratedClass '/Game/Mainmenu.Mainmenu_C' with ClassGeneratedBy '/Game/Mainmenu.Mainmenu:PersistentLevel.Mainmenu'
[2018.09.02-15.19.42:571][543]LogSlate: Updating window title bar state: overlay mode, drag disabled, window buttons hidden, title bar hidden
[2018.09.02-15.19.42:653][543]LogPlayLevel: Display: Shutting down PIE online subsystems
[2018.09.02-15.19.42:653][543]LogBlueprintUserMessages: Late EndPlayMap Detection: Level '/Game/Mainmenu.Mainmenu:PersistentLevel' has LevelScriptBlueprint '/Game/Mainmenu.Mainmenu:PersistentLevel.Mainmenu' with GeneratedClass '/Game/Mainmenu.Mainmenu_C' with ClassGeneratedBy '/Game/Mainmenu.Mainmenu:PersistentLevel.Mainmenu'
[2018.09.02-15.19.42:686][543]LogSlate: Updating window title bar state: overlay mode, drag disabled, window buttons hidden, title bar hidden
[2018.09.02-15.19.42:698][544]LogPlayLevel: Display: Destroying online subsystem :Context_9
[2018.09.02-15.19.43:889][588]LogSlate: FSceneViewport::OnFocusLost() reason 2
[2018.09.02-15.19.44:672][633]LogSlate: FSceneViewport::OnFocusLost() reason 0
[2018.09.02-15.19.44:976][649]LogAssetEditorManager: Opening Asset editor for Blueprint /Game/art/interface/CameraActor_Blueprint.CameraActor_Blueprint
[2018.09.02-15.19.50:409][921]BlueprintLog: New page: Compile CameraActor_Blueprint
[2018.09.02-15.19.52:493][991]LogEditorViewport: Clicking on Actor (LMB): InstancedFoliageActor (InstancedFoliageActor)
[2018.09.02-15.19.53:256][ 33]LogTemp: Repeating last play command: Selected Viewport
[2018.09.02-15.19.53:291][ 33]LogBlueprintUserMessages: Early PlayInEditor Detection: Level '/Game/Mainmenu.Mainmenu:PersistentLevel' has LevelScriptBlueprint '/Game/Mainmenu.Mainmenu:PersistentLevel.Mainmenu' with GeneratedClass '/Game/Mainmenu.Mainmenu_C' with ClassGeneratedBy '/Game/Mainmenu.Mainmenu:PersistentLevel.Mainmenu'
[2018.09.02-15.19.53:291][ 33]LogPlayLevel: PlayLevel: No blueprints needed recompiling
[2018.09.02-15.19.53:291][ 33]PIE: New page: PIE session: Mainmenu (Sep 2, 2018, 7:19:53 PM)
[2018.09.02-15.19.53:291][ 33]LogPlayLevel: Creating play world package: /Game/UEDPIE_0_Mainmenu
[2018.09.02-15.19.53:300][ 33]LogPlayLevel: PIE: StaticDuplicateObject took: (0.009018s)
[2018.09.02-15.19.53:301][ 33]LogAIModule: Creating AISystem for world Mainmenu
[2018.09.02-15.19.53:301][ 33]LogPlayLevel: PIE: World Init took: (0.000774s)
[2018.09.02-15.19.53:301][ 33]LogPlayLevel: PIE: Created PIE world by copying editor world from /Game/Mainmenu.Mainmenu to /Game/UEDPIE_0_Mainmenu.Mainmenu (0.009925s)
[2018.09.02-15.19.53:369][ 33]LogInit: XAudio2 using 'VX24A-C (NVIDIA High Definition Audio)' : 2 channels at 48 kHz using 16 bits per sample (channel mask 0x3)
[2018.09.02-15.19.53:382][ 33]LogInit: FAudioDevice initialized.
[2018.09.02-15.19.53:382][ 33]LogSlate: FSceneViewport::OnFocusLost() reason 2
[2018.09.02-15.19.53:413][ 33]LogLoad: Game class is 'MainMenu_GM_C'
[2018.09.02-15.19.53:422][ 33]LogWorld: Bringing World /Game/UEDPIE_0_Mainmenu.Mainmenu up for play (max tick rate 60) at 2018.09.02-17.19.53
[2018.09.02-15.19.53:422][ 33]LogWorld: Bringing up level for play took: 0.002557
[2018.09.02-15.19.53:435][ 33]PIE: Play in editor start time for /Game/UEDPIE_0_Mainmenu 0.311
[2018.09.02-15.19.53:436][ 33]LogBlueprintUserMessages: Late PlayInEditor Detection: Level '/Game/Mainmenu.Mainmenu:PersistentLevel' has LevelScriptBlueprint '/Game/Mainmenu.Mainmenu:PersistentLevel.Mainmenu' with GeneratedClass '/Game/Mainmenu.Mainmenu_C' with ClassGeneratedBy '/Game/Mainmenu.Mainmenu:PersistentLevel.Mainmenu'
[2018.09.02-15.19.55:508][151]Cmd: LevelEditor.ToggleImmersive
[2018.09.02-15.19.55:721][155]LogSlate: FSceneViewport::OnFocusLost() reason 2
[2018.09.02-15.20.17:773][ 84]LogSlate: FSceneViewport::OnFocusLost() reason 0
[2018.09.02-15.20.18:681][119]LogPackageName: SearchForPackageOnDisk took   0.081s, but failed to resolve Cirquit_1.umap.
[2018.09.02-15.20.18:757][119]LogPackageName: SearchForPackageOnDisk took   0.074s, but failed to resolve Cirquit_1.umap.
[2018.09.02-15.20.18:757][119]LogNet: Browse: /Game/Mainmenu
[2018.09.02-15.20.18:757][119]LogNet: Warning: Travel Failure: [InvalidURL]: Invalid URL: /Game/Mainmenu
[2018.09.02-15.20.18:757][119]LogNet: Warning: TravelFailure: InvalidURL, Reason for Failure: 'Invalid URL: /Game/Mainmenu'. Shutting down PIE.
[2018.09.02-15.20.18:757][119]PIE: Warning: TravelFailure: InvalidURL, Reason for Failure: 'Invalid URL: /Game/Mainmenu'. Shutting down PIE.
[2018.09.02-15.20.18:757][119]LogNet: Warning: Travel Failure: [ClientTravelFailure]: Invalid URL: /Game/Mainmenu
[2018.09.02-15.20.18:758][119]LogNet: Warning: TravelFailure: ClientTravelFailure, Reason for Failure: 'Invalid URL: /Game/Mainmenu'. Shutting down PIE.
[2018.09.02-15.20.18:758][119]PIE: Warning: TravelFailure: ClientTravelFailure, Reason for Failure: 'Invalid URL: /Game/Mainmenu'. Shutting down PIE.
[2018.09.02-15.20.18:759][119]LogBlueprintUserMessages: Early EndPlayMap Detection: Level '/Game/Mainmenu.Mainmenu:PersistentLevel' has LevelScriptBlueprint '/Game/Mainmenu.Mainmenu:PersistentLevel.Mainmenu' with GeneratedClass '/Game/Mainmenu.Mainmenu_C' with ClassGeneratedBy '/Game/Mainmenu.Mainmenu:PersistentLevel.Mainmenu'
[2018.09.02-15.20.18:760][119]LogSlate: Updating window title bar state: overlay mode, drag disabled, window buttons hidden, title bar hidden
[2018.09.02-15.20.18:836][119]LogPlayLevel: Display: Shutting down PIE online subsystems
[2018.09.02-15.20.18:836][119]LogBlueprintUserMessages: Late EndPlayMap Detection: Level '/Game/Mainmenu.Mainmenu:PersistentLevel' has LevelScriptBlueprint '/Game/Mainmenu.Mainmenu:PersistentLevel.Mainmenu' with GeneratedClass '/Game/Mainmenu.Mainmenu_C' with ClassGeneratedBy '/Game/Mainmenu.Mainmenu:PersistentLevel.Mainmenu'
[2018.09.02-15.20.18:865][119]LogSlate: Updating window title bar state: overlay mode, drag disabled, window buttons hidden, title bar hidden
[2018.09.02-15.20.18:980][120]LogPlayLevel: Display: Destroying online subsystem :Context_11
[2018.09.02-15.20.21:468][212]Cmd: SELECT NONE
[2018.09.02-15.20.22:932][264]Cmd: SELECT NONE
[2018.09.02-15.20.23:973][302]LogTemp: Repeating last play command: Selected Viewport
[2018.09.02-15.20.24:002][302]LogBlueprintUserMessages: Early PlayInEditor Detection: Level '/Game/Mainmenu.Mainmenu:PersistentLevel' has LevelScriptBlueprint '/Game/Mainmenu.Mainmenu:PersistentLevel.Mainmenu' with GeneratedClass '/Game/Mainmenu.Mainmenu_C' with ClassGeneratedBy '/Game/Mainmenu.Mainmenu:PersistentLevel.Mainmenu'
[2018.09.02-15.20.24:002][302]LogPlayLevel: PlayLevel: No blueprints needed recompiling
[2018.09.02-15.20.24:002][302]PIE: New page: PIE session: Mainmenu (Sep 2, 2018, 7:20:24 PM)
[2018.09.02-15.20.24:003][302]LogPlayLevel: Creating play world package: /Game/UEDPIE_0_Mainmenu
[2018.09.02-15.20.24:012][302]LogPlayLevel: PIE: StaticDuplicateObject took: (0.008156s)
[2018.09.02-15.20.24:012][302]LogAIModule: Creating AISystem for world Mainmenu
[2018.09.02-15.20.24:013][302]LogPlayLevel: PIE: World Init took: (0.001354s)
[2018.09.02-15.20.24:013][302]LogPlayLevel: PIE: Created PIE world by copying editor world from /Game/Mainmenu.Mainmenu to /Game/UEDPIE_0_Mainmenu.Mainmenu (0.009775s)
[2018.09.02-15.20.24:081][302]LogInit: XAudio2 using 'VX24A-C (NVIDIA High Definition Audio)' : 2 channels at 48 kHz using 16 bits per sample (channel mask 0x3)
[2018.09.02-15.20.24:095][302]LogInit: FAudioDevice initialized.
[2018.09.02-15.20.24:095][302]LogSlate: FSceneViewport::OnFocusLost() reason 2
[2018.09.02-15.20.24:132][302]LogLoad: Game class is 'MainMenu_GM_C'
[2018.09.02-15.20.24:140][302]LogWorld: Bringing World /Game/UEDPIE_0_Mainmenu.Mainmenu up for play (max tick rate 60) at 2018.09.02-17.20.24
[2018.09.02-15.20.24:140][302]LogWorld: Bringing up level for play took: 0.002032
[2018.09.02-15.20.24:154][302]PIE: Play in editor start time for /Game/UEDPIE_0_Mainmenu 1.029
[2018.09.02-15.20.24:154][302]LogBlueprintUserMessages: Late PlayInEditor Detection: Level '/Game/Mainmenu.Mainmenu:PersistentLevel' has LevelScriptBlueprint '/Game/Mainmenu.Mainmenu:PersistentLevel.Mainmenu' with GeneratedClass '/Game/Mainmenu.Mainmenu_C' with ClassGeneratedBy '/Game/Mainmenu.Mainmenu:PersistentLevel.Mainmenu'
[2018.09.02-15.20.51:574][450]LogBlueprintUserMessages: Early EndPlayMap Detection: Level '/Game/Mainmenu.Mainmenu:PersistentLevel' has LevelScriptBlueprint '/Game/Mainmenu.Mainmenu:PersistentLevel.Mainmenu' with GeneratedClass '/Game/Mainmenu.Mainmenu_C' with ClassGeneratedBy '/Game/Mainmenu.Mainmenu:PersistentLevel.Mainmenu'
[2018.09.02-15.20.51:574][450]LogSlate: Updating window title bar state: overlay mode, drag disabled, window buttons hidden, title bar hidden
[2018.09.02-15.20.51:638][450]LogPlayLevel: Display: Shutting down PIE online subsystems
[2018.09.02-15.20.51:638][450]LogBlueprintUserMessages: Late EndPlayMap Detection: Level '/Game/Mainmenu.Mainmenu:PersistentLevel' has LevelScriptBlueprint '/Game/Mainmenu.Mainmenu:PersistentLevel.Mainmenu' with GeneratedClass '/Game/Mainmenu.Mainmenu_C' with ClassGeneratedBy '/Game/Mainmenu.Mainmenu:PersistentLevel.Mainmenu'
[2018.09.02-15.20.51:672][450]LogSlate: Updating window title bar state: overlay mode, drag disabled, window buttons hidden, title bar hidden
[2018.09.02-15.20.51:755][451]LogPlayLevel: Display: Destroying online subsystem :Context_12
[2018.09.02-15.20.53:815][530]LogSlate: FSceneViewport::OnFocusLost() reason 0
[2018.09.02-15.20.57:687][738]LogAssetEditorManager: Opening Asset editor for Blueprint /Game/art/interface/MainMenu_GM.MainMenu_GM
[2018.09.02-15.21.00:018][844]LogSlate: Window 'MainMenu_GM' being destroyed
[2018.09.02-15.21.00:034][844]LogSlate: Window 'MainMenu_GM' being destroyed
[2018.09.02-15.21.00:154][844]LogActorComponent: UnregisterComponent: (/Engine/Transient.EditorFloorComp) Not registered. Aborting.
[2018.09.02-15.21.02:773][987]LogAssetEditorManager: Opening Asset editor for Blueprint /Game/art/interface/CameraActor_Blueprint.CameraActor_Blueprint
[2018.09.02-15.21.11:395][419]BlueprintLog: New page: Compile CameraActor_Blueprint
[2018.09.02-15.21.13:513][510]LogTemp: Repeating last play command: Selected Viewport
[2018.09.02-15.21.13:548][510]LogBlueprintUserMessages: Early PlayInEditor Detection: Level '/Game/Mainmenu.Mainmenu:PersistentLevel' has LevelScriptBlueprint '/Game/Mainmenu.Mainmenu:PersistentLevel.Mainmenu' with GeneratedClass '/Game/Mainmenu.Mainmenu_C' with ClassGeneratedBy '/Game/Mainmenu.Mainmenu:PersistentLevel.Mainmenu'
[2018.09.02-15.21.13:548][510]LogPlayLevel: PlayLevel: No blueprints needed recompiling
[2018.09.02-15.21.13:548][510]PIE: New page: PIE session: Mainmenu (Sep 2, 2018, 7:21:13 PM)
[2018.09.02-15.21.13:548][510]LogPlayLevel: Creating play world package: /Game/UEDPIE_0_Mainmenu
[2018.09.02-15.21.13:555][510]LogPlayLevel: PIE: StaticDuplicateObject took: (0.007311s)
[2018.09.02-15.21.13:556][510]LogAIModule: Creating AISystem for world Mainmenu
[2018.09.02-15.21.13:556][510]LogPlayLevel: PIE: World Init took: (0.000943s)
[2018.09.02-15.21.13:556][510]LogPlayLevel: PIE: Created PIE world by copying editor world from /Game/Mainmenu.Mainmenu to /Game/UEDPIE_0_Mainmenu.Mainmenu (0.008473s)
[2018.09.02-15.21.13:622][510]LogInit: XAudio2 using 'VX24A-C (NVIDIA High Definition Audio)' : 2 channels at 48 kHz using 16 bits per sample (channel mask 0x3)
[2018.09.02-15.21.13:635][510]LogInit: FAudioDevice initialized.
[2018.09.02-15.21.13:673][510]LogLoad: Game class is 'MainMenu_GM_C'
[2018.09.02-15.21.13:679][510]LogWorld: Bringing World /Game/UEDPIE_0_Mainmenu.Mainmenu up for play (max tick rate 60) at 2018.09.02-17.21.13
[2018.09.02-15.21.13:679][510]LogWorld: Bringing up level for play took: 0.002031
[2018.09.02-15.21.13:693][510]PIE: Play in editor start time for /Game/UEDPIE_0_Mainmenu 0.568
[2018.09.02-15.21.13:693][510]LogBlueprintUserMessages: Late PlayInEditor Detection: Level '/Game/Mainmenu.Mainmenu:PersistentLevel' has LevelScriptBlueprint '/Game/Mainmenu.Mainmenu:PersistentLevel.Mainmenu' with GeneratedClass '/Game/Mainmenu.Mainmenu_C' with ClassGeneratedBy '/Game/Mainmenu.Mainmenu:PersistentLevel.Mainmenu'
[2018.09.02-15.21.16:611][677]Cmd: LevelEditor.ToggleImmersive
[2018.09.02-15.21.16:822][681]LogSlate: FSceneViewport::OnFocusLost() reason 2
[2018.09.02-15.21.56:269][331]LogSlate: FSceneViewport::OnFocusLost() reason 0
[2018.09.02-15.21.56:345][334]LogSlate: Updating window title bar state: overlay mode, drag disabled, window buttons hidden, title bar hidden
[2018.09.02-15.21.56:345][334]LogBlueprintUserMessages: Early EndPlayMap Detection: Level '/Game/Mainmenu.Mainmenu:PersistentLevel' has LevelScriptBlueprint '/Game/Mainmenu.Mainmenu:PersistentLevel.Mainmenu' with GeneratedClass '/Game/Mainmenu.Mainmenu_C' with ClassGeneratedBy '/Game/Mainmenu.Mainmenu:PersistentLevel.Mainmenu'
[2018.09.02-15.21.56:438][334]LogPlayLevel: Display: Shutting down PIE online subsystems
[2018.09.02-15.21.56:438][334]LogBlueprintUserMessages: Late EndPlayMap Detection: Level '/Game/Mainmenu.Mainmenu:PersistentLevel' has LevelScriptBlueprint '/Game/Mainmenu.Mainmenu:PersistentLevel.Mainmenu' with GeneratedClass '/Game/Mainmenu.Mainmenu_C' with ClassGeneratedBy '/Game/Mainmenu.Mainmenu:PersistentLevel.Mainmenu'
[2018.09.02-15.21.56:476][334]LogSlate: Updating window title bar state: overlay mode, drag disabled, window buttons hidden, title bar hidden
[2018.09.02-15.21.56:595][335]LogPlayLevel: Display: Destroying online subsystem :Context_15
[2018.09.02-15.23.53:051][185]LogTemp: Repeating last play command: Selected Viewport
[2018.09.02-15.23.53:077][185]LogBlueprintUserMessages: Early PlayInEditor Detection: Level '/Game/Mainmenu.Mainmenu:PersistentLevel' has LevelScriptBlueprint '/Game/Mainmenu.Mainmenu:PersistentLevel.Mainmenu' with GeneratedClass '/Game/Mainmenu.Mainmenu_C' with ClassGeneratedBy '/Game/Mainmenu.Mainmenu:PersistentLevel.Mainmenu'
[2018.09.02-15.23.53:077][185]LogPlayLevel: PlayLevel: No blueprints needed recompiling
[2018.09.02-15.23.53:077][185]PIE: New page: PIE session: Mainmenu (Sep 2, 2018, 7:23:53 PM)
[2018.09.02-15.23.53:077][185]LogPlayLevel: Creating play world package: /Game/UEDPIE_0_Mainmenu
[2018.09.02-15.23.53:086][185]LogPlayLevel: PIE: StaticDuplicateObject took: (0.009778s)
[2018.09.02-15.23.53:087][185]LogAIModule: Creating AISystem for world Mainmenu
[2018.09.02-15.23.53:087][185]LogPlayLevel: PIE: World Init took: (0.000898s)
[2018.09.02-15.23.53:087][185]LogPlayLevel: PIE: Created PIE world by copying editor world from /Game/Mainmenu.Mainmenu to /Game/UEDPIE_0_Mainmenu.Mainmenu (0.010895s)
[2018.09.02-15.23.53:154][185]LogInit: XAudio2 using 'VX24A-C (NVIDIA High Definition Audio)' : 2 channels at 48 kHz using 16 bits per sample (channel mask 0x3)
[2018.09.02-15.23.53:167][185]LogInit: FAudioDevice initialized.
[2018.09.02-15.23.53:167][185]LogSlate: FSceneViewport::OnFocusLost() reason 2
[2018.09.02-15.23.53:200][185]LogLoad: Game class is 'MainMenu_GM_C'
[2018.09.02-15.23.53:209][185]LogWorld: Bringing World /Game/UEDPIE_0_Mainmenu.Mainmenu up for play (max tick rate 60) at 2018.09.02-17.23.53
[2018.09.02-15.23.53:209][185]LogWorld: Bringing up level for play took: 0.002119
[2018.09.02-15.23.53:224][185]PIE: Play in editor start time for /Game/UEDPIE_0_Mainmenu 0.098
[2018.09.02-15.23.53:224][185]LogBlueprintUserMessages: Late PlayInEditor Detection: Level '/Game/Mainmenu.Mainmenu:PersistentLevel' has LevelScriptBlueprint '/Game/Mainmenu.Mainmenu:PersistentLevel.Mainmenu' with GeneratedClass '/Game/Mainmenu.Mainmenu_C' with ClassGeneratedBy '/Game/Mainmenu.Mainmenu:PersistentLevel.Mainmenu'
[2018.09.02-15.23.55:452][313]Cmd: LevelEditor.ToggleImmersive
[2018.09.02-15.23.55:663][317]LogSlate: FSceneViewport::OnFocusLost() reason 2
[2018.09.02-15.23.56:758][363]LogBlueprintUserMessages: Early EndPlayMap Detection: Level '/Game/Mainmenu.Mainmenu:PersistentLevel' has LevelScriptBlueprint '/Game/Mainmenu.Mainmenu:PersistentLevel.Mainmenu' with GeneratedClass '/Game/Mainmenu.Mainmenu_C' with ClassGeneratedBy '/Game/Mainmenu.Mainmenu:PersistentLevel.Mainmenu'
[2018.09.02-15.23.56:759][363]LogSlate: Updating window title bar state: overlay mode, drag disabled, window buttons hidden, title bar hidden
[2018.09.02-15.23.56:845][363]LogPlayLevel: Display: Shutting down PIE online subsystems
[2018.09.02-15.23.56:846][363]LogBlueprintUserMessages: Late EndPlayMap Detection: Level '/Game/Mainmenu.Mainmenu:PersistentLevel' has LevelScriptBlueprint '/Game/Mainmenu.Mainmenu:PersistentLevel.Mainmenu' with GeneratedClass '/Game/Mainmenu.Mainmenu_C' with ClassGeneratedBy '/Game/Mainmenu.Mainmenu:PersistentLevel.Mainmenu'
[2018.09.02-15.23.56:885][363]LogSlate: Updating window title bar state: overlay mode, drag disabled, window buttons hidden, title bar hidden
[2018.09.02-15.23.56:942][364]LogPlayLevel: Display: Destroying online subsystem :Context_16
[2018.09.02-15.23.57:739][390]LogSlate: FSceneViewport::OnFocusLost() reason 2
[2018.09.02-15.23.58:739][438]LogSlate: FSceneViewport::OnFocusLost() reason 0
[2018.09.02-15.24.06:538][894]LogTemp: Repeating last play command: Selected Viewport
[2018.09.02-15.24.06:565][894]LogBlueprintUserMessages: Early PlayInEditor Detection: Level '/Game/Mainmenu.Mainmenu:PersistentLevel' has LevelScriptBlueprint '/Game/Mainmenu.Mainmenu:PersistentLevel.Mainmenu' with GeneratedClass '/Game/Mainmenu.Mainmenu_C' with ClassGeneratedBy '/Game/Mainmenu.Mainmenu:PersistentLevel.Mainmenu'
[2018.09.02-15.24.06:565][894]LogPlayLevel: PlayLevel: No blueprints needed recompiling
[2018.09.02-15.24.06:566][894]PIE: New page: PIE session: Mainmenu (Sep 2, 2018, 7:24:06 PM)
[2018.09.02-15.24.06:566][894]LogPlayLevel: Creating play world package: /Game/UEDPIE_0_Mainmenu
[2018.09.02-15.24.06:575][894]LogPlayLevel: PIE: StaticDuplicateObject took: (0.009117s)
[2018.09.02-15.24.06:576][894]LogAIModule: Creating AISystem for world Mainmenu
[2018.09.02-15.24.06:576][894]LogPlayLevel: PIE: World Init took: (0.001151s)
[2018.09.02-15.24.06:576][894]LogPlayLevel: PIE: Created PIE world by copying editor world from /Game/Mainmenu.Mainmenu to /Game/UEDPIE_0_Mainmenu.Mainmenu (0.010439s)
[2018.09.02-15.24.06:637][894]LogInit: XAudio2 using 'VX24A-C (NVIDIA High Definition Audio)' : 2 channels at 48 kHz using 16 bits per sample (channel mask 0x3)
[2018.09.02-15.24.06:652][894]LogInit: FAudioDevice initialized.
[2018.09.02-15.24.06:652][894]LogSlate: FSceneViewport::OnFocusLost() reason 2
[2018.09.02-15.24.06:684][894]LogLoad: Game class is 'MainMenu_GM_C'
[2018.09.02-15.24.06:691][894]LogWorld: Bringing World /Game/UEDPIE_0_Mainmenu.Mainmenu up for play (max tick rate 60) at 2018.09.02-17.24.06
[2018.09.02-15.24.06:691][894]LogWorld: Bringing up level for play took: 0.002101
[2018.09.02-15.24.06:705][894]PIE: Play in editor start time for /Game/UEDPIE_0_Mainmenu -0.419
[2018.09.02-15.24.06:705][894]LogBlueprintUserMessages: Late PlayInEditor Detection: Level '/Game/Mainmenu.Mainmenu:PersistentLevel' has LevelScriptBlueprint '/Game/Mainmenu.Mainmenu:PersistentLevel.Mainmenu' with GeneratedClass '/Game/Mainmenu.Mainmenu_C' with ClassGeneratedBy '/Game/Mainmenu.Mainmenu:PersistentLevel.Mainmenu'
[2018.09.02-15.24.08:175][979]LogBlueprintUserMessages: Early EndPlayMap Detection: Level '/Game/Mainmenu.Mainmenu:PersistentLevel' has LevelScriptBlueprint '/Game/Mainmenu.Mainmenu:PersistentLevel.Mainmenu' with GeneratedClass '/Game/Mainmenu.Mainmenu_C' with ClassGeneratedBy '/Game/Mainmenu.Mainmenu:PersistentLevel.Mainmenu'
[2018.09.02-15.24.08:175][979]LogSlate: Updating window title bar state: overlay mode, drag disabled, window buttons hidden, title bar hidden
[2018.09.02-15.24.08:218][979]LogPlayLevel: Display: Shutting down PIE online subsystems
[2018.09.02-15.24.08:219][979]LogBlueprintUserMessages: Late EndPlayMap Detection: Level '/Game/Mainmenu.Mainmenu:PersistentLevel' has LevelScriptBlueprint '/Game/Mainmenu.Mainmenu:PersistentLevel.Mainmenu' with GeneratedClass '/Game/Mainmenu.Mainmenu_C' with ClassGeneratedBy '/Game/Mainmenu.Mainmenu:PersistentLevel.Mainmenu'
[2018.09.02-15.24.08:255][979]LogSlate: Updating window title bar state: overlay mode, drag disabled, window buttons hidden, title bar hidden
[2018.09.02-15.24.08:319][980]LogPlayLevel: Display: Destroying online subsystem :Context_17
[2018.09.02-15.24.11:220][145]LogSlate: FSceneViewport::OnFocusLost() reason 2
[2018.09.02-15.24.11:232][145]Cmd: OBJ SAVEPACKAGE PACKAGE="/Game/Mainmenu" FILE="../../../../../_SUMMER18/Speed Limit/Git/speed-limit/speed_limit/Content/Mainmenu.umap" SILENT=true AUTOSAVING=false KEEPDIRTY=false
[2018.09.02-15.24.11:523][145]LogSavePackage: Moving '../../../../../_SUMMER18/Speed Limit/Git/speed-limit/speed_limit/Saved/Mainmenu03CCB32C4BAA63B8BB8E63A08C29056D.tmp' to '../../../../../_SUMMER18/Speed Limit/Git/speed-limit/speed_limit/Content/Mainmenu.umap'
[2018.09.02-15.24.11:580][145]Cmd: OBJ SAVEPACKAGE PACKAGE="/Game/Mainmenu_BuiltData" FILE="../../../../../_SUMMER18/Speed Limit/Git/speed-limit/speed_limit/Content/Mainmenu_BuiltData.uasset" SILENT=true
[2018.09.02-15.24.12:248][145]LogSavePackage: Moving '../../../../../_SUMMER18/Speed Limit/Git/speed-limit/speed_limit/Saved/Mainmenu_BuiltData3D5E8835474169E37AC49EBB019A8AD2.tmp' to '../../../../../_SUMMER18/Speed Limit/Git/speed-limit/speed_limit/Content/Mainmenu_BuiltData.uasset'
[2018.09.02-15.24.12:601][159]LogSlate: FSceneViewport::OnFocusLost() reason 2
[2018.09.02-15.24.12:650][159]LogSavePackage: Moving '../../../../../_SUMMER18/Speed Limit/Git/speed-limit/speed_limit/Saved/CameraActor_BlueprintEFC2C6D44E680F78081AAD8561EFED2E.tmp' to '../../../../../_SUMMER18/Speed Limit/Git/speed-limit/speed_limit/Content/art/interface/CameraActor_Blueprint.uasset'
